============================= test session starts =============================
collecting ... collected 61 items

tests/test_collections_manager.py::TestIntegridade::test_get_projects_retorna_referencia_interna_mutavel ERROR [  1%]
tests/test_collections_manager.py::TestIntegridade::test_save_load_preserva_projetos_com_paths_unicode ERROR [  3%]
tests/test_collections_manager.py::TestIntegridade::test_save_load_preserva_multiplas_colecoes ERROR [  4%]
tests/test_collections_manager.py::TestDadosInvalidos::test_create_collection_com_apenas_espacos ERROR [  6%]
tests/test_collections_manager.py::TestDadosInvalidos::test_create_collection_nome_muito_longo ERROR [  8%]
tests/test_collections_manager.py::TestDadosInvalidos::test_add_project_path_vazio ERROR [  9%]
tests/test_collections_manager.py::TestDadosInvalidos::test_add_project_path_none ERROR [ 11%]
tests/test_collections_manager.py::TestDadosInvalidos::test_rename_para_nome_com_apenas_espacos ERROR [ 13%]
tests/test_collections_manager.py::TestDadosInvalidos::test_colecao_com_projeto_duplicado_via_arquivo_externo ERROR [ 14%]
tests/test_collections_manager.py::TestCorrupcao::test_collections_json_com_lista_em_vez_de_dict ERROR [ 16%]
tests/test_collections_manager.py::TestCorrupcao::test_collections_json_com_projeto_nao_string ERROR [ 18%]
tests/test_collections_manager.py::TestCorrupcao::test_arquivo_collections_sem_permissao_de_escrita ERROR [ 19%]
tests/test_collections_manager.py::TestCleanOrphans::test_clean_orphans_com_valid_paths_none ERROR [ 21%]
tests/test_collections_manager.py::TestCleanOrphans::test_clean_orphans_com_valid_paths_lista_em_vez_de_set ERROR [ 22%]
tests/test_database.py::TestIntegridade::test_set_project_retorna_referencia_real_nao_copia ERROR [ 24%]
tests/test_database.py::TestIntegridade::test_get_project_retorna_referencia_real_nao_copia ERROR [ 26%]
tests/test_database.py::TestIntegridade::test_all_projects_retorna_copia_profunda ERROR [ 27%]
tests/test_database.py::TestIntegridade::test_save_load_preserva_todos_os_campos ERROR [ 29%]
tests/test_database.py::TestCorrupcao::test_database_json_truncado_nao_trava ERROR [ 31%]
tests/test_database.py::TestCorrupcao::test_database_json_e_bak_ambos_corrompidos ERROR [ 32%]
tests/test_database.py::TestCorrupcao::test_database_json_vazio_nao_e_dict ERROR [ 34%]
tests/test_database.py::TestCorrupcao::test_config_sem_chave_folders_nao_quebra_app ERROR [ 36%]
tests/test_database.py::TestDadosInvalidos::test_set_project_com_path_vazio ERROR [ 37%]
tests/test_database.py::TestDadosInvalidos::test_set_project_com_data_none ERROR [ 39%]
tests/test_database.py::TestDadosInvalidos::test_set_project_com_data_nao_serializavel ERROR [ 40%]
tests/test_database.py::TestDadosInvalidos::test_remove_project_com_path_none ERROR [ 42%]
tests/test_database.py::TestDadosInvalidos::test_has_project_com_path_none ERROR [ 44%]
tests/test_database.py::TestDadosInvalidos::test_2000_projetos_save_load_integro ERROR [ 45%]
tests/test_database.py::TestBackup::test_restore_backup_corrompido_nao_entra_em_loop ERROR [ 47%]
tests/test_database.py::TestBackup::test_auto_backup_limita_quantidade ERROR [ 49%]
tests/test_project_scanner.py::TestScanProjects::test_scan_pasta_inexistente_nao_trava ERROR [ 50%]
tests/test_project_scanner.py::TestScanProjects::test_scan_com_folders_none_nao_trava ERROR [ 52%]
tests/test_project_scanner.py::TestScanProjects::test_scan_com_folders_lista_vazia ERROR [ 54%]
tests/test_project_scanner.py::TestScanProjects::test_scan_com_pasta_que_virou_arquivo ERROR [ 55%]
tests/test_project_scanner.py::TestScanProjects::test_scan_adiciona_apenas_diretorios_nao_arquivos ERROR [ 57%]
tests/test_project_scanner.py::TestScanProjects::test_scan_nao_readiciona_projetos_existentes ERROR [ 59%]
tests/test_project_scanner.py::TestScanProjects::test_scan_projeto_com_nome_unicode ERROR [ 60%]
tests/test_project_scanner.py::TestScanProjects::test_scan_preenche_todos_os_campos_obrigatorios ERROR [ 62%]
tests/test_project_scanner.py::TestScanProjects::test_scan_1000_projetos_performance ERROR [ 63%]
tests/test_project_scanner.py::TestExtractTags::test_nome_vazio_retorna_lista_vazia ERROR [ 65%]
tests/test_project_scanner.py::TestExtractTags::test_nome_none_nao_trava ERROR [ 67%]
tests/test_project_scanner.py::TestExtractTags::test_nome_so_numeros_retorna_lista_vazia ERROR [ 68%]
tests/test_project_scanner.py::TestExtractTags::test_nome_com_stopwords_puras_retorna_lista_vazia ERROR [ 70%]
tests/test_project_scanner.py::TestExtractTags::test_tags_nao_duplicadas ERROR [ 72%]
tests/test_project_scanner.py::TestExtractTags::test_maximo_5_tags_retornadas ERROR [ 73%]
tests/test_project_scanner.py::TestAnalyzeStructure::test_analyze_pasta_inexistente_retorna_estrutura_vazia ERROR [ 75%]
tests/test_project_scanner.py::TestAnalyzeStructure::test_analyze_conta_arquivos_corretamente ERROR [ 77%]
tests/test_project_scanner.py::TestAnalyzeStructure::test_analyze_projeto_vazio ERROR [ 78%]
tests/test_selection_controller.py::TestCallbacksNaoConectados::test_toggle_mode_sem_callbacks_nao_trava ERROR [ 80%]
tests/test_selection_controller.py::TestCallbacksNaoConectados::test_toggle_project_sem_callbacks_nao_trava ERROR [ 81%]
tests/test_selection_controller.py::TestCallbacksNaoConectados::test_select_all_sem_callbacks_nao_trava ERROR [ 83%]
tests/test_selection_controller.py::TestCallbacksNaoConectados::test_deselect_all_sem_callbacks_nao_trava ERROR [ 85%]
tests/test_selection_controller.py::TestRemocaoCritica::test_remove_projeto_que_nao_existe_no_database ERROR [ 86%]
tests/test_selection_controller.py::TestRemocaoCritica::test_remove_limpa_colecoes_do_projeto_removido ERROR [ 88%]
tests/test_selection_controller.py::TestRemocaoCritica::test_remove_nao_persiste_sem_confirmacao ERROR [ 90%]
tests/test_selection_controller.py::TestRemocaoCritica::test_remove_desativa_modo_selecao_apos_remocao ERROR [ 91%]
tests/test_selection_controller.py::TestRemocaoCritica::test_remove_com_selected_paths_modificado_durante_iteracao ERROR [ 93%]
tests/test_selection_controller.py::TestEstadoInconsistente::test_selected_paths_fora_do_modo_selecao ERROR [ 95%]
tests/test_selection_controller.py::TestEstadoInconsistente::test_toggle_project_com_path_none ERROR [ 96%]
tests/test_selection_controller.py::TestEstadoInconsistente::test_select_all_com_lista_vazia ERROR [ 98%]
tests/test_selection_controller.py::TestEstadoInconsistente::test_select_all_com_paths_duplicados ERROR [100%]

=================================== ERRORS ====================================
_ ERROR at setup of TestIntegridade.test_get_projects_retorna_referencia_interna_mutavel _
C:\Program Files\Python314\Lib\site-packages\_pytest\runner.py:353: in from_call
    result: TResult | None = func()
                             ^^^^^^
C:\Program Files\Python314\Lib\site-packages\_pytest\runner.py:245: in <lambda>
    lambda: runtest_hook(item=item, **kwds),
            ^^^^^^^^^^^^^^^^^^^^^^^^^^^^^^^
C:\Program Files\Python314\Lib\site-packages\pluggy\_hooks.py:512: in __call__
    return self._hookexec(self.name, self._hookimpls.copy(), kwargs, firstresult)
           ^^^^^^^^^^^^^^^^^^^^^^^^^^^^^^^^^^^^^^^^^^^^^^^^^^^^^^^^^^^^^^^^^^^^^^
C:\Program Files\Python314\Lib\site-packages\pluggy\_manager.py:120: in _hookexec
    return self._inner_hookexec(hook_name, methods, kwargs, firstresult)
           ^^^^^^^^^^^^^^^^^^^^^^^^^^^^^^^^^^^^^^^^^^^^^^^^^^^^^^^^^^^^^
C:\Program Files\Python314\Lib\site-packages\_pytest\logging.py:843: in pytest_runtest_setup
    yield
C:\Program Files\Python314\Lib\site-packages\_pytest\capture.py:895: in pytest_runtest_setup
    return (yield)
            ^^^^^
C:\Program Files\Python314\Lib\site-packages\_pytest\runner.py:165: in pytest_runtest_setup
    item.session._setupstate.setup(item)
C:\Program Files\Python314\Lib\site-packages\_pytest\runner.py:523: in setup
    col.setup()
C:\Program Files\Python314\Lib\site-packages\_pytest\python.py:1723: in setup
    self._request._fillfixtures()
C:\Program Files\Python314\Lib\site-packages\_pytest\fixtures.py:707: in _fillfixtures
    item.funcargs[argname] = self.getfixturevalue(argname)
                             ^^^^^^^^^^^^^^^^^^^^^^^^^^^^^
C:\Program Files\Python314\Lib\site-packages\_pytest\fixtures.py:539: in getfixturevalue
    fixturedef = self._get_active_fixturedef(argname)
                 ^^^^^^^^^^^^^^^^^^^^^^^^^^^^^^^^^^^^
C:\Program Files\Python314\Lib\site-packages\_pytest\fixtures.py:627: in _get_active_fixturedef
    fixturedef.execute(request=subrequest)
C:\Program Files\Python314\Lib\site-packages\_pytest\fixtures.py:1068: in execute
    fixturedef = request._get_active_fixturedef(argname)
                 ^^^^^^^^^^^^^^^^^^^^^^^^^^^^^^^^^^^^^^^
C:\Program Files\Python314\Lib\site-packages\_pytest\fixtures.py:627: in _get_active_fixturedef
    fixturedef.execute(request=subrequest)
C:\Program Files\Python314\Lib\site-packages\_pytest\fixtures.py:1110: in execute
    result: FixtureValue = ihook.pytest_fixture_setup(
C:\Program Files\Python314\Lib\site-packages\pluggy\_hooks.py:512: in __call__
    return self._hookexec(self.name, self._hookimpls.copy(), kwargs, firstresult)
           ^^^^^^^^^^^^^^^^^^^^^^^^^^^^^^^^^^^^^^^^^^^^^^^^^^^^^^^^^^^^^^^^^^^^^^
C:\Program Files\Python314\Lib\site-packages\pluggy\_manager.py:120: in _hookexec
    return self._inner_hookexec(hook_name, methods, kwargs, firstresult)
           ^^^^^^^^^^^^^^^^^^^^^^^^^^^^^^^^^^^^^^^^^^^^^^^^^^^^^^^^^^^^^
C:\Program Files\Python314\Lib\site-packages\pluggy\_callers.py:53: in run_old_style_hookwrapper
    return result.get_result()
           ^^^^^^^^^^^^^^^^^^^
C:\Program Files\Python314\Lib\site-packages\pluggy\_callers.py:38: in run_old_style_hookwrapper
    res = yield
          ^^^^^
C:\Program Files\Python314\Lib\site-packages\_pytest\setuponly.py:36: in pytest_fixture_setup
    return (yield)
            ^^^^^
C:\Program Files\Python314\Lib\site-packages\_pytest\fixtures.py:1202: in pytest_fixture_setup
    result = call_fixture_func(fixturefunc, request, kwargs)
             ^^^^^^^^^^^^^^^^^^^^^^^^^^^^^^^^^^^^^^^^^^^^^^^
C:\Program Files\Python314\Lib\site-packages\_pytest\fixtures.py:908: in call_fixture_func
    fixture_result = next(generator)
                     ^^^^^^^^^^^^^^^
C:\Program Files\Python314\Lib\site-packages\_pytest\tmpdir.py:267: in tmp_path
    path = _mk_tmp(request, tmp_path_factory)
           ^^^^^^^^^^^^^^^^^^^^^^^^^^^^^^^^^^
C:\Program Files\Python314\Lib\site-packages\_pytest\tmpdir.py:254: in _mk_tmp
    return factory.mktemp(name, numbered=True)
           ^^^^^^^^^^^^^^^^^^^^^^^^^^^^^^^^^^^
C:\Program Files\Python314\Lib\site-packages\_pytest\tmpdir.py:130: in mktemp
    basename = self._ensure_relative_to_basetemp(basename)
               ^^^^^^^^^^^^^^^^^^^^^^^^^^^^^^^^^^^^^^^^^^^
C:\Program Files\Python314\Lib\site-packages\_pytest\tmpdir.py:111: in _ensure_relative_to_basetemp
    if (self.getbasetemp() / basename).resolve().parent != self.getbasetemp():
        ^^^^^^^^^^^^^^^^^^
C:\Program Files\Python314\Lib\site-packages\_pytest\tmpdir.py:186: in getbasetemp
    basetemp = make_numbered_dir_with_cleanup(
C:\Program Files\Python314\Lib\site-packages\_pytest\pathlib.py:407: in make_numbered_dir_with_cleanup
    raise e
C:\Program Files\Python314\Lib\site-packages\_pytest\pathlib.py:388: in make_numbered_dir_with_cleanup
    p = make_numbered_dir(root, prefix, mode)
        ^^^^^^^^^^^^^^^^^^^^^^^^^^^^^^^^^^^^^
C:\Program Files\Python314\Lib\site-packages\_pytest\pathlib.py:229: in make_numbered_dir
    max_existing = max(map(parse_num, find_suffixes(root, prefix)), default=-1)
                   ^^^^^^^^^^^^^^^^^^^^^^^^^^^^^^^^^^^^^^^^^^^^^^^^^^^^^^^^^^^^
C:\Program Files\Python314\Lib\site-packages\_pytest\pathlib.py:188: in extract_suffixes
    for entry in iter:
                 ^^^^
C:\Program Files\Python314\Lib\site-packages\_pytest\pathlib.py:176: in find_prefixed
    for x in os.scandir(root):
             ^^^^^^^^^^^^^^^^
E   PermissionError: [WinError 5] Acesso negado: 'C:\\Users\\Ale e Mai\\AppData\\Local\\Temp\\pytest-of-Família Santiago'
_ ERROR at setup of TestIntegridade.test_save_load_preserva_projetos_com_paths_unicode _
C:\Program Files\Python314\Lib\site-packages\_pytest\runner.py:353: in from_call
    result: TResult | None = func()
                             ^^^^^^
C:\Program Files\Python314\Lib\site-packages\_pytest\runner.py:245: in <lambda>
    lambda: runtest_hook(item=item, **kwds),
            ^^^^^^^^^^^^^^^^^^^^^^^^^^^^^^^
C:\Program Files\Python314\Lib\site-packages\pluggy\_hooks.py:512: in __call__
    return self._hookexec(self.name, self._hookimpls.copy(), kwargs, firstresult)
           ^^^^^^^^^^^^^^^^^^^^^^^^^^^^^^^^^^^^^^^^^^^^^^^^^^^^^^^^^^^^^^^^^^^^^^
C:\Program Files\Python314\Lib\site-packages\pluggy\_manager.py:120: in _hookexec
    return self._inner_hookexec(hook_name, methods, kwargs, firstresult)
           ^^^^^^^^^^^^^^^^^^^^^^^^^^^^^^^^^^^^^^^^^^^^^^^^^^^^^^^^^^^^^
C:\Program Files\Python314\Lib\site-packages\_pytest\logging.py:843: in pytest_runtest_setup
    yield
C:\Program Files\Python314\Lib\site-packages\_pytest\capture.py:895: in pytest_runtest_setup
    return (yield)
            ^^^^^
C:\Program Files\Python314\Lib\site-packages\_pytest\runner.py:165: in pytest_runtest_setup
    item.session._setupstate.setup(item)
C:\Program Files\Python314\Lib\site-packages\_pytest\runner.py:523: in setup
    col.setup()
C:\Program Files\Python314\Lib\site-packages\_pytest\python.py:1723: in setup
    self._request._fillfixtures()
C:\Program Files\Python314\Lib\site-packages\_pytest\fixtures.py:707: in _fillfixtures
    item.funcargs[argname] = self.getfixturevalue(argname)
                             ^^^^^^^^^^^^^^^^^^^^^^^^^^^^^
C:\Program Files\Python314\Lib\site-packages\_pytest\fixtures.py:539: in getfixturevalue
    fixturedef = self._get_active_fixturedef(argname)
                 ^^^^^^^^^^^^^^^^^^^^^^^^^^^^^^^^^^^^
C:\Program Files\Python314\Lib\site-packages\_pytest\fixtures.py:627: in _get_active_fixturedef
    fixturedef.execute(request=subrequest)
C:\Program Files\Python314\Lib\site-packages\_pytest\fixtures.py:1068: in execute
    fixturedef = request._get_active_fixturedef(argname)
                 ^^^^^^^^^^^^^^^^^^^^^^^^^^^^^^^^^^^^^^^
C:\Program Files\Python314\Lib\site-packages\_pytest\fixtures.py:627: in _get_active_fixturedef
    fixturedef.execute(request=subrequest)
C:\Program Files\Python314\Lib\site-packages\_pytest\fixtures.py:1110: in execute
    result: FixtureValue = ihook.pytest_fixture_setup(
C:\Program Files\Python314\Lib\site-packages\pluggy\_hooks.py:512: in __call__
    return self._hookexec(self.name, self._hookimpls.copy(), kwargs, firstresult)
           ^^^^^^^^^^^^^^^^^^^^^^^^^^^^^^^^^^^^^^^^^^^^^^^^^^^^^^^^^^^^^^^^^^^^^^
C:\Program Files\Python314\Lib\site-packages\pluggy\_manager.py:120: in _hookexec
    return self._inner_hookexec(hook_name, methods, kwargs, firstresult)
           ^^^^^^^^^^^^^^^^^^^^^^^^^^^^^^^^^^^^^^^^^^^^^^^^^^^^^^^^^^^^^
C:\Program Files\Python314\Lib\site-packages\pluggy\_callers.py:53: in run_old_style_hookwrapper
    return result.get_result()
           ^^^^^^^^^^^^^^^^^^^
C:\Program Files\Python314\Lib\site-packages\pluggy\_callers.py:38: in run_old_style_hookwrapper
    res = yield
          ^^^^^
C:\Program Files\Python314\Lib\site-packages\_pytest\setuponly.py:36: in pytest_fixture_setup
    return (yield)
            ^^^^^
C:\Program Files\Python314\Lib\site-packages\_pytest\fixtures.py:1202: in pytest_fixture_setup
    result = call_fixture_func(fixturefunc, request, kwargs)
             ^^^^^^^^^^^^^^^^^^^^^^^^^^^^^^^^^^^^^^^^^^^^^^^
C:\Program Files\Python314\Lib\site-packages\_pytest\fixtures.py:908: in call_fixture_func
    fixture_result = next(generator)
                     ^^^^^^^^^^^^^^^
C:\Program Files\Python314\Lib\site-packages\_pytest\tmpdir.py:267: in tmp_path
    path = _mk_tmp(request, tmp_path_factory)
           ^^^^^^^^^^^^^^^^^^^^^^^^^^^^^^^^^^
C:\Program Files\Python314\Lib\site-packages\_pytest\tmpdir.py:254: in _mk_tmp
    return factory.mktemp(name, numbered=True)
           ^^^^^^^^^^^^^^^^^^^^^^^^^^^^^^^^^^^
C:\Program Files\Python314\Lib\site-packages\_pytest\tmpdir.py:130: in mktemp
    basename = self._ensure_relative_to_basetemp(basename)
               ^^^^^^^^^^^^^^^^^^^^^^^^^^^^^^^^^^^^^^^^^^^
C:\Program Files\Python314\Lib\site-packages\_pytest\tmpdir.py:111: in _ensure_relative_to_basetemp
    if (self.getbasetemp() / basename).resolve().parent != self.getbasetemp():
        ^^^^^^^^^^^^^^^^^^
C:\Program Files\Python314\Lib\site-packages\_pytest\tmpdir.py:186: in getbasetemp
    basetemp = make_numbered_dir_with_cleanup(
C:\Program Files\Python314\Lib\site-packages\_pytest\pathlib.py:407: in make_numbered_dir_with_cleanup
    raise e
C:\Program Files\Python314\Lib\site-packages\_pytest\pathlib.py:388: in make_numbered_dir_with_cleanup
    p = make_numbered_dir(root, prefix, mode)
        ^^^^^^^^^^^^^^^^^^^^^^^^^^^^^^^^^^^^^
C:\Program Files\Python314\Lib\site-packages\_pytest\pathlib.py:229: in make_numbered_dir
    max_existing = max(map(parse_num, find_suffixes(root, prefix)), default=-1)
                   ^^^^^^^^^^^^^^^^^^^^^^^^^^^^^^^^^^^^^^^^^^^^^^^^^^^^^^^^^^^^
C:\Program Files\Python314\Lib\site-packages\_pytest\pathlib.py:188: in extract_suffixes
    for entry in iter:
                 ^^^^
C:\Program Files\Python314\Lib\site-packages\_pytest\pathlib.py:176: in find_prefixed
    for x in os.scandir(root):
             ^^^^^^^^^^^^^^^^
E   PermissionError: [WinError 5] Acesso negado: 'C:\\Users\\Ale e Mai\\AppData\\Local\\Temp\\pytest-of-Família Santiago'
_ ERROR at setup of TestIntegridade.test_save_load_preserva_multiplas_colecoes _
C:\Program Files\Python314\Lib\site-packages\_pytest\runner.py:353: in from_call
    result: TResult | None = func()
                             ^^^^^^
C:\Program Files\Python314\Lib\site-packages\_pytest\runner.py:245: in <lambda>
    lambda: runtest_hook(item=item, **kwds),
            ^^^^^^^^^^^^^^^^^^^^^^^^^^^^^^^
C:\Program Files\Python314\Lib\site-packages\pluggy\_hooks.py:512: in __call__
    return self._hookexec(self.name, self._hookimpls.copy(), kwargs, firstresult)
           ^^^^^^^^^^^^^^^^^^^^^^^^^^^^^^^^^^^^^^^^^^^^^^^^^^^^^^^^^^^^^^^^^^^^^^
C:\Program Files\Python314\Lib\site-packages\pluggy\_manager.py:120: in _hookexec
    return self._inner_hookexec(hook_name, methods, kwargs, firstresult)
           ^^^^^^^^^^^^^^^^^^^^^^^^^^^^^^^^^^^^^^^^^^^^^^^^^^^^^^^^^^^^^
C:\Program Files\Python314\Lib\site-packages\_pytest\logging.py:843: in pytest_runtest_setup
    yield
C:\Program Files\Python314\Lib\site-packages\_pytest\capture.py:895: in pytest_runtest_setup
    return (yield)
            ^^^^^
C:\Program Files\Python314\Lib\site-packages\_pytest\runner.py:165: in pytest_runtest_setup
    item.session._setupstate.setup(item)
C:\Program Files\Python314\Lib\site-packages\_pytest\runner.py:523: in setup
    col.setup()
C:\Program Files\Python314\Lib\site-packages\_pytest\python.py:1723: in setup
    self._request._fillfixtures()
C:\Program Files\Python314\Lib\site-packages\_pytest\fixtures.py:707: in _fillfixtures
    item.funcargs[argname] = self.getfixturevalue(argname)
                             ^^^^^^^^^^^^^^^^^^^^^^^^^^^^^
C:\Program Files\Python314\Lib\site-packages\_pytest\fixtures.py:539: in getfixturevalue
    fixturedef = self._get_active_fixturedef(argname)
                 ^^^^^^^^^^^^^^^^^^^^^^^^^^^^^^^^^^^^
C:\Program Files\Python314\Lib\site-packages\_pytest\fixtures.py:627: in _get_active_fixturedef
    fixturedef.execute(request=subrequest)
C:\Program Files\Python314\Lib\site-packages\_pytest\fixtures.py:1068: in execute
    fixturedef = request._get_active_fixturedef(argname)
                 ^^^^^^^^^^^^^^^^^^^^^^^^^^^^^^^^^^^^^^^
C:\Program Files\Python314\Lib\site-packages\_pytest\fixtures.py:627: in _get_active_fixturedef
    fixturedef.execute(request=subrequest)
C:\Program Files\Python314\Lib\site-packages\_pytest\fixtures.py:1110: in execute
    result: FixtureValue = ihook.pytest_fixture_setup(
C:\Program Files\Python314\Lib\site-packages\pluggy\_hooks.py:512: in __call__
    return self._hookexec(self.name, self._hookimpls.copy(), kwargs, firstresult)
           ^^^^^^^^^^^^^^^^^^^^^^^^^^^^^^^^^^^^^^^^^^^^^^^^^^^^^^^^^^^^^^^^^^^^^^
C:\Program Files\Python314\Lib\site-packages\pluggy\_manager.py:120: in _hookexec
    return self._inner_hookexec(hook_name, methods, kwargs, firstresult)
           ^^^^^^^^^^^^^^^^^^^^^^^^^^^^^^^^^^^^^^^^^^^^^^^^^^^^^^^^^^^^^
C:\Program Files\Python314\Lib\site-packages\pluggy\_callers.py:53: in run_old_style_hookwrapper
    return result.get_result()
           ^^^^^^^^^^^^^^^^^^^
C:\Program Files\Python314\Lib\site-packages\pluggy\_callers.py:38: in run_old_style_hookwrapper
    res = yield
          ^^^^^
C:\Program Files\Python314\Lib\site-packages\_pytest\setuponly.py:36: in pytest_fixture_setup
    return (yield)
            ^^^^^
C:\Program Files\Python314\Lib\site-packages\_pytest\fixtures.py:1202: in pytest_fixture_setup
    result = call_fixture_func(fixturefunc, request, kwargs)
             ^^^^^^^^^^^^^^^^^^^^^^^^^^^^^^^^^^^^^^^^^^^^^^^
C:\Program Files\Python314\Lib\site-packages\_pytest\fixtures.py:908: in call_fixture_func
    fixture_result = next(generator)
                     ^^^^^^^^^^^^^^^
C:\Program Files\Python314\Lib\site-packages\_pytest\tmpdir.py:267: in tmp_path
    path = _mk_tmp(request, tmp_path_factory)
           ^^^^^^^^^^^^^^^^^^^^^^^^^^^^^^^^^^
C:\Program Files\Python314\Lib\site-packages\_pytest\tmpdir.py:254: in _mk_tmp
    return factory.mktemp(name, numbered=True)
           ^^^^^^^^^^^^^^^^^^^^^^^^^^^^^^^^^^^
C:\Program Files\Python314\Lib\site-packages\_pytest\tmpdir.py:130: in mktemp
    basename = self._ensure_relative_to_basetemp(basename)
               ^^^^^^^^^^^^^^^^^^^^^^^^^^^^^^^^^^^^^^^^^^^
C:\Program Files\Python314\Lib\site-packages\_pytest\tmpdir.py:111: in _ensure_relative_to_basetemp
    if (self.getbasetemp() / basename).resolve().parent != self.getbasetemp():
        ^^^^^^^^^^^^^^^^^^
C:\Program Files\Python314\Lib\site-packages\_pytest\tmpdir.py:186: in getbasetemp
    basetemp = make_numbered_dir_with_cleanup(
C:\Program Files\Python314\Lib\site-packages\_pytest\pathlib.py:407: in make_numbered_dir_with_cleanup
    raise e
C:\Program Files\Python314\Lib\site-packages\_pytest\pathlib.py:388: in make_numbered_dir_with_cleanup
    p = make_numbered_dir(root, prefix, mode)
        ^^^^^^^^^^^^^^^^^^^^^^^^^^^^^^^^^^^^^
C:\Program Files\Python314\Lib\site-packages\_pytest\pathlib.py:229: in make_numbered_dir
    max_existing = max(map(parse_num, find_suffixes(root, prefix)), default=-1)
                   ^^^^^^^^^^^^^^^^^^^^^^^^^^^^^^^^^^^^^^^^^^^^^^^^^^^^^^^^^^^^
C:\Program Files\Python314\Lib\site-packages\_pytest\pathlib.py:188: in extract_suffixes
    for entry in iter:
                 ^^^^
C:\Program Files\Python314\Lib\site-packages\_pytest\pathlib.py:176: in find_prefixed
    for x in os.scandir(root):
             ^^^^^^^^^^^^^^^^
E   PermissionError: [WinError 5] Acesso negado: 'C:\\Users\\Ale e Mai\\AppData\\Local\\Temp\\pytest-of-Família Santiago'
_ ERROR at setup of TestDadosInvalidos.test_create_collection_com_apenas_espacos _
C:\Program Files\Python314\Lib\site-packages\_pytest\runner.py:353: in from_call
    result: TResult | None = func()
                             ^^^^^^
C:\Program Files\Python314\Lib\site-packages\_pytest\runner.py:245: in <lambda>
    lambda: runtest_hook(item=item, **kwds),
            ^^^^^^^^^^^^^^^^^^^^^^^^^^^^^^^
C:\Program Files\Python314\Lib\site-packages\pluggy\_hooks.py:512: in __call__
    return self._hookexec(self.name, self._hookimpls.copy(), kwargs, firstresult)
           ^^^^^^^^^^^^^^^^^^^^^^^^^^^^^^^^^^^^^^^^^^^^^^^^^^^^^^^^^^^^^^^^^^^^^^
C:\Program Files\Python314\Lib\site-packages\pluggy\_manager.py:120: in _hookexec
    return self._inner_hookexec(hook_name, methods, kwargs, firstresult)
           ^^^^^^^^^^^^^^^^^^^^^^^^^^^^^^^^^^^^^^^^^^^^^^^^^^^^^^^^^^^^^
C:\Program Files\Python314\Lib\site-packages\_pytest\logging.py:843: in pytest_runtest_setup
    yield
C:\Program Files\Python314\Lib\site-packages\_pytest\capture.py:895: in pytest_runtest_setup
    return (yield)
            ^^^^^
C:\Program Files\Python314\Lib\site-packages\_pytest\runner.py:165: in pytest_runtest_setup
    item.session._setupstate.setup(item)
C:\Program Files\Python314\Lib\site-packages\_pytest\runner.py:523: in setup
    col.setup()
C:\Program Files\Python314\Lib\site-packages\_pytest\python.py:1723: in setup
    self._request._fillfixtures()
C:\Program Files\Python314\Lib\site-packages\_pytest\fixtures.py:707: in _fillfixtures
    item.funcargs[argname] = self.getfixturevalue(argname)
                             ^^^^^^^^^^^^^^^^^^^^^^^^^^^^^
C:\Program Files\Python314\Lib\site-packages\_pytest\fixtures.py:539: in getfixturevalue
    fixturedef = self._get_active_fixturedef(argname)
                 ^^^^^^^^^^^^^^^^^^^^^^^^^^^^^^^^^^^^
C:\Program Files\Python314\Lib\site-packages\_pytest\fixtures.py:627: in _get_active_fixturedef
    fixturedef.execute(request=subrequest)
C:\Program Files\Python314\Lib\site-packages\_pytest\fixtures.py:1068: in execute
    fixturedef = request._get_active_fixturedef(argname)
                 ^^^^^^^^^^^^^^^^^^^^^^^^^^^^^^^^^^^^^^^
C:\Program Files\Python314\Lib\site-packages\_pytest\fixtures.py:627: in _get_active_fixturedef
    fixturedef.execute(request=subrequest)
C:\Program Files\Python314\Lib\site-packages\_pytest\fixtures.py:1110: in execute
    result: FixtureValue = ihook.pytest_fixture_setup(
C:\Program Files\Python314\Lib\site-packages\pluggy\_hooks.py:512: in __call__
    return self._hookexec(self.name, self._hookimpls.copy(), kwargs, firstresult)
           ^^^^^^^^^^^^^^^^^^^^^^^^^^^^^^^^^^^^^^^^^^^^^^^^^^^^^^^^^^^^^^^^^^^^^^
C:\Program Files\Python314\Lib\site-packages\pluggy\_manager.py:120: in _hookexec
    return self._inner_hookexec(hook_name, methods, kwargs, firstresult)
           ^^^^^^^^^^^^^^^^^^^^^^^^^^^^^^^^^^^^^^^^^^^^^^^^^^^^^^^^^^^^^
C:\Program Files\Python314\Lib\site-packages\pluggy\_callers.py:53: in run_old_style_hookwrapper
    return result.get_result()
           ^^^^^^^^^^^^^^^^^^^
C:\Program Files\Python314\Lib\site-packages\pluggy\_callers.py:38: in run_old_style_hookwrapper
    res = yield
          ^^^^^
C:\Program Files\Python314\Lib\site-packages\_pytest\setuponly.py:36: in pytest_fixture_setup
    return (yield)
            ^^^^^
C:\Program Files\Python314\Lib\site-packages\_pytest\fixtures.py:1202: in pytest_fixture_setup
    result = call_fixture_func(fixturefunc, request, kwargs)
             ^^^^^^^^^^^^^^^^^^^^^^^^^^^^^^^^^^^^^^^^^^^^^^^
C:\Program Files\Python314\Lib\site-packages\_pytest\fixtures.py:908: in call_fixture_func
    fixture_result = next(generator)
                     ^^^^^^^^^^^^^^^
C:\Program Files\Python314\Lib\site-packages\_pytest\tmpdir.py:267: in tmp_path
    path = _mk_tmp(request, tmp_path_factory)
           ^^^^^^^^^^^^^^^^^^^^^^^^^^^^^^^^^^
C:\Program Files\Python314\Lib\site-packages\_pytest\tmpdir.py:254: in _mk_tmp
    return factory.mktemp(name, numbered=True)
           ^^^^^^^^^^^^^^^^^^^^^^^^^^^^^^^^^^^
C:\Program Files\Python314\Lib\site-packages\_pytest\tmpdir.py:130: in mktemp
    basename = self._ensure_relative_to_basetemp(basename)
               ^^^^^^^^^^^^^^^^^^^^^^^^^^^^^^^^^^^^^^^^^^^
C:\Program Files\Python314\Lib\site-packages\_pytest\tmpdir.py:111: in _ensure_relative_to_basetemp
    if (self.getbasetemp() / basename).resolve().parent != self.getbasetemp():
        ^^^^^^^^^^^^^^^^^^
C:\Program Files\Python314\Lib\site-packages\_pytest\tmpdir.py:186: in getbasetemp
    basetemp = make_numbered_dir_with_cleanup(
C:\Program Files\Python314\Lib\site-packages\_pytest\pathlib.py:407: in make_numbered_dir_with_cleanup
    raise e
C:\Program Files\Python314\Lib\site-packages\_pytest\pathlib.py:388: in make_numbered_dir_with_cleanup
    p = make_numbered_dir(root, prefix, mode)
        ^^^^^^^^^^^^^^^^^^^^^^^^^^^^^^^^^^^^^
C:\Program Files\Python314\Lib\site-packages\_pytest\pathlib.py:229: in make_numbered_dir
    max_existing = max(map(parse_num, find_suffixes(root, prefix)), default=-1)
                   ^^^^^^^^^^^^^^^^^^^^^^^^^^^^^^^^^^^^^^^^^^^^^^^^^^^^^^^^^^^^
C:\Program Files\Python314\Lib\site-packages\_pytest\pathlib.py:188: in extract_suffixes
    for entry in iter:
                 ^^^^
C:\Program Files\Python314\Lib\site-packages\_pytest\pathlib.py:176: in find_prefixed
    for x in os.scandir(root):
             ^^^^^^^^^^^^^^^^
E   PermissionError: [WinError 5] Acesso negado: 'C:\\Users\\Ale e Mai\\AppData\\Local\\Temp\\pytest-of-Família Santiago'
_ ERROR at setup of TestDadosInvalidos.test_create_collection_nome_muito_longo _
C:\Program Files\Python314\Lib\site-packages\_pytest\runner.py:353: in from_call
    result: TResult | None = func()
                             ^^^^^^
C:\Program Files\Python314\Lib\site-packages\_pytest\runner.py:245: in <lambda>
    lambda: runtest_hook(item=item, **kwds),
            ^^^^^^^^^^^^^^^^^^^^^^^^^^^^^^^
C:\Program Files\Python314\Lib\site-packages\pluggy\_hooks.py:512: in __call__
    return self._hookexec(self.name, self._hookimpls.copy(), kwargs, firstresult)
           ^^^^^^^^^^^^^^^^^^^^^^^^^^^^^^^^^^^^^^^^^^^^^^^^^^^^^^^^^^^^^^^^^^^^^^
C:\Program Files\Python314\Lib\site-packages\pluggy\_manager.py:120: in _hookexec
    return self._inner_hookexec(hook_name, methods, kwargs, firstresult)
           ^^^^^^^^^^^^^^^^^^^^^^^^^^^^^^^^^^^^^^^^^^^^^^^^^^^^^^^^^^^^^
C:\Program Files\Python314\Lib\site-packages\_pytest\logging.py:843: in pytest_runtest_setup
    yield
C:\Program Files\Python314\Lib\site-packages\_pytest\capture.py:895: in pytest_runtest_setup
    return (yield)
            ^^^^^
C:\Program Files\Python314\Lib\site-packages\_pytest\runner.py:165: in pytest_runtest_setup
    item.session._setupstate.setup(item)
C:\Program Files\Python314\Lib\site-packages\_pytest\runner.py:523: in setup
    col.setup()
C:\Program Files\Python314\Lib\site-packages\_pytest\python.py:1723: in setup
    self._request._fillfixtures()
C:\Program Files\Python314\Lib\site-packages\_pytest\fixtures.py:707: in _fillfixtures
    item.funcargs[argname] = self.getfixturevalue(argname)
                             ^^^^^^^^^^^^^^^^^^^^^^^^^^^^^
C:\Program Files\Python314\Lib\site-packages\_pytest\fixtures.py:539: in getfixturevalue
    fixturedef = self._get_active_fixturedef(argname)
                 ^^^^^^^^^^^^^^^^^^^^^^^^^^^^^^^^^^^^
C:\Program Files\Python314\Lib\site-packages\_pytest\fixtures.py:627: in _get_active_fixturedef
    fixturedef.execute(request=subrequest)
C:\Program Files\Python314\Lib\site-packages\_pytest\fixtures.py:1068: in execute
    fixturedef = request._get_active_fixturedef(argname)
                 ^^^^^^^^^^^^^^^^^^^^^^^^^^^^^^^^^^^^^^^
C:\Program Files\Python314\Lib\site-packages\_pytest\fixtures.py:627: in _get_active_fixturedef
    fixturedef.execute(request=subrequest)
C:\Program Files\Python314\Lib\site-packages\_pytest\fixtures.py:1110: in execute
    result: FixtureValue = ihook.pytest_fixture_setup(
C:\Program Files\Python314\Lib\site-packages\pluggy\_hooks.py:512: in __call__
    return self._hookexec(self.name, self._hookimpls.copy(), kwargs, firstresult)
           ^^^^^^^^^^^^^^^^^^^^^^^^^^^^^^^^^^^^^^^^^^^^^^^^^^^^^^^^^^^^^^^^^^^^^^
C:\Program Files\Python314\Lib\site-packages\pluggy\_manager.py:120: in _hookexec
    return self._inner_hookexec(hook_name, methods, kwargs, firstresult)
           ^^^^^^^^^^^^^^^^^^^^^^^^^^^^^^^^^^^^^^^^^^^^^^^^^^^^^^^^^^^^^
C:\Program Files\Python314\Lib\site-packages\pluggy\_callers.py:53: in run_old_style_hookwrapper
    return result.get_result()
           ^^^^^^^^^^^^^^^^^^^
C:\Program Files\Python314\Lib\site-packages\pluggy\_callers.py:38: in run_old_style_hookwrapper
    res = yield
          ^^^^^
C:\Program Files\Python314\Lib\site-packages\_pytest\setuponly.py:36: in pytest_fixture_setup
    return (yield)
            ^^^^^
C:\Program Files\Python314\Lib\site-packages\_pytest\fixtures.py:1202: in pytest_fixture_setup
    result = call_fixture_func(fixturefunc, request, kwargs)
             ^^^^^^^^^^^^^^^^^^^^^^^^^^^^^^^^^^^^^^^^^^^^^^^
C:\Program Files\Python314\Lib\site-packages\_pytest\fixtures.py:908: in call_fixture_func
    fixture_result = next(generator)
                     ^^^^^^^^^^^^^^^
C:\Program Files\Python314\Lib\site-packages\_pytest\tmpdir.py:267: in tmp_path
    path = _mk_tmp(request, tmp_path_factory)
           ^^^^^^^^^^^^^^^^^^^^^^^^^^^^^^^^^^
C:\Program Files\Python314\Lib\site-packages\_pytest\tmpdir.py:254: in _mk_tmp
    return factory.mktemp(name, numbered=True)
           ^^^^^^^^^^^^^^^^^^^^^^^^^^^^^^^^^^^
C:\Program Files\Python314\Lib\site-packages\_pytest\tmpdir.py:130: in mktemp
    basename = self._ensure_relative_to_basetemp(basename)
               ^^^^^^^^^^^^^^^^^^^^^^^^^^^^^^^^^^^^^^^^^^^
C:\Program Files\Python314\Lib\site-packages\_pytest\tmpdir.py:111: in _ensure_relative_to_basetemp
    if (self.getbasetemp() / basename).resolve().parent != self.getbasetemp():
        ^^^^^^^^^^^^^^^^^^
C:\Program Files\Python314\Lib\site-packages\_pytest\tmpdir.py:186: in getbasetemp
    basetemp = make_numbered_dir_with_cleanup(
C:\Program Files\Python314\Lib\site-packages\_pytest\pathlib.py:407: in make_numbered_dir_with_cleanup
    raise e
C:\Program Files\Python314\Lib\site-packages\_pytest\pathlib.py:388: in make_numbered_dir_with_cleanup
    p = make_numbered_dir(root, prefix, mode)
        ^^^^^^^^^^^^^^^^^^^^^^^^^^^^^^^^^^^^^
C:\Program Files\Python314\Lib\site-packages\_pytest\pathlib.py:229: in make_numbered_dir
    max_existing = max(map(parse_num, find_suffixes(root, prefix)), default=-1)
                   ^^^^^^^^^^^^^^^^^^^^^^^^^^^^^^^^^^^^^^^^^^^^^^^^^^^^^^^^^^^^
C:\Program Files\Python314\Lib\site-packages\_pytest\pathlib.py:188: in extract_suffixes
    for entry in iter:
                 ^^^^
C:\Program Files\Python314\Lib\site-packages\_pytest\pathlib.py:176: in find_prefixed
    for x in os.scandir(root):
             ^^^^^^^^^^^^^^^^
E   PermissionError: [WinError 5] Acesso negado: 'C:\\Users\\Ale e Mai\\AppData\\Local\\Temp\\pytest-of-Família Santiago'
______ ERROR at setup of TestDadosInvalidos.test_add_project_path_vazio _______
C:\Program Files\Python314\Lib\site-packages\_pytest\runner.py:353: in from_call
    result: TResult | None = func()
                             ^^^^^^
C:\Program Files\Python314\Lib\site-packages\_pytest\runner.py:245: in <lambda>
    lambda: runtest_hook(item=item, **kwds),
            ^^^^^^^^^^^^^^^^^^^^^^^^^^^^^^^
C:\Program Files\Python314\Lib\site-packages\pluggy\_hooks.py:512: in __call__
    return self._hookexec(self.name, self._hookimpls.copy(), kwargs, firstresult)
           ^^^^^^^^^^^^^^^^^^^^^^^^^^^^^^^^^^^^^^^^^^^^^^^^^^^^^^^^^^^^^^^^^^^^^^
C:\Program Files\Python314\Lib\site-packages\pluggy\_manager.py:120: in _hookexec
    return self._inner_hookexec(hook_name, methods, kwargs, firstresult)
           ^^^^^^^^^^^^^^^^^^^^^^^^^^^^^^^^^^^^^^^^^^^^^^^^^^^^^^^^^^^^^
C:\Program Files\Python314\Lib\site-packages\_pytest\logging.py:843: in pytest_runtest_setup
    yield
C:\Program Files\Python314\Lib\site-packages\_pytest\capture.py:895: in pytest_runtest_setup
    return (yield)
            ^^^^^
C:\Program Files\Python314\Lib\site-packages\_pytest\runner.py:165: in pytest_runtest_setup
    item.session._setupstate.setup(item)
C:\Program Files\Python314\Lib\site-packages\_pytest\runner.py:523: in setup
    col.setup()
C:\Program Files\Python314\Lib\site-packages\_pytest\python.py:1723: in setup
    self._request._fillfixtures()
C:\Program Files\Python314\Lib\site-packages\_pytest\fixtures.py:707: in _fillfixtures
    item.funcargs[argname] = self.getfixturevalue(argname)
                             ^^^^^^^^^^^^^^^^^^^^^^^^^^^^^
C:\Program Files\Python314\Lib\site-packages\_pytest\fixtures.py:539: in getfixturevalue
    fixturedef = self._get_active_fixturedef(argname)
                 ^^^^^^^^^^^^^^^^^^^^^^^^^^^^^^^^^^^^
C:\Program Files\Python314\Lib\site-packages\_pytest\fixtures.py:627: in _get_active_fixturedef
    fixturedef.execute(request=subrequest)
C:\Program Files\Python314\Lib\site-packages\_pytest\fixtures.py:1068: in execute
    fixturedef = request._get_active_fixturedef(argname)
                 ^^^^^^^^^^^^^^^^^^^^^^^^^^^^^^^^^^^^^^^
C:\Program Files\Python314\Lib\site-packages\_pytest\fixtures.py:627: in _get_active_fixturedef
    fixturedef.execute(request=subrequest)
C:\Program Files\Python314\Lib\site-packages\_pytest\fixtures.py:1110: in execute
    result: FixtureValue = ihook.pytest_fixture_setup(
C:\Program Files\Python314\Lib\site-packages\pluggy\_hooks.py:512: in __call__
    return self._hookexec(self.name, self._hookimpls.copy(), kwargs, firstresult)
           ^^^^^^^^^^^^^^^^^^^^^^^^^^^^^^^^^^^^^^^^^^^^^^^^^^^^^^^^^^^^^^^^^^^^^^
C:\Program Files\Python314\Lib\site-packages\pluggy\_manager.py:120: in _hookexec
    return self._inner_hookexec(hook_name, methods, kwargs, firstresult)
           ^^^^^^^^^^^^^^^^^^^^^^^^^^^^^^^^^^^^^^^^^^^^^^^^^^^^^^^^^^^^^
C:\Program Files\Python314\Lib\site-packages\pluggy\_callers.py:53: in run_old_style_hookwrapper
    return result.get_result()
           ^^^^^^^^^^^^^^^^^^^
C:\Program Files\Python314\Lib\site-packages\pluggy\_callers.py:38: in run_old_style_hookwrapper
    res = yield
          ^^^^^
C:\Program Files\Python314\Lib\site-packages\_pytest\setuponly.py:36: in pytest_fixture_setup
    return (yield)
            ^^^^^
C:\Program Files\Python314\Lib\site-packages\_pytest\fixtures.py:1202: in pytest_fixture_setup
    result = call_fixture_func(fixturefunc, request, kwargs)
             ^^^^^^^^^^^^^^^^^^^^^^^^^^^^^^^^^^^^^^^^^^^^^^^
C:\Program Files\Python314\Lib\site-packages\_pytest\fixtures.py:908: in call_fixture_func
    fixture_result = next(generator)
                     ^^^^^^^^^^^^^^^
C:\Program Files\Python314\Lib\site-packages\_pytest\tmpdir.py:267: in tmp_path
    path = _mk_tmp(request, tmp_path_factory)
           ^^^^^^^^^^^^^^^^^^^^^^^^^^^^^^^^^^
C:\Program Files\Python314\Lib\site-packages\_pytest\tmpdir.py:254: in _mk_tmp
    return factory.mktemp(name, numbered=True)
           ^^^^^^^^^^^^^^^^^^^^^^^^^^^^^^^^^^^
C:\Program Files\Python314\Lib\site-packages\_pytest\tmpdir.py:130: in mktemp
    basename = self._ensure_relative_to_basetemp(basename)
               ^^^^^^^^^^^^^^^^^^^^^^^^^^^^^^^^^^^^^^^^^^^
C:\Program Files\Python314\Lib\site-packages\_pytest\tmpdir.py:111: in _ensure_relative_to_basetemp
    if (self.getbasetemp() / basename).resolve().parent != self.getbasetemp():
        ^^^^^^^^^^^^^^^^^^
C:\Program Files\Python314\Lib\site-packages\_pytest\tmpdir.py:186: in getbasetemp
    basetemp = make_numbered_dir_with_cleanup(
C:\Program Files\Python314\Lib\site-packages\_pytest\pathlib.py:407: in make_numbered_dir_with_cleanup
    raise e
C:\Program Files\Python314\Lib\site-packages\_pytest\pathlib.py:388: in make_numbered_dir_with_cleanup
    p = make_numbered_dir(root, prefix, mode)
        ^^^^^^^^^^^^^^^^^^^^^^^^^^^^^^^^^^^^^
C:\Program Files\Python314\Lib\site-packages\_pytest\pathlib.py:229: in make_numbered_dir
    max_existing = max(map(parse_num, find_suffixes(root, prefix)), default=-1)
                   ^^^^^^^^^^^^^^^^^^^^^^^^^^^^^^^^^^^^^^^^^^^^^^^^^^^^^^^^^^^^
C:\Program Files\Python314\Lib\site-packages\_pytest\pathlib.py:188: in extract_suffixes
    for entry in iter:
                 ^^^^
C:\Program Files\Python314\Lib\site-packages\_pytest\pathlib.py:176: in find_prefixed
    for x in os.scandir(root):
             ^^^^^^^^^^^^^^^^
E   PermissionError: [WinError 5] Acesso negado: 'C:\\Users\\Ale e Mai\\AppData\\Local\\Temp\\pytest-of-Família Santiago'
_______ ERROR at setup of TestDadosInvalidos.test_add_project_path_none _______
C:\Program Files\Python314\Lib\site-packages\_pytest\runner.py:353: in from_call
    result: TResult | None = func()
                             ^^^^^^
C:\Program Files\Python314\Lib\site-packages\_pytest\runner.py:245: in <lambda>
    lambda: runtest_hook(item=item, **kwds),
            ^^^^^^^^^^^^^^^^^^^^^^^^^^^^^^^
C:\Program Files\Python314\Lib\site-packages\pluggy\_hooks.py:512: in __call__
    return self._hookexec(self.name, self._hookimpls.copy(), kwargs, firstresult)
           ^^^^^^^^^^^^^^^^^^^^^^^^^^^^^^^^^^^^^^^^^^^^^^^^^^^^^^^^^^^^^^^^^^^^^^
C:\Program Files\Python314\Lib\site-packages\pluggy\_manager.py:120: in _hookexec
    return self._inner_hookexec(hook_name, methods, kwargs, firstresult)
           ^^^^^^^^^^^^^^^^^^^^^^^^^^^^^^^^^^^^^^^^^^^^^^^^^^^^^^^^^^^^^
C:\Program Files\Python314\Lib\site-packages\_pytest\logging.py:843: in pytest_runtest_setup
    yield
C:\Program Files\Python314\Lib\site-packages\_pytest\capture.py:895: in pytest_runtest_setup
    return (yield)
            ^^^^^
C:\Program Files\Python314\Lib\site-packages\_pytest\runner.py:165: in pytest_runtest_setup
    item.session._setupstate.setup(item)
C:\Program Files\Python314\Lib\site-packages\_pytest\runner.py:523: in setup
    col.setup()
C:\Program Files\Python314\Lib\site-packages\_pytest\python.py:1723: in setup
    self._request._fillfixtures()
C:\Program Files\Python314\Lib\site-packages\_pytest\fixtures.py:707: in _fillfixtures
    item.funcargs[argname] = self.getfixturevalue(argname)
                             ^^^^^^^^^^^^^^^^^^^^^^^^^^^^^
C:\Program Files\Python314\Lib\site-packages\_pytest\fixtures.py:539: in getfixturevalue
    fixturedef = self._get_active_fixturedef(argname)
                 ^^^^^^^^^^^^^^^^^^^^^^^^^^^^^^^^^^^^
C:\Program Files\Python314\Lib\site-packages\_pytest\fixtures.py:627: in _get_active_fixturedef
    fixturedef.execute(request=subrequest)
C:\Program Files\Python314\Lib\site-packages\_pytest\fixtures.py:1068: in execute
    fixturedef = request._get_active_fixturedef(argname)
                 ^^^^^^^^^^^^^^^^^^^^^^^^^^^^^^^^^^^^^^^
C:\Program Files\Python314\Lib\site-packages\_pytest\fixtures.py:627: in _get_active_fixturedef
    fixturedef.execute(request=subrequest)
C:\Program Files\Python314\Lib\site-packages\_pytest\fixtures.py:1110: in execute
    result: FixtureValue = ihook.pytest_fixture_setup(
C:\Program Files\Python314\Lib\site-packages\pluggy\_hooks.py:512: in __call__
    return self._hookexec(self.name, self._hookimpls.copy(), kwargs, firstresult)
           ^^^^^^^^^^^^^^^^^^^^^^^^^^^^^^^^^^^^^^^^^^^^^^^^^^^^^^^^^^^^^^^^^^^^^^
C:\Program Files\Python314\Lib\site-packages\pluggy\_manager.py:120: in _hookexec
    return self._inner_hookexec(hook_name, methods, kwargs, firstresult)
           ^^^^^^^^^^^^^^^^^^^^^^^^^^^^^^^^^^^^^^^^^^^^^^^^^^^^^^^^^^^^^
C:\Program Files\Python314\Lib\site-packages\pluggy\_callers.py:53: in run_old_style_hookwrapper
    return result.get_result()
           ^^^^^^^^^^^^^^^^^^^
C:\Program Files\Python314\Lib\site-packages\pluggy\_callers.py:38: in run_old_style_hookwrapper
    res = yield
          ^^^^^
C:\Program Files\Python314\Lib\site-packages\_pytest\setuponly.py:36: in pytest_fixture_setup
    return (yield)
            ^^^^^
C:\Program Files\Python314\Lib\site-packages\_pytest\fixtures.py:1202: in pytest_fixture_setup
    result = call_fixture_func(fixturefunc, request, kwargs)
             ^^^^^^^^^^^^^^^^^^^^^^^^^^^^^^^^^^^^^^^^^^^^^^^
C:\Program Files\Python314\Lib\site-packages\_pytest\fixtures.py:908: in call_fixture_func
    fixture_result = next(generator)
                     ^^^^^^^^^^^^^^^
C:\Program Files\Python314\Lib\site-packages\_pytest\tmpdir.py:267: in tmp_path
    path = _mk_tmp(request, tmp_path_factory)
           ^^^^^^^^^^^^^^^^^^^^^^^^^^^^^^^^^^
C:\Program Files\Python314\Lib\site-packages\_pytest\tmpdir.py:254: in _mk_tmp
    return factory.mktemp(name, numbered=True)
           ^^^^^^^^^^^^^^^^^^^^^^^^^^^^^^^^^^^
C:\Program Files\Python314\Lib\site-packages\_pytest\tmpdir.py:130: in mktemp
    basename = self._ensure_relative_to_basetemp(basename)
               ^^^^^^^^^^^^^^^^^^^^^^^^^^^^^^^^^^^^^^^^^^^
C:\Program Files\Python314\Lib\site-packages\_pytest\tmpdir.py:111: in _ensure_relative_to_basetemp
    if (self.getbasetemp() / basename).resolve().parent != self.getbasetemp():
        ^^^^^^^^^^^^^^^^^^
C:\Program Files\Python314\Lib\site-packages\_pytest\tmpdir.py:186: in getbasetemp
    basetemp = make_numbered_dir_with_cleanup(
C:\Program Files\Python314\Lib\site-packages\_pytest\pathlib.py:407: in make_numbered_dir_with_cleanup
    raise e
C:\Program Files\Python314\Lib\site-packages\_pytest\pathlib.py:388: in make_numbered_dir_with_cleanup
    p = make_numbered_dir(root, prefix, mode)
        ^^^^^^^^^^^^^^^^^^^^^^^^^^^^^^^^^^^^^
C:\Program Files\Python314\Lib\site-packages\_pytest\pathlib.py:229: in make_numbered_dir
    max_existing = max(map(parse_num, find_suffixes(root, prefix)), default=-1)
                   ^^^^^^^^^^^^^^^^^^^^^^^^^^^^^^^^^^^^^^^^^^^^^^^^^^^^^^^^^^^^
C:\Program Files\Python314\Lib\site-packages\_pytest\pathlib.py:188: in extract_suffixes
    for entry in iter:
                 ^^^^
C:\Program Files\Python314\Lib\site-packages\_pytest\pathlib.py:176: in find_prefixed
    for x in os.scandir(root):
             ^^^^^^^^^^^^^^^^
E   PermissionError: [WinError 5] Acesso negado: 'C:\\Users\\Ale e Mai\\AppData\\Local\\Temp\\pytest-of-Família Santiago'
_ ERROR at setup of TestDadosInvalidos.test_rename_para_nome_com_apenas_espacos _
C:\Program Files\Python314\Lib\site-packages\_pytest\runner.py:353: in from_call
    result: TResult | None = func()
                             ^^^^^^
C:\Program Files\Python314\Lib\site-packages\_pytest\runner.py:245: in <lambda>
    lambda: runtest_hook(item=item, **kwds),
            ^^^^^^^^^^^^^^^^^^^^^^^^^^^^^^^
C:\Program Files\Python314\Lib\site-packages\pluggy\_hooks.py:512: in __call__
    return self._hookexec(self.name, self._hookimpls.copy(), kwargs, firstresult)
           ^^^^^^^^^^^^^^^^^^^^^^^^^^^^^^^^^^^^^^^^^^^^^^^^^^^^^^^^^^^^^^^^^^^^^^
C:\Program Files\Python314\Lib\site-packages\pluggy\_manager.py:120: in _hookexec
    return self._inner_hookexec(hook_name, methods, kwargs, firstresult)
           ^^^^^^^^^^^^^^^^^^^^^^^^^^^^^^^^^^^^^^^^^^^^^^^^^^^^^^^^^^^^^
C:\Program Files\Python314\Lib\site-packages\_pytest\logging.py:843: in pytest_runtest_setup
    yield
C:\Program Files\Python314\Lib\site-packages\_pytest\capture.py:895: in pytest_runtest_setup
    return (yield)
            ^^^^^
C:\Program Files\Python314\Lib\site-packages\_pytest\runner.py:165: in pytest_runtest_setup
    item.session._setupstate.setup(item)
C:\Program Files\Python314\Lib\site-packages\_pytest\runner.py:523: in setup
    col.setup()
C:\Program Files\Python314\Lib\site-packages\_pytest\python.py:1723: in setup
    self._request._fillfixtures()
C:\Program Files\Python314\Lib\site-packages\_pytest\fixtures.py:707: in _fillfixtures
    item.funcargs[argname] = self.getfixturevalue(argname)
                             ^^^^^^^^^^^^^^^^^^^^^^^^^^^^^
C:\Program Files\Python314\Lib\site-packages\_pytest\fixtures.py:539: in getfixturevalue
    fixturedef = self._get_active_fixturedef(argname)
                 ^^^^^^^^^^^^^^^^^^^^^^^^^^^^^^^^^^^^
C:\Program Files\Python314\Lib\site-packages\_pytest\fixtures.py:627: in _get_active_fixturedef
    fixturedef.execute(request=subrequest)
C:\Program Files\Python314\Lib\site-packages\_pytest\fixtures.py:1068: in execute
    fixturedef = request._get_active_fixturedef(argname)
                 ^^^^^^^^^^^^^^^^^^^^^^^^^^^^^^^^^^^^^^^
C:\Program Files\Python314\Lib\site-packages\_pytest\fixtures.py:627: in _get_active_fixturedef
    fixturedef.execute(request=subrequest)
C:\Program Files\Python314\Lib\site-packages\_pytest\fixtures.py:1110: in execute
    result: FixtureValue = ihook.pytest_fixture_setup(
C:\Program Files\Python314\Lib\site-packages\pluggy\_hooks.py:512: in __call__
    return self._hookexec(self.name, self._hookimpls.copy(), kwargs, firstresult)
           ^^^^^^^^^^^^^^^^^^^^^^^^^^^^^^^^^^^^^^^^^^^^^^^^^^^^^^^^^^^^^^^^^^^^^^
C:\Program Files\Python314\Lib\site-packages\pluggy\_manager.py:120: in _hookexec
    return self._inner_hookexec(hook_name, methods, kwargs, firstresult)
           ^^^^^^^^^^^^^^^^^^^^^^^^^^^^^^^^^^^^^^^^^^^^^^^^^^^^^^^^^^^^^
C:\Program Files\Python314\Lib\site-packages\pluggy\_callers.py:53: in run_old_style_hookwrapper
    return result.get_result()
           ^^^^^^^^^^^^^^^^^^^
C:\Program Files\Python314\Lib\site-packages\pluggy\_callers.py:38: in run_old_style_hookwrapper
    res = yield
          ^^^^^
C:\Program Files\Python314\Lib\site-packages\_pytest\setuponly.py:36: in pytest_fixture_setup
    return (yield)
            ^^^^^
C:\Program Files\Python314\Lib\site-packages\_pytest\fixtures.py:1202: in pytest_fixture_setup
    result = call_fixture_func(fixturefunc, request, kwargs)
             ^^^^^^^^^^^^^^^^^^^^^^^^^^^^^^^^^^^^^^^^^^^^^^^
C:\Program Files\Python314\Lib\site-packages\_pytest\fixtures.py:908: in call_fixture_func
    fixture_result = next(generator)
                     ^^^^^^^^^^^^^^^
C:\Program Files\Python314\Lib\site-packages\_pytest\tmpdir.py:267: in tmp_path
    path = _mk_tmp(request, tmp_path_factory)
           ^^^^^^^^^^^^^^^^^^^^^^^^^^^^^^^^^^
C:\Program Files\Python314\Lib\site-packages\_pytest\tmpdir.py:254: in _mk_tmp
    return factory.mktemp(name, numbered=True)
           ^^^^^^^^^^^^^^^^^^^^^^^^^^^^^^^^^^^
C:\Program Files\Python314\Lib\site-packages\_pytest\tmpdir.py:130: in mktemp
    basename = self._ensure_relative_to_basetemp(basename)
               ^^^^^^^^^^^^^^^^^^^^^^^^^^^^^^^^^^^^^^^^^^^
C:\Program Files\Python314\Lib\site-packages\_pytest\tmpdir.py:111: in _ensure_relative_to_basetemp
    if (self.getbasetemp() / basename).resolve().parent != self.getbasetemp():
        ^^^^^^^^^^^^^^^^^^
C:\Program Files\Python314\Lib\site-packages\_pytest\tmpdir.py:186: in getbasetemp
    basetemp = make_numbered_dir_with_cleanup(
C:\Program Files\Python314\Lib\site-packages\_pytest\pathlib.py:407: in make_numbered_dir_with_cleanup
    raise e
C:\Program Files\Python314\Lib\site-packages\_pytest\pathlib.py:388: in make_numbered_dir_with_cleanup
    p = make_numbered_dir(root, prefix, mode)
        ^^^^^^^^^^^^^^^^^^^^^^^^^^^^^^^^^^^^^
C:\Program Files\Python314\Lib\site-packages\_pytest\pathlib.py:229: in make_numbered_dir
    max_existing = max(map(parse_num, find_suffixes(root, prefix)), default=-1)
                   ^^^^^^^^^^^^^^^^^^^^^^^^^^^^^^^^^^^^^^^^^^^^^^^^^^^^^^^^^^^^
C:\Program Files\Python314\Lib\site-packages\_pytest\pathlib.py:188: in extract_suffixes
    for entry in iter:
                 ^^^^
C:\Program Files\Python314\Lib\site-packages\_pytest\pathlib.py:176: in find_prefixed
    for x in os.scandir(root):
             ^^^^^^^^^^^^^^^^
E   PermissionError: [WinError 5] Acesso negado: 'C:\\Users\\Ale e Mai\\AppData\\Local\\Temp\\pytest-of-Família Santiago'
_ ERROR at setup of TestDadosInvalidos.test_colecao_com_projeto_duplicado_via_arquivo_externo _
C:\Program Files\Python314\Lib\site-packages\_pytest\runner.py:353: in from_call
    result: TResult | None = func()
                             ^^^^^^
C:\Program Files\Python314\Lib\site-packages\_pytest\runner.py:245: in <lambda>
    lambda: runtest_hook(item=item, **kwds),
            ^^^^^^^^^^^^^^^^^^^^^^^^^^^^^^^
C:\Program Files\Python314\Lib\site-packages\pluggy\_hooks.py:512: in __call__
    return self._hookexec(self.name, self._hookimpls.copy(), kwargs, firstresult)
           ^^^^^^^^^^^^^^^^^^^^^^^^^^^^^^^^^^^^^^^^^^^^^^^^^^^^^^^^^^^^^^^^^^^^^^
C:\Program Files\Python314\Lib\site-packages\pluggy\_manager.py:120: in _hookexec
    return self._inner_hookexec(hook_name, methods, kwargs, firstresult)
           ^^^^^^^^^^^^^^^^^^^^^^^^^^^^^^^^^^^^^^^^^^^^^^^^^^^^^^^^^^^^^
C:\Program Files\Python314\Lib\site-packages\_pytest\logging.py:843: in pytest_runtest_setup
    yield
C:\Program Files\Python314\Lib\site-packages\_pytest\capture.py:895: in pytest_runtest_setup
    return (yield)
            ^^^^^
C:\Program Files\Python314\Lib\site-packages\_pytest\runner.py:165: in pytest_runtest_setup
    item.session._setupstate.setup(item)
C:\Program Files\Python314\Lib\site-packages\_pytest\runner.py:523: in setup
    col.setup()
C:\Program Files\Python314\Lib\site-packages\_pytest\python.py:1723: in setup
    self._request._fillfixtures()
C:\Program Files\Python314\Lib\site-packages\_pytest\fixtures.py:707: in _fillfixtures
    item.funcargs[argname] = self.getfixturevalue(argname)
                             ^^^^^^^^^^^^^^^^^^^^^^^^^^^^^
C:\Program Files\Python314\Lib\site-packages\_pytest\fixtures.py:539: in getfixturevalue
    fixturedef = self._get_active_fixturedef(argname)
                 ^^^^^^^^^^^^^^^^^^^^^^^^^^^^^^^^^^^^
C:\Program Files\Python314\Lib\site-packages\_pytest\fixtures.py:627: in _get_active_fixturedef
    fixturedef.execute(request=subrequest)
C:\Program Files\Python314\Lib\site-packages\_pytest\fixtures.py:1110: in execute
    result: FixtureValue = ihook.pytest_fixture_setup(
C:\Program Files\Python314\Lib\site-packages\pluggy\_hooks.py:512: in __call__
    return self._hookexec(self.name, self._hookimpls.copy(), kwargs, firstresult)
           ^^^^^^^^^^^^^^^^^^^^^^^^^^^^^^^^^^^^^^^^^^^^^^^^^^^^^^^^^^^^^^^^^^^^^^
C:\Program Files\Python314\Lib\site-packages\pluggy\_manager.py:120: in _hookexec
    return self._inner_hookexec(hook_name, methods, kwargs, firstresult)
           ^^^^^^^^^^^^^^^^^^^^^^^^^^^^^^^^^^^^^^^^^^^^^^^^^^^^^^^^^^^^^
C:\Program Files\Python314\Lib\site-packages\pluggy\_callers.py:53: in run_old_style_hookwrapper
    return result.get_result()
           ^^^^^^^^^^^^^^^^^^^
C:\Program Files\Python314\Lib\site-packages\pluggy\_callers.py:38: in run_old_style_hookwrapper
    res = yield
          ^^^^^
C:\Program Files\Python314\Lib\site-packages\_pytest\setuponly.py:36: in pytest_fixture_setup
    return (yield)
            ^^^^^
C:\Program Files\Python314\Lib\site-packages\_pytest\fixtures.py:1202: in pytest_fixture_setup
    result = call_fixture_func(fixturefunc, request, kwargs)
             ^^^^^^^^^^^^^^^^^^^^^^^^^^^^^^^^^^^^^^^^^^^^^^^
C:\Program Files\Python314\Lib\site-packages\_pytest\fixtures.py:908: in call_fixture_func
    fixture_result = next(generator)
                     ^^^^^^^^^^^^^^^
C:\Program Files\Python314\Lib\site-packages\_pytest\tmpdir.py:267: in tmp_path
    path = _mk_tmp(request, tmp_path_factory)
           ^^^^^^^^^^^^^^^^^^^^^^^^^^^^^^^^^^
C:\Program Files\Python314\Lib\site-packages\_pytest\tmpdir.py:254: in _mk_tmp
    return factory.mktemp(name, numbered=True)
           ^^^^^^^^^^^^^^^^^^^^^^^^^^^^^^^^^^^
C:\Program Files\Python314\Lib\site-packages\_pytest\tmpdir.py:130: in mktemp
    basename = self._ensure_relative_to_basetemp(basename)
               ^^^^^^^^^^^^^^^^^^^^^^^^^^^^^^^^^^^^^^^^^^^
C:\Program Files\Python314\Lib\site-packages\_pytest\tmpdir.py:111: in _ensure_relative_to_basetemp
    if (self.getbasetemp() / basename).resolve().parent != self.getbasetemp():
        ^^^^^^^^^^^^^^^^^^
C:\Program Files\Python314\Lib\site-packages\_pytest\tmpdir.py:186: in getbasetemp
    basetemp = make_numbered_dir_with_cleanup(
C:\Program Files\Python314\Lib\site-packages\_pytest\pathlib.py:407: in make_numbered_dir_with_cleanup
    raise e
C:\Program Files\Python314\Lib\site-packages\_pytest\pathlib.py:388: in make_numbered_dir_with_cleanup
    p = make_numbered_dir(root, prefix, mode)
        ^^^^^^^^^^^^^^^^^^^^^^^^^^^^^^^^^^^^^
C:\Program Files\Python314\Lib\site-packages\_pytest\pathlib.py:229: in make_numbered_dir
    max_existing = max(map(parse_num, find_suffixes(root, prefix)), default=-1)
                   ^^^^^^^^^^^^^^^^^^^^^^^^^^^^^^^^^^^^^^^^^^^^^^^^^^^^^^^^^^^^
C:\Program Files\Python314\Lib\site-packages\_pytest\pathlib.py:188: in extract_suffixes
    for entry in iter:
                 ^^^^
C:\Program Files\Python314\Lib\site-packages\_pytest\pathlib.py:176: in find_prefixed
    for x in os.scandir(root):
             ^^^^^^^^^^^^^^^^
E   PermissionError: [WinError 5] Acesso negado: 'C:\\Users\\Ale e Mai\\AppData\\Local\\Temp\\pytest-of-Família Santiago'
_ ERROR at setup of TestCorrupcao.test_collections_json_com_lista_em_vez_de_dict _
C:\Program Files\Python314\Lib\site-packages\_pytest\runner.py:353: in from_call
    result: TResult | None = func()
                             ^^^^^^
C:\Program Files\Python314\Lib\site-packages\_pytest\runner.py:245: in <lambda>
    lambda: runtest_hook(item=item, **kwds),
            ^^^^^^^^^^^^^^^^^^^^^^^^^^^^^^^
C:\Program Files\Python314\Lib\site-packages\pluggy\_hooks.py:512: in __call__
    return self._hookexec(self.name, self._hookimpls.copy(), kwargs, firstresult)
           ^^^^^^^^^^^^^^^^^^^^^^^^^^^^^^^^^^^^^^^^^^^^^^^^^^^^^^^^^^^^^^^^^^^^^^
C:\Program Files\Python314\Lib\site-packages\pluggy\_manager.py:120: in _hookexec
    return self._inner_hookexec(hook_name, methods, kwargs, firstresult)
           ^^^^^^^^^^^^^^^^^^^^^^^^^^^^^^^^^^^^^^^^^^^^^^^^^^^^^^^^^^^^^
C:\Program Files\Python314\Lib\site-packages\_pytest\logging.py:843: in pytest_runtest_setup
    yield
C:\Program Files\Python314\Lib\site-packages\_pytest\capture.py:895: in pytest_runtest_setup
    return (yield)
            ^^^^^
C:\Program Files\Python314\Lib\site-packages\_pytest\runner.py:165: in pytest_runtest_setup
    item.session._setupstate.setup(item)
C:\Program Files\Python314\Lib\site-packages\_pytest\runner.py:523: in setup
    col.setup()
C:\Program Files\Python314\Lib\site-packages\_pytest\python.py:1723: in setup
    self._request._fillfixtures()
C:\Program Files\Python314\Lib\site-packages\_pytest\fixtures.py:707: in _fillfixtures
    item.funcargs[argname] = self.getfixturevalue(argname)
                             ^^^^^^^^^^^^^^^^^^^^^^^^^^^^^
C:\Program Files\Python314\Lib\site-packages\_pytest\fixtures.py:539: in getfixturevalue
    fixturedef = self._get_active_fixturedef(argname)
                 ^^^^^^^^^^^^^^^^^^^^^^^^^^^^^^^^^^^^
C:\Program Files\Python314\Lib\site-packages\_pytest\fixtures.py:627: in _get_active_fixturedef
    fixturedef.execute(request=subrequest)
C:\Program Files\Python314\Lib\site-packages\_pytest\fixtures.py:1110: in execute
    result: FixtureValue = ihook.pytest_fixture_setup(
C:\Program Files\Python314\Lib\site-packages\pluggy\_hooks.py:512: in __call__
    return self._hookexec(self.name, self._hookimpls.copy(), kwargs, firstresult)
           ^^^^^^^^^^^^^^^^^^^^^^^^^^^^^^^^^^^^^^^^^^^^^^^^^^^^^^^^^^^^^^^^^^^^^^
C:\Program Files\Python314\Lib\site-packages\pluggy\_manager.py:120: in _hookexec
    return self._inner_hookexec(hook_name, methods, kwargs, firstresult)
           ^^^^^^^^^^^^^^^^^^^^^^^^^^^^^^^^^^^^^^^^^^^^^^^^^^^^^^^^^^^^^
C:\Program Files\Python314\Lib\site-packages\pluggy\_callers.py:53: in run_old_style_hookwrapper
    return result.get_result()
           ^^^^^^^^^^^^^^^^^^^
C:\Program Files\Python314\Lib\site-packages\pluggy\_callers.py:38: in run_old_style_hookwrapper
    res = yield
          ^^^^^
C:\Program Files\Python314\Lib\site-packages\_pytest\setuponly.py:36: in pytest_fixture_setup
    return (yield)
            ^^^^^
C:\Program Files\Python314\Lib\site-packages\_pytest\fixtures.py:1202: in pytest_fixture_setup
    result = call_fixture_func(fixturefunc, request, kwargs)
             ^^^^^^^^^^^^^^^^^^^^^^^^^^^^^^^^^^^^^^^^^^^^^^^
C:\Program Files\Python314\Lib\site-packages\_pytest\fixtures.py:908: in call_fixture_func
    fixture_result = next(generator)
                     ^^^^^^^^^^^^^^^
C:\Program Files\Python314\Lib\site-packages\_pytest\tmpdir.py:267: in tmp_path
    path = _mk_tmp(request, tmp_path_factory)
           ^^^^^^^^^^^^^^^^^^^^^^^^^^^^^^^^^^
C:\Program Files\Python314\Lib\site-packages\_pytest\tmpdir.py:254: in _mk_tmp
    return factory.mktemp(name, numbered=True)
           ^^^^^^^^^^^^^^^^^^^^^^^^^^^^^^^^^^^
C:\Program Files\Python314\Lib\site-packages\_pytest\tmpdir.py:130: in mktemp
    basename = self._ensure_relative_to_basetemp(basename)
               ^^^^^^^^^^^^^^^^^^^^^^^^^^^^^^^^^^^^^^^^^^^
C:\Program Files\Python314\Lib\site-packages\_pytest\tmpdir.py:111: in _ensure_relative_to_basetemp
    if (self.getbasetemp() / basename).resolve().parent != self.getbasetemp():
        ^^^^^^^^^^^^^^^^^^
C:\Program Files\Python314\Lib\site-packages\_pytest\tmpdir.py:186: in getbasetemp
    basetemp = make_numbered_dir_with_cleanup(
C:\Program Files\Python314\Lib\site-packages\_pytest\pathlib.py:407: in make_numbered_dir_with_cleanup
    raise e
C:\Program Files\Python314\Lib\site-packages\_pytest\pathlib.py:388: in make_numbered_dir_with_cleanup
    p = make_numbered_dir(root, prefix, mode)
        ^^^^^^^^^^^^^^^^^^^^^^^^^^^^^^^^^^^^^
C:\Program Files\Python314\Lib\site-packages\_pytest\pathlib.py:229: in make_numbered_dir
    max_existing = max(map(parse_num, find_suffixes(root, prefix)), default=-1)
                   ^^^^^^^^^^^^^^^^^^^^^^^^^^^^^^^^^^^^^^^^^^^^^^^^^^^^^^^^^^^^
C:\Program Files\Python314\Lib\site-packages\_pytest\pathlib.py:188: in extract_suffixes
    for entry in iter:
                 ^^^^
C:\Program Files\Python314\Lib\site-packages\_pytest\pathlib.py:176: in find_prefixed
    for x in os.scandir(root):
             ^^^^^^^^^^^^^^^^
E   PermissionError: [WinError 5] Acesso negado: 'C:\\Users\\Ale e Mai\\AppData\\Local\\Temp\\pytest-of-Família Santiago'
_ ERROR at setup of TestCorrupcao.test_collections_json_com_projeto_nao_string _
C:\Program Files\Python314\Lib\site-packages\_pytest\runner.py:353: in from_call
    result: TResult | None = func()
                             ^^^^^^
C:\Program Files\Python314\Lib\site-packages\_pytest\runner.py:245: in <lambda>
    lambda: runtest_hook(item=item, **kwds),
            ^^^^^^^^^^^^^^^^^^^^^^^^^^^^^^^
C:\Program Files\Python314\Lib\site-packages\pluggy\_hooks.py:512: in __call__
    return self._hookexec(self.name, self._hookimpls.copy(), kwargs, firstresult)
           ^^^^^^^^^^^^^^^^^^^^^^^^^^^^^^^^^^^^^^^^^^^^^^^^^^^^^^^^^^^^^^^^^^^^^^
C:\Program Files\Python314\Lib\site-packages\pluggy\_manager.py:120: in _hookexec
    return self._inner_hookexec(hook_name, methods, kwargs, firstresult)
           ^^^^^^^^^^^^^^^^^^^^^^^^^^^^^^^^^^^^^^^^^^^^^^^^^^^^^^^^^^^^^
C:\Program Files\Python314\Lib\site-packages\_pytest\logging.py:843: in pytest_runtest_setup
    yield
C:\Program Files\Python314\Lib\site-packages\_pytest\capture.py:895: in pytest_runtest_setup
    return (yield)
            ^^^^^
C:\Program Files\Python314\Lib\site-packages\_pytest\runner.py:165: in pytest_runtest_setup
    item.session._setupstate.setup(item)
C:\Program Files\Python314\Lib\site-packages\_pytest\runner.py:523: in setup
    col.setup()
C:\Program Files\Python314\Lib\site-packages\_pytest\python.py:1723: in setup
    self._request._fillfixtures()
C:\Program Files\Python314\Lib\site-packages\_pytest\fixtures.py:707: in _fillfixtures
    item.funcargs[argname] = self.getfixturevalue(argname)
                             ^^^^^^^^^^^^^^^^^^^^^^^^^^^^^
C:\Program Files\Python314\Lib\site-packages\_pytest\fixtures.py:539: in getfixturevalue
    fixturedef = self._get_active_fixturedef(argname)
                 ^^^^^^^^^^^^^^^^^^^^^^^^^^^^^^^^^^^^
C:\Program Files\Python314\Lib\site-packages\_pytest\fixtures.py:627: in _get_active_fixturedef
    fixturedef.execute(request=subrequest)
C:\Program Files\Python314\Lib\site-packages\_pytest\fixtures.py:1110: in execute
    result: FixtureValue = ihook.pytest_fixture_setup(
C:\Program Files\Python314\Lib\site-packages\pluggy\_hooks.py:512: in __call__
    return self._hookexec(self.name, self._hookimpls.copy(), kwargs, firstresult)
           ^^^^^^^^^^^^^^^^^^^^^^^^^^^^^^^^^^^^^^^^^^^^^^^^^^^^^^^^^^^^^^^^^^^^^^
C:\Program Files\Python314\Lib\site-packages\pluggy\_manager.py:120: in _hookexec
    return self._inner_hookexec(hook_name, methods, kwargs, firstresult)
           ^^^^^^^^^^^^^^^^^^^^^^^^^^^^^^^^^^^^^^^^^^^^^^^^^^^^^^^^^^^^^
C:\Program Files\Python314\Lib\site-packages\pluggy\_callers.py:53: in run_old_style_hookwrapper
    return result.get_result()
           ^^^^^^^^^^^^^^^^^^^
C:\Program Files\Python314\Lib\site-packages\pluggy\_callers.py:38: in run_old_style_hookwrapper
    res = yield
          ^^^^^
C:\Program Files\Python314\Lib\site-packages\_pytest\setuponly.py:36: in pytest_fixture_setup
    return (yield)
            ^^^^^
C:\Program Files\Python314\Lib\site-packages\_pytest\fixtures.py:1202: in pytest_fixture_setup
    result = call_fixture_func(fixturefunc, request, kwargs)
             ^^^^^^^^^^^^^^^^^^^^^^^^^^^^^^^^^^^^^^^^^^^^^^^
C:\Program Files\Python314\Lib\site-packages\_pytest\fixtures.py:908: in call_fixture_func
    fixture_result = next(generator)
                     ^^^^^^^^^^^^^^^
C:\Program Files\Python314\Lib\site-packages\_pytest\tmpdir.py:267: in tmp_path
    path = _mk_tmp(request, tmp_path_factory)
           ^^^^^^^^^^^^^^^^^^^^^^^^^^^^^^^^^^
C:\Program Files\Python314\Lib\site-packages\_pytest\tmpdir.py:254: in _mk_tmp
    return factory.mktemp(name, numbered=True)
           ^^^^^^^^^^^^^^^^^^^^^^^^^^^^^^^^^^^
C:\Program Files\Python314\Lib\site-packages\_pytest\tmpdir.py:130: in mktemp
    basename = self._ensure_relative_to_basetemp(basename)
               ^^^^^^^^^^^^^^^^^^^^^^^^^^^^^^^^^^^^^^^^^^^
C:\Program Files\Python314\Lib\site-packages\_pytest\tmpdir.py:111: in _ensure_relative_to_basetemp
    if (self.getbasetemp() / basename).resolve().parent != self.getbasetemp():
        ^^^^^^^^^^^^^^^^^^
C:\Program Files\Python314\Lib\site-packages\_pytest\tmpdir.py:186: in getbasetemp
    basetemp = make_numbered_dir_with_cleanup(
C:\Program Files\Python314\Lib\site-packages\_pytest\pathlib.py:407: in make_numbered_dir_with_cleanup
    raise e
C:\Program Files\Python314\Lib\site-packages\_pytest\pathlib.py:388: in make_numbered_dir_with_cleanup
    p = make_numbered_dir(root, prefix, mode)
        ^^^^^^^^^^^^^^^^^^^^^^^^^^^^^^^^^^^^^
C:\Program Files\Python314\Lib\site-packages\_pytest\pathlib.py:229: in make_numbered_dir
    max_existing = max(map(parse_num, find_suffixes(root, prefix)), default=-1)
                   ^^^^^^^^^^^^^^^^^^^^^^^^^^^^^^^^^^^^^^^^^^^^^^^^^^^^^^^^^^^^
C:\Program Files\Python314\Lib\site-packages\_pytest\pathlib.py:188: in extract_suffixes
    for entry in iter:
                 ^^^^
C:\Program Files\Python314\Lib\site-packages\_pytest\pathlib.py:176: in find_prefixed
    for x in os.scandir(root):
             ^^^^^^^^^^^^^^^^
E   PermissionError: [WinError 5] Acesso negado: 'C:\\Users\\Ale e Mai\\AppData\\Local\\Temp\\pytest-of-Família Santiago'
_ ERROR at setup of TestCorrupcao.test_arquivo_collections_sem_permissao_de_escrita _
C:\Program Files\Python314\Lib\site-packages\_pytest\runner.py:353: in from_call
    result: TResult | None = func()
                             ^^^^^^
C:\Program Files\Python314\Lib\site-packages\_pytest\runner.py:245: in <lambda>
    lambda: runtest_hook(item=item, **kwds),
            ^^^^^^^^^^^^^^^^^^^^^^^^^^^^^^^
C:\Program Files\Python314\Lib\site-packages\pluggy\_hooks.py:512: in __call__
    return self._hookexec(self.name, self._hookimpls.copy(), kwargs, firstresult)
           ^^^^^^^^^^^^^^^^^^^^^^^^^^^^^^^^^^^^^^^^^^^^^^^^^^^^^^^^^^^^^^^^^^^^^^
C:\Program Files\Python314\Lib\site-packages\pluggy\_manager.py:120: in _hookexec
    return self._inner_hookexec(hook_name, methods, kwargs, firstresult)
           ^^^^^^^^^^^^^^^^^^^^^^^^^^^^^^^^^^^^^^^^^^^^^^^^^^^^^^^^^^^^^
C:\Program Files\Python314\Lib\site-packages\_pytest\logging.py:843: in pytest_runtest_setup
    yield
C:\Program Files\Python314\Lib\site-packages\_pytest\capture.py:895: in pytest_runtest_setup
    return (yield)
            ^^^^^
C:\Program Files\Python314\Lib\site-packages\_pytest\runner.py:165: in pytest_runtest_setup
    item.session._setupstate.setup(item)
C:\Program Files\Python314\Lib\site-packages\_pytest\runner.py:523: in setup
    col.setup()
C:\Program Files\Python314\Lib\site-packages\_pytest\python.py:1723: in setup
    self._request._fillfixtures()
C:\Program Files\Python314\Lib\site-packages\_pytest\fixtures.py:707: in _fillfixtures
    item.funcargs[argname] = self.getfixturevalue(argname)
                             ^^^^^^^^^^^^^^^^^^^^^^^^^^^^^
C:\Program Files\Python314\Lib\site-packages\_pytest\fixtures.py:539: in getfixturevalue
    fixturedef = self._get_active_fixturedef(argname)
                 ^^^^^^^^^^^^^^^^^^^^^^^^^^^^^^^^^^^^
C:\Program Files\Python314\Lib\site-packages\_pytest\fixtures.py:627: in _get_active_fixturedef
    fixturedef.execute(request=subrequest)
C:\Program Files\Python314\Lib\site-packages\_pytest\fixtures.py:1110: in execute
    result: FixtureValue = ihook.pytest_fixture_setup(
C:\Program Files\Python314\Lib\site-packages\pluggy\_hooks.py:512: in __call__
    return self._hookexec(self.name, self._hookimpls.copy(), kwargs, firstresult)
           ^^^^^^^^^^^^^^^^^^^^^^^^^^^^^^^^^^^^^^^^^^^^^^^^^^^^^^^^^^^^^^^^^^^^^^
C:\Program Files\Python314\Lib\site-packages\pluggy\_manager.py:120: in _hookexec
    return self._inner_hookexec(hook_name, methods, kwargs, firstresult)
           ^^^^^^^^^^^^^^^^^^^^^^^^^^^^^^^^^^^^^^^^^^^^^^^^^^^^^^^^^^^^^
C:\Program Files\Python314\Lib\site-packages\pluggy\_callers.py:53: in run_old_style_hookwrapper
    return result.get_result()
           ^^^^^^^^^^^^^^^^^^^
C:\Program Files\Python314\Lib\site-packages\pluggy\_callers.py:38: in run_old_style_hookwrapper
    res = yield
          ^^^^^
C:\Program Files\Python314\Lib\site-packages\_pytest\setuponly.py:36: in pytest_fixture_setup
    return (yield)
            ^^^^^
C:\Program Files\Python314\Lib\site-packages\_pytest\fixtures.py:1202: in pytest_fixture_setup
    result = call_fixture_func(fixturefunc, request, kwargs)
             ^^^^^^^^^^^^^^^^^^^^^^^^^^^^^^^^^^^^^^^^^^^^^^^
C:\Program Files\Python314\Lib\site-packages\_pytest\fixtures.py:908: in call_fixture_func
    fixture_result = next(generator)
                     ^^^^^^^^^^^^^^^
C:\Program Files\Python314\Lib\site-packages\_pytest\tmpdir.py:267: in tmp_path
    path = _mk_tmp(request, tmp_path_factory)
           ^^^^^^^^^^^^^^^^^^^^^^^^^^^^^^^^^^
C:\Program Files\Python314\Lib\site-packages\_pytest\tmpdir.py:254: in _mk_tmp
    return factory.mktemp(name, numbered=True)
           ^^^^^^^^^^^^^^^^^^^^^^^^^^^^^^^^^^^
C:\Program Files\Python314\Lib\site-packages\_pytest\tmpdir.py:130: in mktemp
    basename = self._ensure_relative_to_basetemp(basename)
               ^^^^^^^^^^^^^^^^^^^^^^^^^^^^^^^^^^^^^^^^^^^
C:\Program Files\Python314\Lib\site-packages\_pytest\tmpdir.py:111: in _ensure_relative_to_basetemp
    if (self.getbasetemp() / basename).resolve().parent != self.getbasetemp():
        ^^^^^^^^^^^^^^^^^^
C:\Program Files\Python314\Lib\site-packages\_pytest\tmpdir.py:186: in getbasetemp
    basetemp = make_numbered_dir_with_cleanup(
C:\Program Files\Python314\Lib\site-packages\_pytest\pathlib.py:407: in make_numbered_dir_with_cleanup
    raise e
C:\Program Files\Python314\Lib\site-packages\_pytest\pathlib.py:388: in make_numbered_dir_with_cleanup
    p = make_numbered_dir(root, prefix, mode)
        ^^^^^^^^^^^^^^^^^^^^^^^^^^^^^^^^^^^^^
C:\Program Files\Python314\Lib\site-packages\_pytest\pathlib.py:229: in make_numbered_dir
    max_existing = max(map(parse_num, find_suffixes(root, prefix)), default=-1)
                   ^^^^^^^^^^^^^^^^^^^^^^^^^^^^^^^^^^^^^^^^^^^^^^^^^^^^^^^^^^^^
C:\Program Files\Python314\Lib\site-packages\_pytest\pathlib.py:188: in extract_suffixes
    for entry in iter:
                 ^^^^
C:\Program Files\Python314\Lib\site-packages\_pytest\pathlib.py:176: in find_prefixed
    for x in os.scandir(root):
             ^^^^^^^^^^^^^^^^
E   PermissionError: [WinError 5] Acesso negado: 'C:\\Users\\Ale e Mai\\AppData\\Local\\Temp\\pytest-of-Família Santiago'
_ ERROR at setup of TestCleanOrphans.test_clean_orphans_com_valid_paths_none __
C:\Program Files\Python314\Lib\site-packages\_pytest\runner.py:353: in from_call
    result: TResult | None = func()
                             ^^^^^^
C:\Program Files\Python314\Lib\site-packages\_pytest\runner.py:245: in <lambda>
    lambda: runtest_hook(item=item, **kwds),
            ^^^^^^^^^^^^^^^^^^^^^^^^^^^^^^^
C:\Program Files\Python314\Lib\site-packages\pluggy\_hooks.py:512: in __call__
    return self._hookexec(self.name, self._hookimpls.copy(), kwargs, firstresult)
           ^^^^^^^^^^^^^^^^^^^^^^^^^^^^^^^^^^^^^^^^^^^^^^^^^^^^^^^^^^^^^^^^^^^^^^
C:\Program Files\Python314\Lib\site-packages\pluggy\_manager.py:120: in _hookexec
    return self._inner_hookexec(hook_name, methods, kwargs, firstresult)
           ^^^^^^^^^^^^^^^^^^^^^^^^^^^^^^^^^^^^^^^^^^^^^^^^^^^^^^^^^^^^^
C:\Program Files\Python314\Lib\site-packages\_pytest\logging.py:843: in pytest_runtest_setup
    yield
C:\Program Files\Python314\Lib\site-packages\_pytest\capture.py:895: in pytest_runtest_setup
    return (yield)
            ^^^^^
C:\Program Files\Python314\Lib\site-packages\_pytest\runner.py:165: in pytest_runtest_setup
    item.session._setupstate.setup(item)
C:\Program Files\Python314\Lib\site-packages\_pytest\runner.py:523: in setup
    col.setup()
C:\Program Files\Python314\Lib\site-packages\_pytest\python.py:1723: in setup
    self._request._fillfixtures()
C:\Program Files\Python314\Lib\site-packages\_pytest\fixtures.py:707: in _fillfixtures
    item.funcargs[argname] = self.getfixturevalue(argname)
                             ^^^^^^^^^^^^^^^^^^^^^^^^^^^^^
C:\Program Files\Python314\Lib\site-packages\_pytest\fixtures.py:539: in getfixturevalue
    fixturedef = self._get_active_fixturedef(argname)
                 ^^^^^^^^^^^^^^^^^^^^^^^^^^^^^^^^^^^^
C:\Program Files\Python314\Lib\site-packages\_pytest\fixtures.py:627: in _get_active_fixturedef
    fixturedef.execute(request=subrequest)
C:\Program Files\Python314\Lib\site-packages\_pytest\fixtures.py:1068: in execute
    fixturedef = request._get_active_fixturedef(argname)
                 ^^^^^^^^^^^^^^^^^^^^^^^^^^^^^^^^^^^^^^^
C:\Program Files\Python314\Lib\site-packages\_pytest\fixtures.py:627: in _get_active_fixturedef
    fixturedef.execute(request=subrequest)
C:\Program Files\Python314\Lib\site-packages\_pytest\fixtures.py:1110: in execute
    result: FixtureValue = ihook.pytest_fixture_setup(
C:\Program Files\Python314\Lib\site-packages\pluggy\_hooks.py:512: in __call__
    return self._hookexec(self.name, self._hookimpls.copy(), kwargs, firstresult)
           ^^^^^^^^^^^^^^^^^^^^^^^^^^^^^^^^^^^^^^^^^^^^^^^^^^^^^^^^^^^^^^^^^^^^^^
C:\Program Files\Python314\Lib\site-packages\pluggy\_manager.py:120: in _hookexec
    return self._inner_hookexec(hook_name, methods, kwargs, firstresult)
           ^^^^^^^^^^^^^^^^^^^^^^^^^^^^^^^^^^^^^^^^^^^^^^^^^^^^^^^^^^^^^
C:\Program Files\Python314\Lib\site-packages\pluggy\_callers.py:53: in run_old_style_hookwrapper
    return result.get_result()
           ^^^^^^^^^^^^^^^^^^^
C:\Program Files\Python314\Lib\site-packages\pluggy\_callers.py:38: in run_old_style_hookwrapper
    res = yield
          ^^^^^
C:\Program Files\Python314\Lib\site-packages\_pytest\setuponly.py:36: in pytest_fixture_setup
    return (yield)
            ^^^^^
C:\Program Files\Python314\Lib\site-packages\_pytest\fixtures.py:1202: in pytest_fixture_setup
    result = call_fixture_func(fixturefunc, request, kwargs)
             ^^^^^^^^^^^^^^^^^^^^^^^^^^^^^^^^^^^^^^^^^^^^^^^
C:\Program Files\Python314\Lib\site-packages\_pytest\fixtures.py:908: in call_fixture_func
    fixture_result = next(generator)
                     ^^^^^^^^^^^^^^^
C:\Program Files\Python314\Lib\site-packages\_pytest\tmpdir.py:267: in tmp_path
    path = _mk_tmp(request, tmp_path_factory)
           ^^^^^^^^^^^^^^^^^^^^^^^^^^^^^^^^^^
C:\Program Files\Python314\Lib\site-packages\_pytest\tmpdir.py:254: in _mk_tmp
    return factory.mktemp(name, numbered=True)
           ^^^^^^^^^^^^^^^^^^^^^^^^^^^^^^^^^^^
C:\Program Files\Python314\Lib\site-packages\_pytest\tmpdir.py:130: in mktemp
    basename = self._ensure_relative_to_basetemp(basename)
               ^^^^^^^^^^^^^^^^^^^^^^^^^^^^^^^^^^^^^^^^^^^
C:\Program Files\Python314\Lib\site-packages\_pytest\tmpdir.py:111: in _ensure_relative_to_basetemp
    if (self.getbasetemp() / basename).resolve().parent != self.getbasetemp():
        ^^^^^^^^^^^^^^^^^^
C:\Program Files\Python314\Lib\site-packages\_pytest\tmpdir.py:186: in getbasetemp
    basetemp = make_numbered_dir_with_cleanup(
C:\Program Files\Python314\Lib\site-packages\_pytest\pathlib.py:407: in make_numbered_dir_with_cleanup
    raise e
C:\Program Files\Python314\Lib\site-packages\_pytest\pathlib.py:388: in make_numbered_dir_with_cleanup
    p = make_numbered_dir(root, prefix, mode)
        ^^^^^^^^^^^^^^^^^^^^^^^^^^^^^^^^^^^^^
C:\Program Files\Python314\Lib\site-packages\_pytest\pathlib.py:229: in make_numbered_dir
    max_existing = max(map(parse_num, find_suffixes(root, prefix)), default=-1)
                   ^^^^^^^^^^^^^^^^^^^^^^^^^^^^^^^^^^^^^^^^^^^^^^^^^^^^^^^^^^^^
C:\Program Files\Python314\Lib\site-packages\_pytest\pathlib.py:188: in extract_suffixes
    for entry in iter:
                 ^^^^
C:\Program Files\Python314\Lib\site-packages\_pytest\pathlib.py:176: in find_prefixed
    for x in os.scandir(root):
             ^^^^^^^^^^^^^^^^
E   PermissionError: [WinError 5] Acesso negado: 'C:\\Users\\Ale e Mai\\AppData\\Local\\Temp\\pytest-of-Família Santiago'
_ ERROR at setup of TestCleanOrphans.test_clean_orphans_com_valid_paths_lista_em_vez_de_set _
C:\Program Files\Python314\Lib\site-packages\_pytest\runner.py:353: in from_call
    result: TResult | None = func()
                             ^^^^^^
C:\Program Files\Python314\Lib\site-packages\_pytest\runner.py:245: in <lambda>
    lambda: runtest_hook(item=item, **kwds),
            ^^^^^^^^^^^^^^^^^^^^^^^^^^^^^^^
C:\Program Files\Python314\Lib\site-packages\pluggy\_hooks.py:512: in __call__
    return self._hookexec(self.name, self._hookimpls.copy(), kwargs, firstresult)
           ^^^^^^^^^^^^^^^^^^^^^^^^^^^^^^^^^^^^^^^^^^^^^^^^^^^^^^^^^^^^^^^^^^^^^^
C:\Program Files\Python314\Lib\site-packages\pluggy\_manager.py:120: in _hookexec
    return self._inner_hookexec(hook_name, methods, kwargs, firstresult)
           ^^^^^^^^^^^^^^^^^^^^^^^^^^^^^^^^^^^^^^^^^^^^^^^^^^^^^^^^^^^^^
C:\Program Files\Python314\Lib\site-packages\_pytest\logging.py:843: in pytest_runtest_setup
    yield
C:\Program Files\Python314\Lib\site-packages\_pytest\capture.py:895: in pytest_runtest_setup
    return (yield)
            ^^^^^
C:\Program Files\Python314\Lib\site-packages\_pytest\runner.py:165: in pytest_runtest_setup
    item.session._setupstate.setup(item)
C:\Program Files\Python314\Lib\site-packages\_pytest\runner.py:523: in setup
    col.setup()
C:\Program Files\Python314\Lib\site-packages\_pytest\python.py:1723: in setup
    self._request._fillfixtures()
C:\Program Files\Python314\Lib\site-packages\_pytest\fixtures.py:707: in _fillfixtures
    item.funcargs[argname] = self.getfixturevalue(argname)
                             ^^^^^^^^^^^^^^^^^^^^^^^^^^^^^
C:\Program Files\Python314\Lib\site-packages\_pytest\fixtures.py:539: in getfixturevalue
    fixturedef = self._get_active_fixturedef(argname)
                 ^^^^^^^^^^^^^^^^^^^^^^^^^^^^^^^^^^^^
C:\Program Files\Python314\Lib\site-packages\_pytest\fixtures.py:627: in _get_active_fixturedef
    fixturedef.execute(request=subrequest)
C:\Program Files\Python314\Lib\site-packages\_pytest\fixtures.py:1068: in execute
    fixturedef = request._get_active_fixturedef(argname)
                 ^^^^^^^^^^^^^^^^^^^^^^^^^^^^^^^^^^^^^^^
C:\Program Files\Python314\Lib\site-packages\_pytest\fixtures.py:627: in _get_active_fixturedef
    fixturedef.execute(request=subrequest)
[...]
    basetemp = make_numbered_dir_with_cleanup(
C:\Program Files\Python314\Lib\site-packages\_pytest\pathlib.py:407: in make_numbered_dir_with_cleanup
    raise e
C:\Program Files\Python314\Lib\site-packages\_pytest\pathlib.py:388: in make_numbered_dir_with_cleanup
    p = make_numbered_dir(root, prefix, mode)
        ^^^^^^^^^^^^^^^^^^^^^^^^^^^^^^^^^^^^^
C:\Program Files\Python314\Lib\site-packages\_pytest\pathlib.py:229: in make_numbered_dir
    max_existing = max(map(parse_num, find_suffixes(root, prefix)), default=-1)
                   ^^^^^^^^^^^^^^^^^^^^^^^^^^^^^^^^^^^^^^^^^^^^^^^^^^^^^^^^^^^^
C:\Program Files\Python314\Lib\site-packages\_pytest\pathlib.py:188: in extract_suffixes
    for entry in iter:
                 ^^^^
C:\Program Files\Python314\Lib\site-packages\_pytest\pathlib.py:176: in find_prefixed
    for x in os.scandir(root):
             ^^^^^^^^^^^^^^^^
E   PermissionError: [WinError 5] Acesso negado: 'C:\\Users\\Ale e Mai\\AppData\\Local\\Temp\\pytest-of-Família Santiago'
_ ERROR at setup of TestEstadoInconsistente.test_select_all_com_paths_duplicados _
C:\Program Files\Python314\Lib\site-packages\_pytest\runner.py:353: in from_call
    result: TResult | None = func()
                             ^^^^^^
C:\Program Files\Python314\Lib\site-packages\_pytest\runner.py:245: in <lambda>
    lambda: runtest_hook(item=item, **kwds),
            ^^^^^^^^^^^^^^^^^^^^^^^^^^^^^^^
C:\Program Files\Python314\Lib\site-packages\pluggy\_hooks.py:512: in __call__
    return self._hookexec(self.name, self._hookimpls.copy(), kwargs, firstresult)
           ^^^^^^^^^^^^^^^^^^^^^^^^^^^^^^^^^^^^^^^^^^^^^^^^^^^^^^^^^^^^^^^^^^^^^^
C:\Program Files\Python314\Lib\site-packages\pluggy\_manager.py:120: in _hookexec
    return self._inner_hookexec(hook_name, methods, kwargs, firstresult)
           ^^^^^^^^^^^^^^^^^^^^^^^^^^^^^^^^^^^^^^^^^^^^^^^^^^^^^^^^^^^^^
C:\Program Files\Python314\Lib\site-packages\_pytest\logging.py:843: in pytest_runtest_setup
    yield
C:\Program Files\Python314\Lib\site-packages\_pytest\capture.py:895: in pytest_runtest_setup
    return (yield)
            ^^^^^
C:\Program Files\Python314\Lib\site-packages\_pytest\runner.py:165: in pytest_runtest_setup
    item.session._setupstate.setup(item)
C:\Program Files\Python314\Lib\site-packages\_pytest\runner.py:523: in setup
    col.setup()
C:\Program Files\Python314\Lib\site-packages\_pytest\python.py:1723: in setup
    self._request._fillfixtures()
C:\Program Files\Python314\Lib\site-packages\_pytest\fixtures.py:707: in _fillfixtures
    item.funcargs[argname] = self.getfixturevalue(argname)
                             ^^^^^^^^^^^^^^^^^^^^^^^^^^^^^
C:\Program Files\Python314\Lib\site-packages\_pytest\fixtures.py:539: in getfixturevalue
    fixturedef = self._get_active_fixturedef(argname)
                 ^^^^^^^^^^^^^^^^^^^^^^^^^^^^^^^^^^^^
C:\Program Files\Python314\Lib\site-packages\_pytest\fixtures.py:627: in _get_active_fixturedef
    fixturedef.execute(request=subrequest)
C:\Program Files\Python314\Lib\site-packages\_pytest\fixtures.py:1068: in execute
    fixturedef = request._get_active_fixturedef(argname)
                 ^^^^^^^^^^^^^^^^^^^^^^^^^^^^^^^^^^^^^^^
C:\Program Files\Python314\Lib\site-packages\_pytest\fixtures.py:627: in _get_active_fixturedef
    fixturedef.execute(request=subrequest)
C:\Program Files\Python314\Lib\site-packages\_pytest\fixtures.py:1110: in execute
    result: FixtureValue = ihook.pytest_fixture_setup(
C:\Program Files\Python314\Lib\site-packages\pluggy\_hooks.py:512: in __call__
    return self._hookexec(self.name, self._hookimpls.copy(), kwargs, firstresult)
           ^^^^^^^^^^^^^^^^^^^^^^^^^^^^^^^^^^^^^^^^^^^^^^^^^^^^^^^^^^^^^^^^^^^^^^
C:\Program Files\Python314\Lib\site-packages\pluggy\_manager.py:120: in _hookexec
    return self._inner_hookexec(hook_name, methods, kwargs, firstresult)
           ^^^^^^^^^^^^^^^^^^^^^^^^^^^^^^^^^^^^^^^^^^^^^^^^^^^^^^^^^^^^^
C:\Program Files\Python314\Lib\site-packages\pluggy\_callers.py:53: in run_old_style_hookwrapper
    return result.get_result()
           ^^^^^^^^^^^^^^^^^^^
C:\Program Files\Python314\Lib\site-packages\pluggy\_callers.py:38: in run_old_style_hookwrapper
    res = yield
          ^^^^^
C:\Program Files\Python314\Lib\site-packages\_pytest\setuponly.py:36: in pytest_fixture_setup
    return (yield)
            ^^^^^
C:\Program Files\Python314\Lib\site-packages\_pytest\fixtures.py:1202: in pytest_fixture_setup
    result = call_fixture_func(fixturefunc, request, kwargs)
             ^^^^^^^^^^^^^^^^^^^^^^^^^^^^^^^^^^^^^^^^^^^^^^^
C:\Program Files\Python314\Lib\site-packages\_pytest\fixtures.py:908: in call_fixture_func
    fixture_result = next(generator)
                     ^^^^^^^^^^^^^^^
C:\Program Files\Python314\Lib\site-packages\_pytest\tmpdir.py:267: in tmp_path
    path = _mk_tmp(request, tmp_path_factory)
           ^^^^^^^^^^^^^^^^^^^^^^^^^^^^^^^^^^
C:\Program Files\Python314\Lib\site-packages\_pytest\tmpdir.py:254: in _mk_tmp
    return factory.mktemp(name, numbered=True)
           ^^^^^^^^^^^^^^^^^^^^^^^^^^^^^^^^^^^
C:\Program Files\Python314\Lib\site-packages\_pytest\tmpdir.py:130: in mktemp
    basename = self._ensure_relative_to_basetemp(basename)
               ^^^^^^^^^^^^^^^^^^^^^^^^^^^^^^^^^^^^^^^^^^^
C:\Program Files\Python314\Lib\site-packages\_pytest\tmpdir.py:111: in _ensure_relative_to_basetemp
    if (self.getbasetemp() / basename).resolve().parent != self.getbasetemp():
        ^^^^^^^^^^^^^^^^^^
C:\Program Files\Python314\Lib\site-packages\_pytest\tmpdir.py:186: in getbasetemp
    basetemp = make_numbered_dir_with_cleanup(
C:\Program Files\Python314\Lib\site-packages\_pytest\pathlib.py:407: in make_numbered_dir_with_cleanup
    raise e
C:\Program Files\Python314\Lib\site-packages\_pytest\pathlib.py:388: in make_numbered_dir_with_cleanup
    p = make_numbered_dir(root, prefix, mode)
        ^^^^^^^^^^^^^^^^^^^^^^^^^^^^^^^^^^^^^
C:\Program Files\Python314\Lib\site-packages\_pytest\pathlib.py:229: in make_numbered_dir
    max_existing = max(map(parse_num, find_suffixes(root, prefix)), default=-1)
                   ^^^^^^^^^^^^^^^^^^^^^^^^^^^^^^^^^^^^^^^^^^^^^^^^^^^^^^^^^^^^
C:\Program Files\Python314\Lib\site-packages\_pytest\pathlib.py:188: in extract_suffixes
    for entry in iter:
                 ^^^^
C:\Program Files\Python314\Lib\site-packages\_pytest\pathlib.py:176: in find_prefixed
    for x in os.scandir(root):
             ^^^^^^^^^^^^^^^^
E   PermissionError: [WinError 5] Acesso negado: 'C:\\Users\\Ale e Mai\\AppData\\Local\\Temp\\pytest-of-Família Santiago'
=========================== short test summary info ===========================
ERROR tests/test_collections_manager.py::TestIntegridade::test_get_projects_retorna_referencia_interna_mutavel - PermissionError: [WinError 5] Acesso negado: 'C:\\Users\\Ale e Mai\\AppData\\Local\\Temp\\pytest-of-Família Santiago'
ERROR tests/test_collections_manager.py::TestIntegridade::test_save_load_preserva_projetos_com_paths_unicode - PermissionError: [WinError 5] Acesso negado: 'C:\\Users\\Ale e Mai\\AppData\\Local\\Temp\\pytest-of-Família Santiago'
ERROR tests/test_collections_manager.py::TestIntegridade::test_save_load_preserva_multiplas_colecoes - PermissionError: [WinError 5] Acesso negado: 'C:\\Users\\Ale e Mai\\AppData\\Local\\Temp\\pytest-of-Família Santiago'
ERROR tests/test_collections_manager.py::TestDadosInvalidos::test_create_collection_com_apenas_espacos - PermissionError: [WinError 5] Acesso negado: 'C:\\Users\\Ale e Mai\\AppData\\Local\\Temp\\pytest-of-Família Santiago'
ERROR tests/test_collections_manager.py::TestDadosInvalidos::test_create_collection_nome_muito_longo - PermissionError: [WinError 5] Acesso negado: 'C:\\Users\\Ale e Mai\\AppData\\Local\\Temp\\pytest-of-Família Santiago'
ERROR tests/test_collections_manager.py::TestDadosInvalidos::test_add_project_path_vazio - PermissionError: [WinError 5] Acesso negado: 'C:\\Users\\Ale e Mai\\AppData\\Local\\Temp\\pytest-of-Família Santiago'
ERROR tests/test_collections_manager.py::TestDadosInvalidos::test_add_project_path_none - PermissionError: [WinError 5] Acesso negado: 'C:\\Users\\Ale e Mai\\AppData\\Local\\Temp\\pytest-of-Família Santiago'
ERROR tests/test_collections_manager.py::TestDadosInvalidos::test_rename_para_nome_com_apenas_espacos - PermissionError: [WinError 5] Acesso negado: 'C:\\Users\\Ale e Mai\\AppData\\Local\\Temp\\pytest-of-Família Santiago'
ERROR tests/test_collections_manager.py::TestDadosInvalidos::test_colecao_com_projeto_duplicado_via_arquivo_externo - PermissionError: [WinError 5] Acesso negado: 'C:\\Users\\Ale e Mai\\AppData\\Local\\Temp\\pytest-of-Família Santiago'
ERROR tests/test_collections_manager.py::TestCorrupcao::test_collections_json_com_lista_em_vez_de_dict - PermissionError: [WinError 5] Acesso negado: 'C:\\Users\\Ale e Mai\\AppData\\Local\\Temp\\pytest-of-Família Santiago'
ERROR tests/test_collections_manager.py::TestCorrupcao::test_collections_json_com_projeto_nao_string - PermissionError: [WinError 5] Acesso negado: 'C:\\Users\\Ale e Mai\\AppData\\Local\\Temp\\pytest-of-Família Santiago'
ERROR tests/test_collections_manager.py::TestCorrupcao::test_arquivo_collections_sem_permissao_de_escrita - PermissionError: [WinError 5] Acesso negado: 'C:\\Users\\Ale e Mai\\AppData\\Local\\Temp\\pytest-of-Família Santiago'
ERROR tests/test_collections_manager.py::TestCleanOrphans::test_clean_orphans_com_valid_paths_none - PermissionError: [WinError 5] Acesso negado: 'C:\\Users\\Ale e Mai\\AppData\\Local\\Temp\\pytest-of-Família Santiago'
ERROR tests/test_collections_manager.py::TestCleanOrphans::test_clean_orphans_com_valid_paths_lista_em_vez_de_set - PermissionError: [WinError 5] Acesso negado: 'C:\\Users\\Ale e Mai\\AppData\\Local\\Temp\\pytest-of-Família Santiago'
ERROR tests/test_database.py::TestIntegridade::test_set_project_retorna_referencia_real_nao_copia - PermissionError: [WinError 5] Acesso negado: 'C:\\Users\\Ale e Mai\\AppData\\Local\\Temp\\pytest-of-Família Santiago'
ERROR tests/test_database.py::TestIntegridade::test_get_project_retorna_referencia_real_nao_copia - PermissionError: [WinError 5] Acesso negado: 'C:\\Users\\Ale e Mai\\AppData\\Local\\Temp\\pytest-of-Família Santiago'
ERROR tests/test_database.py::TestIntegridade::test_all_projects_retorna_copia_profunda - PermissionError: [WinError 5] Acesso negado: 'C:\\Users\\Ale e Mai\\AppData\\Local\\Temp\\pytest-of-Família Santiago'
ERROR tests/test_database.py::TestIntegridade::test_save_load_preserva_todos_os_campos - PermissionError: [WinError 5] Acesso negado: 'C:\\Users\\Ale e Mai\\AppData\\Local\\Temp\\pytest-of-Família Santiago'
ERROR tests/test_database.py::TestCorrupcao::test_database_json_truncado_nao_trava - PermissionError: [WinError 5] Acesso negado: 'C:\\Users\\Ale e Mai\\AppData\\Local\\Temp\\pytest-of-Família Santiago'
ERROR tests/test_database.py::TestCorrupcao::test_database_json_e_bak_ambos_corrompidos - PermissionError: [WinError 5] Acesso negado: 'C:\\Users\\Ale e Mai\\AppData\\Local\\Temp\\pytest-of-Família Santiago'
ERROR tests/test_database.py::TestCorrupcao::test_database_json_vazio_nao_e_dict - PermissionError: [WinError 5] Acesso negado: 'C:\\Users\\Ale e Mai\\AppData\\Local\\Temp\\pytest-of-Família Santiago'
ERROR tests/test_database.py::TestCorrupcao::test_config_sem_chave_folders_nao_quebra_app - PermissionError: [WinError 5] Acesso negado: 'C:\\Users\\Ale e Mai\\AppData\\Local\\Temp\\pytest-of-Família Santiago'
ERROR tests/test_database.py::TestDadosInvalidos::test_set_project_com_path_vazio - PermissionError: [WinError 5] Acesso negado: 'C:\\Users\\Ale e Mai\\AppData\\Local\\Temp\\pytest-of-Família Santiago'
ERROR tests/test_database.py::TestDadosInvalidos::test_set_project_com_data_none - PermissionError: [WinError 5] Acesso negado: 'C:\\Users\\Ale e Mai\\AppData\\Local\\Temp\\pytest-of-Família Santiago'
ERROR tests/test_database.py::TestDadosInvalidos::test_set_project_com_data_nao_serializavel - PermissionError: [WinError 5] Acesso negado: 'C:\\Users\\Ale e Mai\\AppData\\Local\\Temp\\pytest-of-Família Santiago'
ERROR tests/test_database.py::TestDadosInvalidos::test_remove_project_com_path_none - PermissionError: [WinError 5] Acesso negado: 'C:\\Users\\Ale e Mai\\AppData\\Local\\Temp\\pytest-of-Família Santiago'
ERROR tests/test_database.py::TestDadosInvalidos::test_has_project_com_path_none - PermissionError: [WinError 5] Acesso negado: 'C:\\Users\\Ale e Mai\\AppData\\Local\\Temp\\pytest-of-Família Santiago'
ERROR tests/test_database.py::TestDadosInvalidos::test_2000_projetos_save_load_integro - PermissionError: [WinError 5] Acesso negado: 'C:\\Users\\Ale e Mai\\AppData\\Local\\Temp\\pytest-of-Família Santiago'
ERROR tests/test_database.py::TestBackup::test_restore_backup_corrompido_nao_entra_em_loop - PermissionError: [WinError 5] Acesso negado: 'C:\\Users\\Ale e Mai\\AppData\\Local\\Temp\\pytest-of-Família Santiago'
ERROR tests/test_database.py::TestBackup::test_auto_backup_limita_quantidade - PermissionError: [WinError 5] Acesso negado: 'C:\\Users\\Ale e Mai\\AppData\\Local\\Temp\\pytest-of-Família Santiago'
ERROR tests/test_project_scanner.py::TestScanProjects::test_scan_pasta_inexistente_nao_trava - PermissionError: [WinError 5] Acesso negado: 'C:\\Users\\Ale e Mai\\AppData\\Local\\Temp\\pytest-of-Família Santiago'
ERROR tests/test_project_scanner.py::TestScanProjects::test_scan_com_folders_none_nao_trava - PermissionError: [WinError 5] Acesso negado: 'C:\\Users\\Ale e Mai\\AppData\\Local\\Temp\\pytest-of-Família Santiago'
ERROR tests/test_project_scanner.py::TestScanProjects::test_scan_com_folders_lista_vazia - PermissionError: [WinError 5] Acesso negado: 'C:\\Users\\Ale e Mai\\AppData\\Local\\Temp\\pytest-of-Família Santiago'
ERROR tests/test_project_scanner.py::TestScanProjects::test_scan_com_pasta_que_virou_arquivo - PermissionError: [WinError 5] Acesso negado: 'C:\\Users\\Ale e Mai\\AppData\\Local\\Temp\\pytest-of-Família Santiago'
ERROR tests/test_project_scanner.py::TestScanProjects::test_scan_adiciona_apenas_diretorios_nao_arquivos - PermissionError: [WinError 5] Acesso negado: 'C:\\Users\\Ale e Mai\\AppData\\Local\\Temp\\pytest-of-Família Santiago'
ERROR tests/test_project_scanner.py::TestScanProjects::test_scan_nao_readiciona_projetos_existentes - PermissionError: [WinError 5] Acesso negado: 'C:\\Users\\Ale e Mai\\AppData\\Local\\Temp\\pytest-of-Família Santiago'
ERROR tests/test_project_scanner.py::TestScanProjects::test_scan_projeto_com_nome_unicode - PermissionError: [WinError 5] Acesso negado: 'C:\\Users\\Ale e Mai\\AppData\\Local\\Temp\\pytest-of-Família Santiago'
ERROR tests/test_project_scanner.py::TestScanProjects::test_scan_preenche_todos_os_campos_obrigatorios - PermissionError: [WinError 5] Acesso negado: 'C:\\Users\\Ale e Mai\\AppData\\Local\\Temp\\pytest-of-Família Santiago'
ERROR tests/test_project_scanner.py::TestScanProjects::test_scan_1000_projetos_performance - PermissionError: [WinError 5] Acesso negado: 'C:\\Users\\Ale e Mai\\AppData\\Local\\Temp\\pytest-of-Família Santiago'
ERROR tests/test_project_scanner.py::TestExtractTags::test_nome_vazio_retorna_lista_vazia - PermissionError: [WinError 5] Acesso negado: 'C:\\Users\\Ale e Mai\\AppData\\Local\\Temp\\pytest-of-Família Santiago'
ERROR tests/test_project_scanner.py::TestExtractTags::test_nome_none_nao_trava - PermissionError: [WinError 5] Acesso negado: 'C:\\Users\\Ale e Mai\\AppData\\Local\\Temp\\pytest-of-Família Santiago'
ERROR tests/test_project_scanner.py::TestExtractTags::test_nome_so_numeros_retorna_lista_vazia - PermissionError: [WinError 5] Acesso negado: 'C:\\Users\\Ale e Mai\\AppData\\Local\\Temp\\pytest-of-Família Santiago'
ERROR tests/test_project_scanner.py::TestExtractTags::test_nome_com_stopwords_puras_retorna_lista_vazia - PermissionError: [WinError 5] Acesso negado: 'C:\\Users\\Ale e Mai\\AppData\\Local\\Temp\\pytest-of-Família Santiago'
ERROR tests/test_project_scanner.py::TestExtractTags::test_tags_nao_duplicadas - PermissionError: [WinError 5] Acesso negado: 'C:\\Users\\Ale e Mai\\AppData\\Local\\Temp\\pytest-of-Família Santiago'
ERROR tests/test_project_scanner.py::TestExtractTags::test_maximo_5_tags_retornadas - PermissionError: [WinError 5] Acesso negado: 'C:\\Users\\Ale e Mai\\AppData\\Local\\Temp\\pytest-of-Família Santiago'
ERROR tests/test_project_scanner.py::TestAnalyzeStructure::test_analyze_pasta_inexistente_retorna_estrutura_vazia - PermissionError: [WinError 5] Acesso negado: 'C:\\Users\\Ale e Mai\\AppData\\Local\\Temp\\pytest-of-Família Santiago'
ERROR tests/test_project_scanner.py::TestAnalyzeStructure::test_analyze_conta_arquivos_corretamente - PermissionError: [WinError 5] Acesso negado: 'C:\\Users\\Ale e Mai\\AppData\\Local\\Temp\\pytest-of-Família Santiago'
ERROR tests/test_project_scanner.py::TestAnalyzeStructure::test_analyze_projeto_vazio - PermissionError: [WinError 5] Acesso negado: 'C:\\Users\\Ale e Mai\\AppData\\Local\\Temp\\pytest-of-Família Santiago'
ERROR tests/test_selection_controller.py::TestCallbacksNaoConectados::test_toggle_mode_sem_callbacks_nao_trava - PermissionError: [WinError 5] Acesso negado: 'C:\\Users\\Ale e Mai\\AppData\\Local\\Temp\\pytest-of-Família Santiago'
ERROR tests/test_selection_controller.py::TestCallbacksNaoConectados::test_toggle_project_sem_callbacks_nao_trava - PermissionError: [WinError 5] Acesso negado: 'C:\\Users\\Ale e Mai\\AppData\\Local\\Temp\\pytest-of-Família Santiago'
ERROR tests/test_selection_controller.py::TestCallbacksNaoConectados::test_select_all_sem_callbacks_nao_trava - PermissionError: [WinError 5] Acesso negado: 'C:\\Users\\Ale e Mai\\AppData\\Local\\Temp\\pytest-of-Família Santiago'
ERROR tests/test_selection_controller.py::TestCallbacksNaoConectados::test_deselect_all_sem_callbacks_nao_trava - PermissionError: [WinError 5] Acesso negado: 'C:\\Users\\Ale e Mai\\AppData\\Local\\Temp\\pytest-of-Família Santiago'
ERROR tests/test_selection_controller.py::TestRemocaoCritica::test_remove_projeto_que_nao_existe_no_database - PermissionError: [WinError 5] Acesso negado: 'C:\\Users\\Ale e Mai\\AppData\\Local\\Temp\\pytest-of-Família Santiago'
ERROR tests/test_selection_controller.py::TestRemocaoCritica::test_remove_limpa_colecoes_do_projeto_removido - PermissionError: [WinError 5] Acesso negado: 'C:\\Users\\Ale e Mai\\AppData\\Local\\Temp\\pytest-of-Família Santiago'
ERROR tests/test_selection_controller.py::TestRemocaoCritica::test_remove_nao_persiste_sem_confirmacao - PermissionError: [WinError 5] Acesso negado: 'C:\\Users\\Ale e Mai\\AppData\\Local\\Temp\\pytest-of-Família Santiago'
ERROR tests/test_selection_controller.py::TestRemocaoCritica::test_remove_desativa_modo_selecao_apos_remocao - PermissionError: [WinError 5] Acesso negado: 'C:\\Users\\Ale e Mai\\AppData\\Local\\Temp\\pytest-of-Família Santiago'
ERROR tests/test_selection_controller.py::TestRemocaoCritica::test_remove_com_selected_paths_modificado_durante_iteracao - PermissionError: [WinError 5] Acesso negado: 'C:\\Users\\Ale e Mai\\AppData\\Local\\Temp\\pytest-of-Família Santiago'
ERROR tests/test_selection_controller.py::TestEstadoInconsistente::test_selected_paths_fora_do_modo_selecao - PermissionError: [WinError 5] Acesso negado: 'C:\\Users\\Ale e Mai\\AppData\\Local\\Temp\\pytest-of-Família Santiago'
ERROR tests/test_selection_controller.py::TestEstadoInconsistente::test_toggle_project_com_path_none - PermissionError: [WinError 5] Acesso negado: 'C:\\Users\\Ale e Mai\\AppData\\Local\\Temp\\pytest-of-Família Santiago'
ERROR tests/test_selection_controller.py::TestEstadoInconsistente::test_select_all_com_lista_vazia - PermissionError: [WinError 5] Acesso negado: 'C:\\Users\\Ale e Mai\\AppData\\Local\\Temp\\pytest-of-Família Santiago'
ERROR tests/test_selection_controller.py::TestEstadoInconsistente::test_select_all_com_paths_duplicados - PermissionError: [WinError 5] Acesso negado: 'C:\\Users\\Ale e Mai\\AppData\\Local\\Temp\\pytest-of-Família Santiago'
======================= 1 warning, 61 errors in 38.08s ========================
