 
================================================================ 
  06 - PYTEST REPORT - LASERFLIX 
  Data: 2026-03-09_224407 
================================================================ 
 
--- RESULTADO DOS TESTES --- 
============================= test session starts =============================
collecting ... collected 55 items

tests/test_collections_manager.py::TestCreateCollection::test_create_retorna_true PASSED [  1%]
tests/test_collections_manager.py::TestCreateCollection::test_create_aparece_na_lista PASSED [  3%]
tests/test_collections_manager.py::TestCreateCollection::test_create_duplicada_retorna_false PASSED [  5%]
tests/test_collections_manager.py::TestCreateCollection::test_create_nome_vazio_retorna_false PASSED [  7%]
tests/test_collections_manager.py::TestCreateCollection::test_add_collection_alias PASSED [  9%]
tests/test_collections_manager.py::TestRenameDeleteCollection::test_rename_funciona PASSED [ 10%]
tests/test_collections_manager.py::TestRenameDeleteCollection::test_rename_preserva_projetos PASSED [ 12%]
tests/test_collections_manager.py::TestRenameDeleteCollection::test_delete_remove_colecao PASSED [ 14%]
tests/test_collections_manager.py::TestRenameDeleteCollection::test_delete_inexistente_retorna_false PASSED [ 16%]
tests/test_collections_manager.py::TestProjectsInCollection::test_add_projeto_a_colecao PASSED [ 18%]
tests/test_collections_manager.py::TestProjectsInCollection::test_add_projeto_duplicado_retorna_false PASSED [ 20%]
tests/test_collections_manager.py::TestProjectsInCollection::test_remove_projeto_da_colecao PASSED [ 21%]
tests/test_collections_manager.py::TestProjectsInCollection::test_projeto_em_multiplas_colecoes PASSED [ 23%]
tests/test_collections_manager.py::TestProjectsInCollection::test_is_project_in_collection PASSED [ 25%]
tests/test_collections_manager.py::TestUtilities::test_clean_orphans_remove_paths_invalidos PASSED [ 27%]
tests/test_collections_manager.py::TestUtilities::test_clean_orphans_sem_fantasmas_retorna_zero PASSED [ 29%]
tests/test_collections_manager.py::TestUtilities::test_get_stats PASSED  [ 30%]
tests/test_collections_manager.py::TestUtilities::test_persistencia_reload PASSED [ 32%]
tests/test_database.py::TestDatabaseLoad::test_load_inexistente_retorna_vazio PASSED [ 34%]
tests/test_database.py::TestDatabaseLoad::test_load_dados_existentes PASSED [ 36%]
tests/test_database.py::TestDatabaseLoad::test_load_json_corrompido_retorna_vazio PASSED [ 38%]
tests/test_database.py::TestDatabaseLoad::test_load_usa_bak_quando_principal_corrompido PASSED [ 40%]
tests/test_database.py::TestDatabaseLoad::test_load_migra_category_para_categories PASSED [ 41%]
tests/test_database.py::TestDatabaseSave::test_save_persiste_em_disco PASSED [ 43%]
tests/test_database.py::TestDatabaseSave::test_save_cria_bak_na_segunda_gravacao PASSED [ 45%]
tests/test_database.py::TestDatabaseSave::test_escrita_atomica_sem_arquivo_tmp PASSED [ 47%]
tests/test_database.py::TestDatabaseSave::test_reload_apos_save_preserva_dados PASSED [ 49%]
tests/test_database.py::TestDatabaseAPI::test_get_project_existente PASSED [ 50%]
tests/test_database.py::TestDatabaseAPI::test_get_project_inexistente_retorna_none PASSED [ 52%]
tests/test_database.py::TestDatabaseAPI::test_set_project_insere PASSED  [ 54%]
tests/test_database.py::TestDatabaseAPI::test_set_project_atualiza PASSED [ 56%]
tests/test_database.py::TestDatabaseAPI::test_remove_project_existente_retorna_true PASSED [ 58%]
tests/test_database.py::TestDatabaseAPI::test_remove_project_inexistente_retorna_false PASSED [ 60%]
tests/test_database.py::TestDatabaseAPI::test_has_project_true PASSED    [ 61%]
tests/test_database.py::TestDatabaseAPI::test_has_project_false PASSED   [ 63%]
tests/test_database.py::TestDatabaseAPI::test_all_paths_retorna_todos PASSED [ 65%]
tests/test_database.py::TestDatabaseAPI::test_all_projects_retorna_copia PASSED [ 67%]
tests/test_database.py::TestDatabaseAPI::test_project_count PASSED       [ 69%]
tests/test_database.py::TestDatabaseAPI::test_iter_projects PASSED       [ 70%]
tests/test_selection_controller.py::TestToggleMode::test_ativa_modo_selecao PASSED [ 72%]
tests/test_selection_controller.py::TestToggleMode::test_desativa_modo_selecao PASSED [ 74%]
tests/test_selection_controller.py::TestToggleMode::test_desativar_limpa_selecao PASSED [ 76%]
tests/test_selection_controller.py::TestToggleMode::test_callback_on_mode_changed_chamado PASSED [ 78%]
tests/test_selection_controller.py::TestToggleProject::test_adiciona_projeto_na_selecao PASSED [ 80%]
tests/test_selection_controller.py::TestToggleProject::test_remove_projeto_ja_selecionado PASSED [ 81%]
tests/test_selection_controller.py::TestToggleProject::test_toggle_fora_do_modo_nao_faz_nada PASSED [ 83%]
tests/test_selection_controller.py::TestToggleProject::test_select_all PASSED [ 85%]
tests/test_selection_controller.py::TestToggleProject::test_deselect_all PASSED [ 87%]
tests/test_selection_controller.py::TestRemoveSelected::test_remove_da_memoria PASSED [ 89%]
tests/test_selection_controller.py::TestRemoveSelected::test_remove_persiste_em_disco PASSED [ 90%]
tests/test_selection_controller.py::TestRemoveSelected::test_remove_nao_toca_outros_projetos PASSED [ 92%]
tests/test_selection_controller.py::TestRemoveSelected::test_remove_chama_callback_projects_removed PASSED [ 94%]
tests/test_selection_controller.py::TestRemoveSelected::test_remove_chama_callback_refresh PASSED [ 96%]
tests/test_selection_controller.py::TestRemoveSelected::test_remove_selecao_vazia_nao_remove_nada PASSED [ 98%]
tests/test_selection_controller.py::TestRemoveSelected::test_cancel_confirmacao_nao_remove PASSED [100%]

======================== 55 passed, 1 warning in 0.73s ========================
 
--- COBERTURA DE CODIGO --- 
============================= test session starts =============================
collected 55 items

tests\test_collections_manager.py ..................                     [ 32%]
tests\test_database.py .....................                             [ 70%]
tests\test_selection_controller.py ................                      [100%]

=============================== tests coverage ================================
_______________ coverage: platform win32, python 3.14.3-final-0 _______________

Name                                             Stmts   Miss  Cover   Missing
------------------------------------------------------------------------------
config\__init__.py                                   0      0   100%
config\card_layout.py                                5      5     0%   24-28
config\constants.py                                  5      5     0%   9-91
config\settings.py                                  22      0   100%
config\ui_constants.py                              55     55     0%   11-151
core\__init__.py                                     0      0   100%
core\collections_manager.py                        127     27    79%   68-80, 95-104, 144-145, 148-149, 152-153, 182, 194-195, 217-218, 221-222, 238
core\database.py                                   155     78    50%   89-121, 125, 154-170, 180-203, 207-220, 235-236, 242-257, 275-276, 280-284
core\database_controller.py                         52     52     0%   7-123
core\performance\__init__.py                         4      4     0%   13-17
core\performance\filter_cache.py                    60     60     0%   27-203
core\performance\predictive_preloader.py            63     63     0%   27-208
core\performance\viewport_manager.py                65     65     0%   28-209
core\project_scanner.py                             90     90     0%   4-190
core\protocols.py                                   12     12     0%   14-44
core\thumbnail_cache.py                            142    142     0%   14-258
core\thumbnail_preloader.py                        113    113     0%   23-326
core\virtual_scroll_manager.py                     104    104     0%   23-297
ui\__init__.py                                       0      0   100%
ui\collections_dialog.py                           169    169     0%   15-389
ui\components\__init__.py                            0      0   100%
ui\components\pagination_controls.py                 2      2     0%   9-10
ui\components\selection_bar.py                      56     56     0%   7-160
ui\components\status_bar.py                         27     27     0%   9-70
ui\controllers\__init__.py                           0      0   100%
ui\controllers\analysis_controller.py              122    122     0%   17-299
ui\controllers\collection_controller.py             33     33     0%   8-75
ui\controllers\optimized_display_controller.py     198    198     0%   14-306
ui\controllers\selection_controller.py              75     13    83%   53, 69, 73, 78, 84-85, 88, 94-95, 100, 127-128, 139
ui\duplicate_resolution_dialog.py                   92     92     0%   8-163
ui\edit_modal.py                                    65     65     0%   6-125
ui\header.py                                        80     80     0%   17-304
ui\import_mode_dialog.py                           103    103     0%   13-198
ui\import_preview_dialog.py                         75     75     0%   8-133
ui\main_window.py                                  310    310     0%   31-581
ui\model_settings_dialog.py                        138    138     0%   14-298
ui\prepare_folders_dialog.py                       128    128     0%   8-212
ui\project_card.py                                 158    158     0%   15-397
ui\project_modal.py                                239    239     0%   8-410
ui\recursive_import_integration.py                 210    210     0%   45-470
ui\sidebar.py                                      134    134     0%   9-273
ui\virtual_scroll.py                               103    103     0%   14-249
utils\__init__.py                                    0      0   100%
utils\duplicate_detector.py                         54     54     0%   38-274
utils\logging_setup.py                              17      1    94%   18
utils\name_translator.py                            38     38     0%   9-449
utils\platform_utils.py                             30     30     0%   4-47
utils\recursive_scanner.py                          94     94     0%   12-169
utils\text_utils.py                                 13     13     0%   5-69
------------------------------------------------------------------------------
TOTAL                                             3837   3560     7%
======================== 55 passed, 1 warning in 1.65s ========================
 
================================================================ 
  FIM DO RELATÓRIO 
================================================================ 
