============================= test session starts =============================
collecting ... collected 55 items

tests/test_collections_manager.py::TestCreateCollection::test_create_retorna_true ERROR [  1%]
tests/test_collections_manager.py::TestCreateCollection::test_create_aparece_na_lista ERROR [  3%]
tests/test_collections_manager.py::TestCreateCollection::test_create_duplicada_retorna_false ERROR [  5%]
tests/test_collections_manager.py::TestCreateCollection::test_create_nome_vazio_retorna_false ERROR [  7%]
tests/test_collections_manager.py::TestCreateCollection::test_add_collection_alias ERROR [  9%]
tests/test_collections_manager.py::TestRenameDeleteCollection::test_rename_funciona ERROR [ 10%]
tests/test_collections_manager.py::TestRenameDeleteCollection::test_rename_preserva_projetos ERROR [ 12%]
tests/test_collections_manager.py::TestRenameDeleteCollection::test_delete_remove_colecao ERROR [ 14%]
tests/test_collections_manager.py::TestRenameDeleteCollection::test_delete_inexistente_retorna_false ERROR [ 16%]
tests/test_collections_manager.py::TestProjectsInCollection::test_add_projeto_a_colecao ERROR [ 18%]
tests/test_collections_manager.py::TestProjectsInCollection::test_add_projeto_duplicado_retorna_false ERROR [ 20%]
tests/test_collections_manager.py::TestProjectsInCollection::test_remove_projeto_da_colecao ERROR [ 21%]
tests/test_collections_manager.py::TestProjectsInCollection::test_projeto_em_multiplas_colecoes ERROR [ 23%]
tests/test_collections_manager.py::TestProjectsInCollection::test_is_project_in_collection ERROR [ 25%]
tests/test_collections_manager.py::TestUtilities::test_clean_orphans_remove_paths_invalidos ERROR [ 27%]
tests/test_collections_manager.py::TestUtilities::test_clean_orphans_sem_fantasmas_retorna_zero ERROR [ 29%]
tests/test_collections_manager.py::TestUtilities::test_get_stats ERROR   [ 30%]
tests/test_collections_manager.py::TestUtilities::test_persistencia_reload ERROR [ 32%]
tests/test_database.py::TestDatabaseLoad::test_load_inexistente_retorna_vazio ERROR [ 34%]
tests/test_database.py::TestDatabaseLoad::test_load_dados_existentes ERROR [ 36%]
tests/test_database.py::TestDatabaseLoad::test_load_json_corrompido_retorna_vazio ERROR [ 38%]
tests/test_database.py::TestDatabaseLoad::test_load_usa_bak_quando_principal_corrompido ERROR [ 40%]
tests/test_database.py::TestDatabaseLoad::test_load_migra_category_para_categories ERROR [ 41%]
tests/test_database.py::TestDatabaseSave::test_save_persiste_em_disco ERROR [ 43%]
tests/test_database.py::TestDatabaseSave::test_save_cria_bak_na_segunda_gravacao ERROR [ 45%]
tests/test_database.py::TestDatabaseSave::test_escrita_atomica_sem_arquivo_tmp ERROR [ 47%]
tests/test_database.py::TestDatabaseSave::test_reload_apos_save_preserva_dados ERROR [ 49%]
tests/test_database.py::TestDatabaseAPI::test_get_project_existente ERROR [ 50%]
tests/test_database.py::TestDatabaseAPI::test_get_project_inexistente_retorna_none ERROR [ 52%]
tests/test_database.py::TestDatabaseAPI::test_set_project_insere ERROR   [ 54%]
tests/test_database.py::TestDatabaseAPI::test_set_project_atualiza ERROR [ 56%]
tests/test_database.py::TestDatabaseAPI::test_remove_project_existente_retorna_true ERROR [ 58%]
tests/test_database.py::TestDatabaseAPI::test_remove_project_inexistente_retorna_false ERROR [ 60%]
tests/test_database.py::TestDatabaseAPI::test_has_project_true ERROR     [ 61%]
tests/test_database.py::TestDatabaseAPI::test_has_project_false ERROR    [ 63%]
tests/test_database.py::TestDatabaseAPI::test_all_paths_retorna_todos ERROR [ 65%]
tests/test_database.py::TestDatabaseAPI::test_all_projects_retorna_copia ERROR [ 67%]
tests/test_database.py::TestDatabaseAPI::test_project_count ERROR        [ 69%]
tests/test_database.py::TestDatabaseAPI::test_iter_projects ERROR        [ 70%]
tests/test_selection_controller.py::TestToggleMode::test_ativa_modo_selecao ERROR [ 72%]
tests/test_selection_controller.py::TestToggleMode::test_desativa_modo_selecao ERROR [ 74%]
tests/test_selection_controller.py::TestToggleMode::test_desativar_limpa_selecao ERROR [ 76%]
tests/test_selection_controller.py::TestToggleMode::test_callback_on_mode_changed_chamado ERROR [ 78%]
tests/test_selection_controller.py::TestToggleProject::test_adiciona_projeto_na_selecao ERROR [ 80%]
tests/test_selection_controller.py::TestToggleProject::test_remove_projeto_ja_selecionado ERROR [ 81%]
tests/test_selection_controller.py::TestToggleProject::test_toggle_fora_do_modo_nao_faz_nada ERROR [ 83%]
tests/test_selection_controller.py::TestToggleProject::test_select_all ERROR [ 85%]
tests/test_selection_controller.py::TestToggleProject::test_deselect_all ERROR [ 87%]
tests/test_selection_controller.py::TestRemoveSelected::test_remove_da_memoria ERROR [ 89%]
tests/test_selection_controller.py::TestRemoveSelected::test_remove_persiste_em_disco ERROR [ 90%]
tests/test_selection_controller.py::TestRemoveSelected::test_remove_nao_toca_outros_projetos ERROR [ 92%]
tests/test_selection_controller.py::TestRemoveSelected::test_remove_chama_callback_projects_removed ERROR [ 94%]
tests/test_selection_controller.py::TestRemoveSelected::test_remove_chama_callback_refresh ERROR [ 96%]
tests/test_selection_controller.py::TestRemoveSelected::test_remove_selecao_vazia_nao_remove_nada ERROR [ 98%]
tests/test_selection_controller.py::TestRemoveSelected::test_cancel_confirmacao_nao_remove ERROR [100%]

=================================== ERRORS ====================================
_______ ERROR at setup of TestCreateCollection.test_create_retorna_true _______
C:\Program Files\Python314\Lib\site-packages\_pytest\runner.py:353: in from_call
    result: TResult | None = func()
                             ^^^^^^
C:\Program Files\Python314\Lib\site-packages\_pytest\runner.py:245: in <lambda>
    lambda: runtest_hook(item=item, **kwds),
            ^^^^^^^^^^^^^^^^^^^^^^^^^^^^^^^
C:\Program Files\Python314\Lib\site-packages\pluggy\_hooks.py:512: in __call__
    return self._hookexec(self.name, self._hookimpls.copy(), kwargs, firstresult)
           ^^^^^^^^^^^^^^^^^^^^^^^^^^^^^^^^^^^^^^^^^^^^^^^^^^^^^^^^^^^^^^^^^^^^^^
C:\Program Files\Python314\Lib\site-packages\pluggy\_manager.py:120: in _hookexec
    return self._inner_hookexec(hook_name, methods, kwargs, firstresult)
           ^^^^^^^^^^^^^^^^^^^^^^^^^^^^^^^^^^^^^^^^^^^^^^^^^^^^^^^^^^^^^
C:\Program Files\Python314\Lib\site-packages\_pytest\logging.py:843: in pytest_runtest_setup
    yield
C:\Program Files\Python314\Lib\site-packages\_pytest\capture.py:895: in pytest_runtest_setup
    return (yield)
            ^^^^^
C:\Program Files\Python314\Lib\site-packages\_pytest\runner.py:165: in pytest_runtest_setup
    item.session._setupstate.setup(item)
C:\Program Files\Python314\Lib\site-packages\_pytest\runner.py:523: in setup
    col.setup()
C:\Program Files\Python314\Lib\site-packages\_pytest\python.py:1723: in setup
    self._request._fillfixtures()
C:\Program Files\Python314\Lib\site-packages\_pytest\fixtures.py:707: in _fillfixtures
    item.funcargs[argname] = self.getfixturevalue(argname)
                             ^^^^^^^^^^^^^^^^^^^^^^^^^^^^^
C:\Program Files\Python314\Lib\site-packages\_pytest\fixtures.py:539: in getfixturevalue
    fixturedef = self._get_active_fixturedef(argname)
                 ^^^^^^^^^^^^^^^^^^^^^^^^^^^^^^^^^^^^
C:\Program Files\Python314\Lib\site-packages\_pytest\fixtures.py:627: in _get_active_fixturedef
    fixturedef.execute(request=subrequest)
C:\Program Files\Python314\Lib\site-packages\_pytest\fixtures.py:1068: in execute
    fixturedef = request._get_active_fixturedef(argname)
                 ^^^^^^^^^^^^^^^^^^^^^^^^^^^^^^^^^^^^^^^
C:\Program Files\Python314\Lib\site-packages\_pytest\fixtures.py:627: in _get_active_fixturedef
    fixturedef.execute(request=subrequest)
C:\Program Files\Python314\Lib\site-packages\_pytest\fixtures.py:1110: in execute
    result: FixtureValue = ihook.pytest_fixture_setup(
C:\Program Files\Python314\Lib\site-packages\pluggy\_hooks.py:512: in __call__
    return self._hookexec(self.name, self._hookimpls.copy(), kwargs, firstresult)
           ^^^^^^^^^^^^^^^^^^^^^^^^^^^^^^^^^^^^^^^^^^^^^^^^^^^^^^^^^^^^^^^^^^^^^^
C:\Program Files\Python314\Lib\site-packages\pluggy\_manager.py:120: in _hookexec
    return self._inner_hookexec(hook_name, methods, kwargs, firstresult)
           ^^^^^^^^^^^^^^^^^^^^^^^^^^^^^^^^^^^^^^^^^^^^^^^^^^^^^^^^^^^^^
C:\Program Files\Python314\Lib\site-packages\pluggy\_callers.py:53: in run_old_style_hookwrapper
    return result.get_result()
           ^^^^^^^^^^^^^^^^^^^
C:\Program Files\Python314\Lib\site-packages\pluggy\_callers.py:38: in run_old_style_hookwrapper
    res = yield
          ^^^^^
C:\Program Files\Python314\Lib\site-packages\_pytest\setuponly.py:36: in pytest_fixture_setup
    return (yield)
            ^^^^^
C:\Program Files\Python314\Lib\site-packages\_pytest\fixtures.py:1202: in pytest_fixture_setup
    result = call_fixture_func(fixturefunc, request, kwargs)
             ^^^^^^^^^^^^^^^^^^^^^^^^^^^^^^^^^^^^^^^^^^^^^^^
C:\Program Files\Python314\Lib\site-packages\_pytest\fixtures.py:908: in call_fixture_func
    fixture_result = next(generator)
                     ^^^^^^^^^^^^^^^
C:\Program Files\Python314\Lib\site-packages\_pytest\tmpdir.py:267: in tmp_path
    path = _mk_tmp(request, tmp_path_factory)
           ^^^^^^^^^^^^^^^^^^^^^^^^^^^^^^^^^^
C:\Program Files\Python314\Lib\site-packages\_pytest\tmpdir.py:254: in _mk_tmp
    return factory.mktemp(name, numbered=True)
           ^^^^^^^^^^^^^^^^^^^^^^^^^^^^^^^^^^^
C:\Program Files\Python314\Lib\site-packages\_pytest\tmpdir.py:130: in mktemp
    basename = self._ensure_relative_to_basetemp(basename)
               ^^^^^^^^^^^^^^^^^^^^^^^^^^^^^^^^^^^^^^^^^^^
C:\Program Files\Python314\Lib\site-packages\_pytest\tmpdir.py:111: in _ensure_relative_to_basetemp
    if (self.getbasetemp() / basename).resolve().parent != self.getbasetemp():
        ^^^^^^^^^^^^^^^^^^
C:\Program Files\Python314\Lib\site-packages\_pytest\tmpdir.py:186: in getbasetemp
    basetemp = make_numbered_dir_with_cleanup(
C:\Program Files\Python314\Lib\site-packages\_pytest\pathlib.py:407: in make_numbered_dir_with_cleanup
    raise e
C:\Program Files\Python314\Lib\site-packages\_pytest\pathlib.py:388: in make_numbered_dir_with_cleanup
    p = make_numbered_dir(root, prefix, mode)
        ^^^^^^^^^^^^^^^^^^^^^^^^^^^^^^^^^^^^^
C:\Program Files\Python314\Lib\site-packages\_pytest\pathlib.py:229: in make_numbered_dir
    max_existing = max(map(parse_num, find_suffixes(root, prefix)), default=-1)
                   ^^^^^^^^^^^^^^^^^^^^^^^^^^^^^^^^^^^^^^^^^^^^^^^^^^^^^^^^^^^^
C:\Program Files\Python314\Lib\site-packages\_pytest\pathlib.py:188: in extract_suffixes
    for entry in iter:
                 ^^^^
C:\Program Files\Python314\Lib\site-packages\_pytest\pathlib.py:176: in find_prefixed
    for x in os.scandir(root):
             ^^^^^^^^^^^^^^^^
E   PermissionError: [WinError 5] Acesso negado: 'C:\\Users\\Ale e Mai\\AppData\\Local\\Temp\\pytest-of-Família Santiago'
_____ ERROR at setup of TestCreateCollection.test_create_aparece_na_lista _____
C:\Program Files\Python314\Lib\site-packages\_pytest\runner.py:353: in from_call
    result: TResult | None = func()
                             ^^^^^^
C:\Program Files\Python314\Lib\site-packages\_pytest\runner.py:245: in <lambda>
    lambda: runtest_hook(item=item, **kwds),
            ^^^^^^^^^^^^^^^^^^^^^^^^^^^^^^^
C:\Program Files\Python314\Lib\site-packages\pluggy\_hooks.py:512: in __call__
    return self._hookexec(self.name, self._hookimpls.copy(), kwargs, firstresult)
           ^^^^^^^^^^^^^^^^^^^^^^^^^^^^^^^^^^^^^^^^^^^^^^^^^^^^^^^^^^^^^^^^^^^^^^
C:\Program Files\Python314\Lib\site-packages\pluggy\_manager.py:120: in _hookexec
    return self._inner_hookexec(hook_name, methods, kwargs, firstresult)
           ^^^^^^^^^^^^^^^^^^^^^^^^^^^^^^^^^^^^^^^^^^^^^^^^^^^^^^^^^^^^^
C:\Program Files\Python314\Lib\site-packages\_pytest\logging.py:843: in pytest_runtest_setup
    yield
C:\Program Files\Python314\Lib\site-packages\_pytest\capture.py:895: in pytest_runtest_setup
    return (yield)
            ^^^^^
C:\Program Files\Python314\Lib\site-packages\_pytest\runner.py:165: in pytest_runtest_setup
    item.session._setupstate.setup(item)
C:\Program Files\Python314\Lib\site-packages\_pytest\runner.py:523: in setup
    col.setup()
C:\Program Files\Python314\Lib\site-packages\_pytest\python.py:1723: in setup
    self._request._fillfixtures()
C:\Program Files\Python314\Lib\site-packages\_pytest\fixtures.py:707: in _fillfixtures
    item.funcargs[argname] = self.getfixturevalue(argname)
                             ^^^^^^^^^^^^^^^^^^^^^^^^^^^^^
C:\Program Files\Python314\Lib\site-packages\_pytest\fixtures.py:539: in getfixturevalue
    fixturedef = self._get_active_fixturedef(argname)
                 ^^^^^^^^^^^^^^^^^^^^^^^^^^^^^^^^^^^^
C:\Program Files\Python314\Lib\site-packages\_pytest\fixtures.py:627: in _get_active_fixturedef
    fixturedef.execute(request=subrequest)
C:\Program Files\Python314\Lib\site-packages\_pytest\fixtures.py:1068: in execute
    fixturedef = request._get_active_fixturedef(argname)
                 ^^^^^^^^^^^^^^^^^^^^^^^^^^^^^^^^^^^^^^^
C:\Program Files\Python314\Lib\site-packages\_pytest\fixtures.py:627: in _get_active_fixturedef
    fixturedef.execute(request=subrequest)
C:\Program Files\Python314\Lib\site-packages\_pytest\fixtures.py:1110: in execute
    result: FixtureValue = ihook.pytest_fixture_setup(
C:\Program Files\Python314\Lib\site-packages\pluggy\_hooks.py:512: in __call__
    return self._hookexec(self.name, self._hookimpls.copy(), kwargs, firstresult)
           ^^^^^^^^^^^^^^^^^^^^^^^^^^^^^^^^^^^^^^^^^^^^^^^^^^^^^^^^^^^^^^^^^^^^^^
C:\Program Files\Python314\Lib\site-packages\pluggy\_manager.py:120: in _hookexec
    return self._inner_hookexec(hook_name, methods, kwargs, firstresult)
           ^^^^^^^^^^^^^^^^^^^^^^^^^^^^^^^^^^^^^^^^^^^^^^^^^^^^^^^^^^^^^
C:\Program Files\Python314\Lib\site-packages\pluggy\_callers.py:53: in run_old_style_hookwrapper
    return result.get_result()
           ^^^^^^^^^^^^^^^^^^^
C:\Program Files\Python314\Lib\site-packages\pluggy\_callers.py:38: in run_old_style_hookwrapper
    res = yield
          ^^^^^
C:\Program Files\Python314\Lib\site-packages\_pytest\setuponly.py:36: in pytest_fixture_setup
    return (yield)
            ^^^^^
C:\Program Files\Python314\Lib\site-packages\_pytest\fixtures.py:1202: in pytest_fixture_setup
    result = call_fixture_func(fixturefunc, request, kwargs)
             ^^^^^^^^^^^^^^^^^^^^^^^^^^^^^^^^^^^^^^^^^^^^^^^
C:\Program Files\Python314\Lib\site-packages\_pytest\fixtures.py:908: in call_fixture_func
    fixture_result = next(generator)
                     ^^^^^^^^^^^^^^^
C:\Program Files\Python314\Lib\site-packages\_pytest\tmpdir.py:267: in tmp_path
    path = _mk_tmp(request, tmp_path_factory)
           ^^^^^^^^^^^^^^^^^^^^^^^^^^^^^^^^^^
C:\Program Files\Python314\Lib\site-packages\_pytest\tmpdir.py:254: in _mk_tmp
    return factory.mktemp(name, numbered=True)
           ^^^^^^^^^^^^^^^^^^^^^^^^^^^^^^^^^^^
C:\Program Files\Python314\Lib\site-packages\_pytest\tmpdir.py:130: in mktemp
    basename = self._ensure_relative_to_basetemp(basename)
               ^^^^^^^^^^^^^^^^^^^^^^^^^^^^^^^^^^^^^^^^^^^
C:\Program Files\Python314\Lib\site-packages\_pytest\tmpdir.py:111: in _ensure_relative_to_basetemp
    if (self.getbasetemp() / basename).resolve().parent != self.getbasetemp():
        ^^^^^^^^^^^^^^^^^^
C:\Program Files\Python314\Lib\site-packages\_pytest\tmpdir.py:186: in getbasetemp
    basetemp = make_numbered_dir_with_cleanup(
C:\Program Files\Python314\Lib\site-packages\_pytest\pathlib.py:407: in make_numbered_dir_with_cleanup
    raise e
C:\Program Files\Python314\Lib\site-packages\_pytest\pathlib.py:388: in make_numbered_dir_with_cleanup
    p = make_numbered_dir(root, prefix, mode)
        ^^^^^^^^^^^^^^^^^^^^^^^^^^^^^^^^^^^^^
C:\Program Files\Python314\Lib\site-packages\_pytest\pathlib.py:229: in make_numbered_dir
    max_existing = max(map(parse_num, find_suffixes(root, prefix)), default=-1)
                   ^^^^^^^^^^^^^^^^^^^^^^^^^^^^^^^^^^^^^^^^^^^^^^^^^^^^^^^^^^^^
C:\Program Files\Python314\Lib\site-packages\_pytest\pathlib.py:188: in extract_suffixes
    for entry in iter:
                 ^^^^
C:\Program Files\Python314\Lib\site-packages\_pytest\pathlib.py:176: in find_prefixed
    for x in os.scandir(root):
             ^^^^^^^^^^^^^^^^
E   PermissionError: [WinError 5] Acesso negado: 'C:\\Users\\Ale e Mai\\AppData\\Local\\Temp\\pytest-of-Família Santiago'
_ ERROR at setup of TestCreateCollection.test_create_duplicada_retorna_false __
C:\Program Files\Python314\Lib\site-packages\_pytest\runner.py:353: in from_call
    result: TResult | None = func()
                             ^^^^^^
C:\Program Files\Python314\Lib\site-packages\_pytest\runner.py:245: in <lambda>
    lambda: runtest_hook(item=item, **kwds),
            ^^^^^^^^^^^^^^^^^^^^^^^^^^^^^^^
C:\Program Files\Python314\Lib\site-packages\pluggy\_hooks.py:512: in __call__
    return self._hookexec(self.name, self._hookimpls.copy(), kwargs, firstresult)
           ^^^^^^^^^^^^^^^^^^^^^^^^^^^^^^^^^^^^^^^^^^^^^^^^^^^^^^^^^^^^^^^^^^^^^^
C:\Program Files\Python314\Lib\site-packages\pluggy\_manager.py:120: in _hookexec
    return self._inner_hookexec(hook_name, methods, kwargs, firstresult)
           ^^^^^^^^^^^^^^^^^^^^^^^^^^^^^^^^^^^^^^^^^^^^^^^^^^^^^^^^^^^^^
C:\Program Files\Python314\Lib\site-packages\_pytest\logging.py:843: in pytest_runtest_setup
    yield
C:\Program Files\Python314\Lib\site-packages\_pytest\capture.py:895: in pytest_runtest_setup
    return (yield)
            ^^^^^
C:\Program Files\Python314\Lib\site-packages\_pytest\runner.py:165: in pytest_runtest_setup
    item.session._setupstate.setup(item)
C:\Program Files\Python314\Lib\site-packages\_pytest\runner.py:523: in setup
    col.setup()
C:\Program Files\Python314\Lib\site-packages\_pytest\python.py:1723: in setup
    self._request._fillfixtures()
C:\Program Files\Python314\Lib\site-packages\_pytest\fixtures.py:707: in _fillfixtures
    item.funcargs[argname] = self.getfixturevalue(argname)
                             ^^^^^^^^^^^^^^^^^^^^^^^^^^^^^
C:\Program Files\Python314\Lib\site-packages\_pytest\fixtures.py:539: in getfixturevalue
    fixturedef = self._get_active_fixturedef(argname)
                 ^^^^^^^^^^^^^^^^^^^^^^^^^^^^^^^^^^^^
C:\Program Files\Python314\Lib\site-packages\_pytest\fixtures.py:627: in _get_active_fixturedef
    fixturedef.execute(request=subrequest)
C:\Program Files\Python314\Lib\site-packages\_pytest\fixtures.py:1068: in execute
    fixturedef = request._get_active_fixturedef(argname)
                 ^^^^^^^^^^^^^^^^^^^^^^^^^^^^^^^^^^^^^^^
C:\Program Files\Python314\Lib\site-packages\_pytest\fixtures.py:627: in _get_active_fixturedef
    fixturedef.execute(request=subrequest)
C:\Program Files\Python314\Lib\site-packages\_pytest\fixtures.py:1110: in execute
    result: FixtureValue = ihook.pytest_fixture_setup(
C:\Program Files\Python314\Lib\site-packages\pluggy\_hooks.py:512: in __call__
    return self._hookexec(self.name, self._hookimpls.copy(), kwargs, firstresult)
           ^^^^^^^^^^^^^^^^^^^^^^^^^^^^^^^^^^^^^^^^^^^^^^^^^^^^^^^^^^^^^^^^^^^^^^
C:\Program Files\Python314\Lib\site-packages\pluggy\_manager.py:120: in _hookexec
    return self._inner_hookexec(hook_name, methods, kwargs, firstresult)
           ^^^^^^^^^^^^^^^^^^^^^^^^^^^^^^^^^^^^^^^^^^^^^^^^^^^^^^^^^^^^^
C:\Program Files\Python314\Lib\site-packages\pluggy\_callers.py:53: in run_old_style_hookwrapper
    return result.get_result()
           ^^^^^^^^^^^^^^^^^^^
C:\Program Files\Python314\Lib\site-packages\pluggy\_callers.py:38: in run_old_style_hookwrapper
    res = yield
          ^^^^^
C:\Program Files\Python314\Lib\site-packages\_pytest\setuponly.py:36: in pytest_fixture_setup
    return (yield)
            ^^^^^
C:\Program Files\Python314\Lib\site-packages\_pytest\fixtures.py:1202: in pytest_fixture_setup
    result = call_fixture_func(fixturefunc, request, kwargs)
             ^^^^^^^^^^^^^^^^^^^^^^^^^^^^^^^^^^^^^^^^^^^^^^^
C:\Program Files\Python314\Lib\site-packages\_pytest\fixtures.py:908: in call_fixture_func
    fixture_result = next(generator)
                     ^^^^^^^^^^^^^^^
C:\Program Files\Python314\Lib\site-packages\_pytest\tmpdir.py:267: in tmp_path
    path = _mk_tmp(request, tmp_path_factory)
           ^^^^^^^^^^^^^^^^^^^^^^^^^^^^^^^^^^
C:\Program Files\Python314\Lib\site-packages\_pytest\tmpdir.py:254: in _mk_tmp
    return factory.mktemp(name, numbered=True)
           ^^^^^^^^^^^^^^^^^^^^^^^^^^^^^^^^^^^
C:\Program Files\Python314\Lib\site-packages\_pytest\tmpdir.py:130: in mktemp
    basename = self._ensure_relative_to_basetemp(basename)
               ^^^^^^^^^^^^^^^^^^^^^^^^^^^^^^^^^^^^^^^^^^^
C:\Program Files\Python314\Lib\site-packages\_pytest\tmpdir.py:111: in _ensure_relative_to_basetemp
    if (self.getbasetemp() / basename).resolve().parent != self.getbasetemp():
        ^^^^^^^^^^^^^^^^^^
C:\Program Files\Python314\Lib\site-packages\_pytest\tmpdir.py:186: in getbasetemp
    basetemp = make_numbered_dir_with_cleanup(
C:\Program Files\Python314\Lib\site-packages\_pytest\pathlib.py:407: in make_numbered_dir_with_cleanup
    raise e
C:\Program Files\Python314\Lib\site-packages\_pytest\pathlib.py:388: in make_numbered_dir_with_cleanup
    p = make_numbered_dir(root, prefix, mode)
        ^^^^^^^^^^^^^^^^^^^^^^^^^^^^^^^^^^^^^
C:\Program Files\Python314\Lib\site-packages\_pytest\pathlib.py:229: in make_numbered_dir
    max_existing = max(map(parse_num, find_suffixes(root, prefix)), default=-1)
                   ^^^^^^^^^^^^^^^^^^^^^^^^^^^^^^^^^^^^^^^^^^^^^^^^^^^^^^^^^^^^
C:\Program Files\Python314\Lib\site-packages\_pytest\pathlib.py:188: in extract_suffixes
    for entry in iter:
                 ^^^^
C:\Program Files\Python314\Lib\site-packages\_pytest\pathlib.py:176: in find_prefixed
    for x in os.scandir(root):
             ^^^^^^^^^^^^^^^^
E   PermissionError: [WinError 5] Acesso negado: 'C:\\Users\\Ale e Mai\\AppData\\Local\\Temp\\pytest-of-Família Santiago'
_ ERROR at setup of TestCreateCollection.test_create_nome_vazio_retorna_false _
C:\Program Files\Python314\Lib\site-packages\_pytest\runner.py:353: in from_call
    result: TResult | None = func()
                             ^^^^^^
C:\Program Files\Python314\Lib\site-packages\_pytest\runner.py:245: in <lambda>
    lambda: runtest_hook(item=item, **kwds),
            ^^^^^^^^^^^^^^^^^^^^^^^^^^^^^^^
C:\Program Files\Python314\Lib\site-packages\pluggy\_hooks.py:512: in __call__
    return self._hookexec(self.name, self._hookimpls.copy(), kwargs, firstresult)
           ^^^^^^^^^^^^^^^^^^^^^^^^^^^^^^^^^^^^^^^^^^^^^^^^^^^^^^^^^^^^^^^^^^^^^^
C:\Program Files\Python314\Lib\site-packages\pluggy\_manager.py:120: in _hookexec
    return self._inner_hookexec(hook_name, methods, kwargs, firstresult)
           ^^^^^^^^^^^^^^^^^^^^^^^^^^^^^^^^^^^^^^^^^^^^^^^^^^^^^^^^^^^^^
C:\Program Files\Python314\Lib\site-packages\_pytest\logging.py:843: in pytest_runtest_setup
    yield
C:\Program Files\Python314\Lib\site-packages\_pytest\capture.py:895: in pytest_runtest_setup
    return (yield)
            ^^^^^
C:\Program Files\Python314\Lib\site-packages\_pytest\runner.py:165: in pytest_runtest_setup
    item.session._setupstate.setup(item)
C:\Program Files\Python314\Lib\site-packages\_pytest\runner.py:523: in setup
    col.setup()
C:\Program Files\Python314\Lib\site-packages\_pytest\python.py:1723: in setup
    self._request._fillfixtures()
C:\Program Files\Python314\Lib\site-packages\_pytest\fixtures.py:707: in _fillfixtures
    item.funcargs[argname] = self.getfixturevalue(argname)
                             ^^^^^^^^^^^^^^^^^^^^^^^^^^^^^
C:\Program Files\Python314\Lib\site-packages\_pytest\fixtures.py:539: in getfixturevalue
    fixturedef = self._get_active_fixturedef(argname)
                 ^^^^^^^^^^^^^^^^^^^^^^^^^^^^^^^^^^^^
C:\Program Files\Python314\Lib\site-packages\_pytest\fixtures.py:627: in _get_active_fixturedef
    fixturedef.execute(request=subrequest)
C:\Program Files\Python314\Lib\site-packages\_pytest\fixtures.py:1068: in execute
    fixturedef = request._get_active_fixturedef(argname)
                 ^^^^^^^^^^^^^^^^^^^^^^^^^^^^^^^^^^^^^^^
C:\Program Files\Python314\Lib\site-packages\_pytest\fixtures.py:627: in _get_active_fixturedef
    fixturedef.execute(request=subrequest)
C:\Program Files\Python314\Lib\site-packages\_pytest\fixtures.py:1110: in execute
    result: FixtureValue = ihook.pytest_fixture_setup(
C:\Program Files\Python314\Lib\site-packages\pluggy\_hooks.py:512: in __call__
    return self._hookexec(self.name, self._hookimpls.copy(), kwargs, firstresult)
           ^^^^^^^^^^^^^^^^^^^^^^^^^^^^^^^^^^^^^^^^^^^^^^^^^^^^^^^^^^^^^^^^^^^^^^
C:\Program Files\Python314\Lib\site-packages\pluggy\_manager.py:120: in _hookexec
    return self._inner_hookexec(hook_name, methods, kwargs, firstresult)
           ^^^^^^^^^^^^^^^^^^^^^^^^^^^^^^^^^^^^^^^^^^^^^^^^^^^^^^^^^^^^^
C:\Program Files\Python314\Lib\site-packages\pluggy\_callers.py:53: in run_old_style_hookwrapper
    return result.get_result()
           ^^^^^^^^^^^^^^^^^^^
C:\Program Files\Python314\Lib\site-packages\pluggy\_callers.py:38: in run_old_style_hookwrapper
    res = yield
          ^^^^^
C:\Program Files\Python314\Lib\site-packages\_pytest\setuponly.py:36: in pytest_fixture_setup
    return (yield)
            ^^^^^
C:\Program Files\Python314\Lib\site-packages\_pytest\fixtures.py:1202: in pytest_fixture_setup
    result = call_fixture_func(fixturefunc, request, kwargs)
             ^^^^^^^^^^^^^^^^^^^^^^^^^^^^^^^^^^^^^^^^^^^^^^^
C:\Program Files\Python314\Lib\site-packages\_pytest\fixtures.py:908: in call_fixture_func
    fixture_result = next(generator)
                     ^^^^^^^^^^^^^^^
C:\Program Files\Python314\Lib\site-packages\_pytest\tmpdir.py:267: in tmp_path
    path = _mk_tmp(request, tmp_path_factory)
           ^^^^^^^^^^^^^^^^^^^^^^^^^^^^^^^^^^
C:\Program Files\Python314\Lib\site-packages\_pytest\tmpdir.py:254: in _mk_tmp
    return factory.mktemp(name, numbered=True)
           ^^^^^^^^^^^^^^^^^^^^^^^^^^^^^^^^^^^
C:\Program Files\Python314\Lib\site-packages\_pytest\tmpdir.py:130: in mktemp
    basename = self._ensure_relative_to_basetemp(basename)
               ^^^^^^^^^^^^^^^^^^^^^^^^^^^^^^^^^^^^^^^^^^^
C:\Program Files\Python314\Lib\site-packages\_pytest\tmpdir.py:111: in _ensure_relative_to_basetemp
    if (self.getbasetemp() / basename).resolve().parent != self.getbasetemp():
        ^^^^^^^^^^^^^^^^^^
C:\Program Files\Python314\Lib\site-packages\_pytest\tmpdir.py:186: in getbasetemp
    basetemp = make_numbered_dir_with_cleanup(
C:\Program Files\Python314\Lib\site-packages\_pytest\pathlib.py:407: in make_numbered_dir_with_cleanup
    raise e
C:\Program Files\Python314\Lib\site-packages\_pytest\pathlib.py:388: in make_numbered_dir_with_cleanup
    p = make_numbered_dir(root, prefix, mode)
        ^^^^^^^^^^^^^^^^^^^^^^^^^^^^^^^^^^^^^
C:\Program Files\Python314\Lib\site-packages\_pytest\pathlib.py:229: in make_numbered_dir
    max_existing = max(map(parse_num, find_suffixes(root, prefix)), default=-1)
                   ^^^^^^^^^^^^^^^^^^^^^^^^^^^^^^^^^^^^^^^^^^^^^^^^^^^^^^^^^^^^
C:\Program Files\Python314\Lib\site-packages\_pytest\pathlib.py:188: in extract_suffixes
    for entry in iter:
                 ^^^^
C:\Program Files\Python314\Lib\site-packages\_pytest\pathlib.py:176: in find_prefixed
    for x in os.scandir(root):
             ^^^^^^^^^^^^^^^^
E   PermissionError: [WinError 5] Acesso negado: 'C:\\Users\\Ale e Mai\\AppData\\Local\\Temp\\pytest-of-Família Santiago'
______ ERROR at setup of TestCreateCollection.test_add_collection_alias _______
C:\Program Files\Python314\Lib\site-packages\_pytest\runner.py:353: in from_call
    result: TResult | None = func()
                             ^^^^^^
C:\Program Files\Python314\Lib\site-packages\_pytest\runner.py:245: in <lambda>
    lambda: runtest_hook(item=item, **kwds),
            ^^^^^^^^^^^^^^^^^^^^^^^^^^^^^^^
C:\Program Files\Python314\Lib\site-packages\pluggy\_hooks.py:512: in __call__
    return self._hookexec(self.name, self._hookimpls.copy(), kwargs, firstresult)
           ^^^^^^^^^^^^^^^^^^^^^^^^^^^^^^^^^^^^^^^^^^^^^^^^^^^^^^^^^^^^^^^^^^^^^^
C:\Program Files\Python314\Lib\site-packages\pluggy\_manager.py:120: in _hookexec
    return self._inner_hookexec(hook_name, methods, kwargs, firstresult)
           ^^^^^^^^^^^^^^^^^^^^^^^^^^^^^^^^^^^^^^^^^^^^^^^^^^^^^^^^^^^^^
C:\Program Files\Python314\Lib\site-packages\_pytest\logging.py:843: in pytest_runtest_setup
    yield
C:\Program Files\Python314\Lib\site-packages\_pytest\capture.py:895: in pytest_runtest_setup
    return (yield)
            ^^^^^
C:\Program Files\Python314\Lib\site-packages\_pytest\runner.py:165: in pytest_runtest_setup
    item.session._setupstate.setup(item)
C:\Program Files\Python314\Lib\site-packages\_pytest\runner.py:523: in setup
    col.setup()
C:\Program Files\Python314\Lib\site-packages\_pytest\python.py:1723: in setup
    self._request._fillfixtures()
C:\Program Files\Python314\Lib\site-packages\_pytest\fixtures.py:707: in _fillfixtures
    item.funcargs[argname] = self.getfixturevalue(argname)
                             ^^^^^^^^^^^^^^^^^^^^^^^^^^^^^
C:\Program Files\Python314\Lib\site-packages\_pytest\fixtures.py:539: in getfixturevalue
    fixturedef = self._get_active_fixturedef(argname)
                 ^^^^^^^^^^^^^^^^^^^^^^^^^^^^^^^^^^^^
C:\Program Files\Python314\Lib\site-packages\_pytest\fixtures.py:627: in _get_active_fixturedef
    fixturedef.execute(request=subrequest)
C:\Program Files\Python314\Lib\site-packages\_pytest\fixtures.py:1068: in execute
    fixturedef = request._get_active_fixturedef(argname)
                 ^^^^^^^^^^^^^^^^^^^^^^^^^^^^^^^^^^^^^^^
C:\Program Files\Python314\Lib\site-packages\_pytest\fixtures.py:627: in _get_active_fixturedef
    fixturedef.execute(request=subrequest)
C:\Program Files\Python314\Lib\site-packages\_pytest\fixtures.py:1110: in execute
    result: FixtureValue = ihook.pytest_fixture_setup(
C:\Program Files\Python314\Lib\site-packages\pluggy\_hooks.py:512: in __call__
    return self._hookexec(self.name, self._hookimpls.copy(), kwargs, firstresult)
           ^^^^^^^^^^^^^^^^^^^^^^^^^^^^^^^^^^^^^^^^^^^^^^^^^^^^^^^^^^^^^^^^^^^^^^
C:\Program Files\Python314\Lib\site-packages\pluggy\_manager.py:120: in _hookexec
    return self._inner_hookexec(hook_name, methods, kwargs, firstresult)
           ^^^^^^^^^^^^^^^^^^^^^^^^^^^^^^^^^^^^^^^^^^^^^^^^^^^^^^^^^^^^^
C:\Program Files\Python314\Lib\site-packages\pluggy\_callers.py:53: in run_old_style_hookwrapper
    return result.get_result()
           ^^^^^^^^^^^^^^^^^^^
C:\Program Files\Python314\Lib\site-packages\pluggy\_callers.py:38: in run_old_style_hookwrapper
    res = yield
          ^^^^^
C:\Program Files\Python314\Lib\site-packages\_pytest\setuponly.py:36: in pytest_fixture_setup
    return (yield)
            ^^^^^
C:\Program Files\Python314\Lib\site-packages\_pytest\fixtures.py:1202: in pytest_fixture_setup
    result = call_fixture_func(fixturefunc, request, kwargs)
             ^^^^^^^^^^^^^^^^^^^^^^^^^^^^^^^^^^^^^^^^^^^^^^^
C:\Program Files\Python314\Lib\site-packages\_pytest\fixtures.py:908: in call_fixture_func
    fixture_result = next(generator)
                     ^^^^^^^^^^^^^^^
C:\Program Files\Python314\Lib\site-packages\_pytest\tmpdir.py:267: in tmp_path
    path = _mk_tmp(request, tmp_path_factory)
           ^^^^^^^^^^^^^^^^^^^^^^^^^^^^^^^^^^
C:\Program Files\Python314\Lib\site-packages\_pytest\tmpdir.py:254: in _mk_tmp
    return factory.mktemp(name, numbered=True)
           ^^^^^^^^^^^^^^^^^^^^^^^^^^^^^^^^^^^
C:\Program Files\Python314\Lib\site-packages\_pytest\tmpdir.py:130: in mktemp
    basename = self._ensure_relative_to_basetemp(basename)
               ^^^^^^^^^^^^^^^^^^^^^^^^^^^^^^^^^^^^^^^^^^^
C:\Program Files\Python314\Lib\site-packages\_pytest\tmpdir.py:111: in _ensure_relative_to_basetemp
    if (self.getbasetemp() / basename).resolve().parent != self.getbasetemp():
        ^^^^^^^^^^^^^^^^^^
C:\Program Files\Python314\Lib\site-packages\_pytest\tmpdir.py:186: in getbasetemp
    basetemp = make_numbered_dir_with_cleanup(
C:\Program Files\Python314\Lib\site-packages\_pytest\pathlib.py:407: in make_numbered_dir_with_cleanup
    raise e
C:\Program Files\Python314\Lib\site-packages\_pytest\pathlib.py:388: in make_numbered_dir_with_cleanup
    p = make_numbered_dir(root, prefix, mode)
        ^^^^^^^^^^^^^^^^^^^^^^^^^^^^^^^^^^^^^
C:\Program Files\Python314\Lib\site-packages\_pytest\pathlib.py:229: in make_numbered_dir
    max_existing = max(map(parse_num, find_suffixes(root, prefix)), default=-1)
                   ^^^^^^^^^^^^^^^^^^^^^^^^^^^^^^^^^^^^^^^^^^^^^^^^^^^^^^^^^^^^
C:\Program Files\Python314\Lib\site-packages\_pytest\pathlib.py:188: in extract_suffixes
    for entry in iter:
                 ^^^^
C:\Program Files\Python314\Lib\site-packages\_pytest\pathlib.py:176: in find_prefixed
    for x in os.scandir(root):
             ^^^^^^^^^^^^^^^^
E   PermissionError: [WinError 5] Acesso negado: 'C:\\Users\\Ale e Mai\\AppData\\Local\\Temp\\pytest-of-Família Santiago'
______ ERROR at setup of TestRenameDeleteCollection.test_rename_funciona ______
C:\Program Files\Python314\Lib\site-packages\_pytest\runner.py:353: in from_call
    result: TResult | None = func()
                             ^^^^^^
C:\Program Files\Python314\Lib\site-packages\_pytest\runner.py:245: in <lambda>
    lambda: runtest_hook(item=item, **kwds),
            ^^^^^^^^^^^^^^^^^^^^^^^^^^^^^^^
C:\Program Files\Python314\Lib\site-packages\pluggy\_hooks.py:512: in __call__
    return self._hookexec(self.name, self._hookimpls.copy(), kwargs, firstresult)
           ^^^^^^^^^^^^^^^^^^^^^^^^^^^^^^^^^^^^^^^^^^^^^^^^^^^^^^^^^^^^^^^^^^^^^^
C:\Program Files\Python314\Lib\site-packages\pluggy\_manager.py:120: in _hookexec
    return self._inner_hookexec(hook_name, methods, kwargs, firstresult)
           ^^^^^^^^^^^^^^^^^^^^^^^^^^^^^^^^^^^^^^^^^^^^^^^^^^^^^^^^^^^^^
C:\Program Files\Python314\Lib\site-packages\_pytest\logging.py:843: in pytest_runtest_setup
    yield
C:\Program Files\Python314\Lib\site-packages\_pytest\capture.py:895: in pytest_runtest_setup
    return (yield)
            ^^^^^
C:\Program Files\Python314\Lib\site-packages\_pytest\runner.py:165: in pytest_runtest_setup
    item.session._setupstate.setup(item)
C:\Program Files\Python314\Lib\site-packages\_pytest\runner.py:523: in setup
    col.setup()
C:\Program Files\Python314\Lib\site-packages\_pytest\python.py:1723: in setup
    self._request._fillfixtures()
C:\Program Files\Python314\Lib\site-packages\_pytest\fixtures.py:707: in _fillfixtures
    item.funcargs[argname] = self.getfixturevalue(argname)
                             ^^^^^^^^^^^^^^^^^^^^^^^^^^^^^
C:\Program Files\Python314\Lib\site-packages\_pytest\fixtures.py:539: in getfixturevalue
    fixturedef = self._get_active_fixturedef(argname)
                 ^^^^^^^^^^^^^^^^^^^^^^^^^^^^^^^^^^^^
C:\Program Files\Python314\Lib\site-packages\_pytest\fixtures.py:627: in _get_active_fixturedef
    fixturedef.execute(request=subrequest)
C:\Program Files\Python314\Lib\site-packages\_pytest\fixtures.py:1068: in execute
    fixturedef = request._get_active_fixturedef(argname)
                 ^^^^^^^^^^^^^^^^^^^^^^^^^^^^^^^^^^^^^^^
C:\Program Files\Python314\Lib\site-packages\_pytest\fixtures.py:627: in _get_active_fixturedef
    fixturedef.execute(request=subrequest)
C:\Program Files\Python314\Lib\site-packages\_pytest\fixtures.py:1110: in execute
    result: FixtureValue = ihook.pytest_fixture_setup(
C:\Program Files\Python314\Lib\site-packages\pluggy\_hooks.py:512: in __call__
    return self._hookexec(self.name, self._hookimpls.copy(), kwargs, firstresult)
           ^^^^^^^^^^^^^^^^^^^^^^^^^^^^^^^^^^^^^^^^^^^^^^^^^^^^^^^^^^^^^^^^^^^^^^
C:\Program Files\Python314\Lib\site-packages\pluggy\_manager.py:120: in _hookexec
    return self._inner_hookexec(hook_name, methods, kwargs, firstresult)
           ^^^^^^^^^^^^^^^^^^^^^^^^^^^^^^^^^^^^^^^^^^^^^^^^^^^^^^^^^^^^^
C:\Program Files\Python314\Lib\site-packages\pluggy\_callers.py:53: in run_old_style_hookwrapper
    return result.get_result()
           ^^^^^^^^^^^^^^^^^^^
C:\Program Files\Python314\Lib\site-packages\pluggy\_callers.py:38: in run_old_style_hookwrapper
    res = yield
          ^^^^^
C:\Program Files\Python314\Lib\site-packages\_pytest\setuponly.py:36: in pytest_fixture_setup
    return (yield)
            ^^^^^
C:\Program Files\Python314\Lib\site-packages\_pytest\fixtures.py:1202: in pytest_fixture_setup
    result = call_fixture_func(fixturefunc, request, kwargs)
             ^^^^^^^^^^^^^^^^^^^^^^^^^^^^^^^^^^^^^^^^^^^^^^^
C:\Program Files\Python314\Lib\site-packages\_pytest\fixtures.py:908: in call_fixture_func
    fixture_result = next(generator)
                     ^^^^^^^^^^^^^^^
C:\Program Files\Python314\Lib\site-packages\_pytest\tmpdir.py:267: in tmp_path
    path = _mk_tmp(request, tmp_path_factory)
           ^^^^^^^^^^^^^^^^^^^^^^^^^^^^^^^^^^
C:\Program Files\Python314\Lib\site-packages\_pytest\tmpdir.py:254: in _mk_tmp
    return factory.mktemp(name, numbered=True)
           ^^^^^^^^^^^^^^^^^^^^^^^^^^^^^^^^^^^
C:\Program Files\Python314\Lib\site-packages\_pytest\tmpdir.py:130: in mktemp
    basename = self._ensure_relative_to_basetemp(basename)
               ^^^^^^^^^^^^^^^^^^^^^^^^^^^^^^^^^^^^^^^^^^^
C:\Program Files\Python314\Lib\site-packages\_pytest\tmpdir.py:111: in _ensure_relative_to_basetemp
    if (self.getbasetemp() / basename).resolve().parent != self.getbasetemp():
        ^^^^^^^^^^^^^^^^^^
C:\Program Files\Python314\Lib\site-packages\_pytest\tmpdir.py:186: in getbasetemp
    basetemp = make_numbered_dir_with_cleanup(
C:\Program Files\Python314\Lib\site-packages\_pytest\pathlib.py:407: in make_numbered_dir_with_cleanup
    raise e
C:\Program Files\Python314\Lib\site-packages\_pytest\pathlib.py:388: in make_numbered_dir_with_cleanup
    p = make_numbered_dir(root, prefix, mode)
        ^^^^^^^^^^^^^^^^^^^^^^^^^^^^^^^^^^^^^
C:\Program Files\Python314\Lib\site-packages\_pytest\pathlib.py:229: in make_numbered_dir
    max_existing = max(map(parse_num, find_suffixes(root, prefix)), default=-1)
                   ^^^^^^^^^^^^^^^^^^^^^^^^^^^^^^^^^^^^^^^^^^^^^^^^^^^^^^^^^^^^
C:\Program Files\Python314\Lib\site-packages\_pytest\pathlib.py:188: in extract_suffixes
    for entry in iter:
                 ^^^^
C:\Program Files\Python314\Lib\site-packages\_pytest\pathlib.py:176: in find_prefixed
    for x in os.scandir(root):
             ^^^^^^^^^^^^^^^^
E   PermissionError: [WinError 5] Acesso negado: 'C:\\Users\\Ale e Mai\\AppData\\Local\\Temp\\pytest-of-Família Santiago'
_ ERROR at setup of TestRenameDeleteCollection.test_rename_preserva_projetos __
C:\Program Files\Python314\Lib\site-packages\_pytest\runner.py:353: in from_call
    result: TResult | None = func()
                             ^^^^^^
C:\Program Files\Python314\Lib\site-packages\_pytest\runner.py:245: in <lambda>
    lambda: runtest_hook(item=item, **kwds),
            ^^^^^^^^^^^^^^^^^^^^^^^^^^^^^^^
C:\Program Files\Python314\Lib\site-packages\pluggy\_hooks.py:512: in __call__
    return self._hookexec(self.name, self._hookimpls.copy(), kwargs, firstresult)
           ^^^^^^^^^^^^^^^^^^^^^^^^^^^^^^^^^^^^^^^^^^^^^^^^^^^^^^^^^^^^^^^^^^^^^^
C:\Program Files\Python314\Lib\site-packages\pluggy\_manager.py:120: in _hookexec
    return self._inner_hookexec(hook_name, methods, kwargs, firstresult)
           ^^^^^^^^^^^^^^^^^^^^^^^^^^^^^^^^^^^^^^^^^^^^^^^^^^^^^^^^^^^^^
C:\Program Files\Python314\Lib\site-packages\_pytest\logging.py:843: in pytest_runtest_setup
    yield
C:\Program Files\Python314\Lib\site-packages\_pytest\capture.py:895: in pytest_runtest_setup
    return (yield)
            ^^^^^
C:\Program Files\Python314\Lib\site-packages\_pytest\runner.py:165: in pytest_runtest_setup
    item.session._setupstate.setup(item)
C:\Program Files\Python314\Lib\site-packages\_pytest\runner.py:523: in setup
    col.setup()
C:\Program Files\Python314\Lib\site-packages\_pytest\python.py:1723: in setup
    self._request._fillfixtures()
C:\Program Files\Python314\Lib\site-packages\_pytest\fixtures.py:707: in _fillfixtures
    item.funcargs[argname] = self.getfixturevalue(argname)
                             ^^^^^^^^^^^^^^^^^^^^^^^^^^^^^
C:\Program Files\Python314\Lib\site-packages\_pytest\fixtures.py:539: in getfixturevalue
    fixturedef = self._get_active_fixturedef(argname)
                 ^^^^^^^^^^^^^^^^^^^^^^^^^^^^^^^^^^^^
C:\Program Files\Python314\Lib\site-packages\_pytest\fixtures.py:627: in _get_active_fixturedef
    fixturedef.execute(request=subrequest)
C:\Program Files\Python314\Lib\site-packages\_pytest\fixtures.py:1068: in execute
    fixturedef = request._get_active_fixturedef(argname)
                 ^^^^^^^^^^^^^^^^^^^^^^^^^^^^^^^^^^^^^^^
C:\Program Files\Python314\Lib\site-packages\_pytest\fixtures.py:627: in _get_active_fixturedef
    fixturedef.execute(request=subrequest)
C:\Program Files\Python314\Lib\site-packages\_pytest\fixtures.py:1110: in execute
    result: FixtureValue = ihook.pytest_fixture_setup(
C:\Program Files\Python314\Lib\site-packages\pluggy\_hooks.py:512: in __call__
    return self._hookexec(self.name, self._hookimpls.copy(), kwargs, firstresult)
           ^^^^^^^^^^^^^^^^^^^^^^^^^^^^^^^^^^^^^^^^^^^^^^^^^^^^^^^^^^^^^^^^^^^^^^
C:\Program Files\Python314\Lib\site-packages\pluggy\_manager.py:120: in _hookexec
    return self._inner_hookexec(hook_name, methods, kwargs, firstresult)
           ^^^^^^^^^^^^^^^^^^^^^^^^^^^^^^^^^^^^^^^^^^^^^^^^^^^^^^^^^^^^^
C:\Program Files\Python314\Lib\site-packages\pluggy\_callers.py:53: in run_old_style_hookwrapper
    return result.get_result()
           ^^^^^^^^^^^^^^^^^^^
C:\Program Files\Python314\Lib\site-packages\pluggy\_callers.py:38: in run_old_style_hookwrapper
    res = yield
          ^^^^^
C:\Program Files\Python314\Lib\site-packages\_pytest\setuponly.py:36: in pytest_fixture_setup
    return (yield)
            ^^^^^
C:\Program Files\Python314\Lib\site-packages\_pytest\fixtures.py:1202: in pytest_fixture_setup
    result = call_fixture_func(fixturefunc, request, kwargs)
             ^^^^^^^^^^^^^^^^^^^^^^^^^^^^^^^^^^^^^^^^^^^^^^^
C:\Program Files\Python314\Lib\site-packages\_pytest\fixtures.py:908: in call_fixture_func
    fixture_result = next(generator)
                     ^^^^^^^^^^^^^^^
C:\Program Files\Python314\Lib\site-packages\_pytest\tmpdir.py:267: in tmp_path
    path = _mk_tmp(request, tmp_path_factory)
           ^^^^^^^^^^^^^^^^^^^^^^^^^^^^^^^^^^
C:\Program Files\Python314\Lib\site-packages\_pytest\tmpdir.py:254: in _mk_tmp
    return factory.mktemp(name, numbered=True)
           ^^^^^^^^^^^^^^^^^^^^^^^^^^^^^^^^^^^
C:\Program Files\Python314\Lib\site-packages\_pytest\tmpdir.py:130: in mktemp
    basename = self._ensure_relative_to_basetemp(basename)
               ^^^^^^^^^^^^^^^^^^^^^^^^^^^^^^^^^^^^^^^^^^^
C:\Program Files\Python314\Lib\site-packages\_pytest\tmpdir.py:111: in _ensure_relative_to_basetemp
    if (self.getbasetemp() / basename).resolve().parent != self.getbasetemp():
        ^^^^^^^^^^^^^^^^^^
C:\Program Files\Python314\Lib\site-packages\_pytest\tmpdir.py:186: in getbasetemp
    basetemp = make_numbered_dir_with_cleanup(
C:\Program Files\Python314\Lib\site-packages\_pytest\pathlib.py:407: in make_numbered_dir_with_cleanup
    raise e
C:\Program Files\Python314\Lib\site-packages\_pytest\pathlib.py:388: in make_numbered_dir_with_cleanup
    p = make_numbered_dir(root, prefix, mode)
        ^^^^^^^^^^^^^^^^^^^^^^^^^^^^^^^^^^^^^
C:\Program Files\Python314\Lib\site-packages\_pytest\pathlib.py:229: in make_numbered_dir
    max_existing = max(map(parse_num, find_suffixes(root, prefix)), default=-1)
                   ^^^^^^^^^^^^^^^^^^^^^^^^^^^^^^^^^^^^^^^^^^^^^^^^^^^^^^^^^^^^
C:\Program Files\Python314\Lib\site-packages\_pytest\pathlib.py:188: in extract_suffixes
    for entry in iter:
                 ^^^^
C:\Program Files\Python314\Lib\site-packages\_pytest\pathlib.py:176: in find_prefixed
    for x in os.scandir(root):
             ^^^^^^^^^^^^^^^^
E   PermissionError: [WinError 5] Acesso negado: 'C:\\Users\\Ale e Mai\\AppData\\Local\\Temp\\pytest-of-Família Santiago'
___ ERROR at setup of TestRenameDeleteCollection.test_delete_remove_colecao ___
C:\Program Files\Python314\Lib\site-packages\_pytest\runner.py:353: in from_call
    result: TResult | None = func()
                             ^^^^^^
C:\Program Files\Python314\Lib\site-packages\_pytest\runner.py:245: in <lambda>
    lambda: runtest_hook(item=item, **kwds),
            ^^^^^^^^^^^^^^^^^^^^^^^^^^^^^^^
C:\Program Files\Python314\Lib\site-packages\pluggy\_hooks.py:512: in __call__
    return self._hookexec(self.name, self._hookimpls.copy(), kwargs, firstresult)
           ^^^^^^^^^^^^^^^^^^^^^^^^^^^^^^^^^^^^^^^^^^^^^^^^^^^^^^^^^^^^^^^^^^^^^^
C:\Program Files\Python314\Lib\site-packages\pluggy\_manager.py:120: in _hookexec
    return self._inner_hookexec(hook_name, methods, kwargs, firstresult)
           ^^^^^^^^^^^^^^^^^^^^^^^^^^^^^^^^^^^^^^^^^^^^^^^^^^^^^^^^^^^^^
C:\Program Files\Python314\Lib\site-packages\_pytest\logging.py:843: in pytest_runtest_setup
    yield
C:\Program Files\Python314\Lib\site-packages\_pytest\capture.py:895: in pytest_runtest_setup
    return (yield)
            ^^^^^
C:\Program Files\Python314\Lib\site-packages\_pytest\runner.py:165: in pytest_runtest_setup
    item.session._setupstate.setup(item)
C:\Program Files\Python314\Lib\site-packages\_pytest\runner.py:523: in setup
    col.setup()
C:\Program Files\Python314\Lib\site-packages\_pytest\python.py:1723: in setup
    self._request._fillfixtures()
C:\Program Files\Python314\Lib\site-packages\_pytest\fixtures.py:707: in _fillfixtures
    item.funcargs[argname] = self.getfixturevalue(argname)
                             ^^^^^^^^^^^^^^^^^^^^^^^^^^^^^
C:\Program Files\Python314\Lib\site-packages\_pytest\fixtures.py:539: in getfixturevalue
    fixturedef = self._get_active_fixturedef(argname)
                 ^^^^^^^^^^^^^^^^^^^^^^^^^^^^^^^^^^^^
C:\Program Files\Python314\Lib\site-packages\_pytest\fixtures.py:627: in _get_active_fixturedef
    fixturedef.execute(request=subrequest)
C:\Program Files\Python314\Lib\site-packages\_pytest\fixtures.py:1068: in execute
    fixturedef = request._get_active_fixturedef(argname)
                 ^^^^^^^^^^^^^^^^^^^^^^^^^^^^^^^^^^^^^^^
C:\Program Files\Python314\Lib\site-packages\_pytest\fixtures.py:627: in _get_active_fixturedef
    fixturedef.execute(request=subrequest)
C:\Program Files\Python314\Lib\site-packages\_pytest\fixtures.py:1110: in execute
    result: FixtureValue = ihook.pytest_fixture_setup(
C:\Program Files\Python314\Lib\site-packages\pluggy\_hooks.py:512: in __call__
    return self._hookexec(self.name, self._hookimpls.copy(), kwargs, firstresult)
           ^^^^^^^^^^^^^^^^^^^^^^^^^^^^^^^^^^^^^^^^^^^^^^^^^^^^^^^^^^^^^^^^^^^^^^
C:\Program Files\Python314\Lib\site-packages\pluggy\_manager.py:120: in _hookexec
    return self._inner_hookexec(hook_name, methods, kwargs, firstresult)
           ^^^^^^^^^^^^^^^^^^^^^^^^^^^^^^^^^^^^^^^^^^^^^^^^^^^^^^^^^^^^^
C:\Program Files\Python314\Lib\site-packages\pluggy\_callers.py:53: in run_old_style_hookwrapper
    return result.get_result()
           ^^^^^^^^^^^^^^^^^^^
C:\Program Files\Python314\Lib\site-packages\pluggy\_callers.py:38: in run_old_style_hookwrapper
    res = yield
          ^^^^^
C:\Program Files\Python314\Lib\site-packages\_pytest\setuponly.py:36: in pytest_fixture_setup
    return (yield)
            ^^^^^
C:\Program Files\Python314\Lib\site-packages\_pytest\fixtures.py:1202: in pytest_fixture_setup
    result = call_fixture_func(fixturefunc, request, kwargs)
             ^^^^^^^^^^^^^^^^^^^^^^^^^^^^^^^^^^^^^^^^^^^^^^^
C:\Program Files\Python314\Lib\site-packages\_pytest\fixtures.py:908: in call_fixture_func
    fixture_result = next(generator)
                     ^^^^^^^^^^^^^^^
C:\Program Files\Python314\Lib\site-packages\_pytest\tmpdir.py:267: in tmp_path
    path = _mk_tmp(request, tmp_path_factory)
           ^^^^^^^^^^^^^^^^^^^^^^^^^^^^^^^^^^
C:\Program Files\Python314\Lib\site-packages\_pytest\tmpdir.py:254: in _mk_tmp
    return factory.mktemp(name, numbered=True)
           ^^^^^^^^^^^^^^^^^^^^^^^^^^^^^^^^^^^
C:\Program Files\Python314\Lib\site-packages\_pytest\tmpdir.py:130: in mktemp
    basename = self._ensure_relative_to_basetemp(basename)
               ^^^^^^^^^^^^^^^^^^^^^^^^^^^^^^^^^^^^^^^^^^^
C:\Program Files\Python314\Lib\site-packages\_pytest\tmpdir.py:111: in _ensure_relative_to_basetemp
    if (self.getbasetemp() / basename).resolve().parent != self.getbasetemp():
        ^^^^^^^^^^^^^^^^^^
C:\Program Files\Python314\Lib\site-packages\_pytest\tmpdir.py:186: in getbasetemp
    basetemp = make_numbered_dir_with_cleanup(
C:\Program Files\Python314\Lib\site-packages\_pytest\pathlib.py:407: in make_numbered_dir_with_cleanup
    raise e
C:\Program Files\Python314\Lib\site-packages\_pytest\pathlib.py:388: in make_numbered_dir_with_cleanup
    p = make_numbered_dir(root, prefix, mode)
        ^^^^^^^^^^^^^^^^^^^^^^^^^^^^^^^^^^^^^
C:\Program Files\Python314\Lib\site-packages\_pytest\pathlib.py:229: in make_numbered_dir
    max_existing = max(map(parse_num, find_suffixes(root, prefix)), default=-1)
                   ^^^^^^^^^^^^^^^^^^^^^^^^^^^^^^^^^^^^^^^^^^^^^^^^^^^^^^^^^^^^
C:\Program Files\Python314\Lib\site-packages\_pytest\pathlib.py:188: in extract_suffixes
    for entry in iter:
                 ^^^^
C:\Program Files\Python314\Lib\site-packages\_pytest\pathlib.py:176: in find_prefixed
    for x in os.scandir(root):
             ^^^^^^^^^^^^^^^^
E   PermissionError: [WinError 5] Acesso negado: 'C:\\Users\\Ale e Mai\\AppData\\Local\\Temp\\pytest-of-Família Santiago'
_ ERROR at setup of TestRenameDeleteCollection.test_delete_inexistente_retorna_false _
C:\Program Files\Python314\Lib\site-packages\_pytest\runner.py:353: in from_call
    result: TResult | None = func()
                             ^^^^^^
C:\Program Files\Python314\Lib\site-packages\_pytest\runner.py:245: in <lambda>
    lambda: runtest_hook(item=item, **kwds),
            ^^^^^^^^^^^^^^^^^^^^^^^^^^^^^^^
C:\Program Files\Python314\Lib\site-packages\pluggy\_hooks.py:512: in __call__
    return self._hookexec(self.name, self._hookimpls.copy(), kwargs, firstresult)
           ^^^^^^^^^^^^^^^^^^^^^^^^^^^^^^^^^^^^^^^^^^^^^^^^^^^^^^^^^^^^^^^^^^^^^^
C:\Program Files\Python314\Lib\site-packages\pluggy\_manager.py:120: in _hookexec
    return self._inner_hookexec(hook_name, methods, kwargs, firstresult)
           ^^^^^^^^^^^^^^^^^^^^^^^^^^^^^^^^^^^^^^^^^^^^^^^^^^^^^^^^^^^^^
C:\Program Files\Python314\Lib\site-packages\_pytest\logging.py:843: in pytest_runtest_setup
    yield
C:\Program Files\Python314\Lib\site-packages\_pytest\capture.py:895: in pytest_runtest_setup
    return (yield)
            ^^^^^
C:\Program Files\Python314\Lib\site-packages\_pytest\runner.py:165: in pytest_runtest_setup
    item.session._setupstate.setup(item)
C:\Program Files\Python314\Lib\site-packages\_pytest\runner.py:523: in setup
    col.setup()
C:\Program Files\Python314\Lib\site-packages\_pytest\python.py:1723: in setup
    self._request._fillfixtures()
C:\Program Files\Python314\Lib\site-packages\_pytest\fixtures.py:707: in _fillfixtures
    item.funcargs[argname] = self.getfixturevalue(argname)
                             ^^^^^^^^^^^^^^^^^^^^^^^^^^^^^
C:\Program Files\Python314\Lib\site-packages\_pytest\fixtures.py:539: in getfixturevalue
    fixturedef = self._get_active_fixturedef(argname)
                 ^^^^^^^^^^^^^^^^^^^^^^^^^^^^^^^^^^^^
C:\Program Files\Python314\Lib\site-packages\_pytest\fixtures.py:627: in _get_active_fixturedef
    fixturedef.execute(request=subrequest)
C:\Program Files\Python314\Lib\site-packages\_pytest\fixtures.py:1068: in execute
    fixturedef = request._get_active_fixturedef(argname)
                 ^^^^^^^^^^^^^^^^^^^^^^^^^^^^^^^^^^^^^^^
C:\Program Files\Python314\Lib\site-packages\_pytest\fixtures.py:627: in _get_active_fixturedef
    fixturedef.execute(request=subrequest)
C:\Program Files\Python314\Lib\site-packages\_pytest\fixtures.py:1110: in execute
    result: FixtureValue = ihook.pytest_fixture_setup(
C:\Program Files\Python314\Lib\site-packages\pluggy\_hooks.py:512: in __call__
    return self._hookexec(self.name, self._hookimpls.copy(), kwargs, firstresult)
           ^^^^^^^^^^^^^^^^^^^^^^^^^^^^^^^^^^^^^^^^^^^^^^^^^^^^^^^^^^^^^^^^^^^^^^
C:\Program Files\Python314\Lib\site-packages\pluggy\_manager.py:120: in _hookexec
    return self._inner_hookexec(hook_name, methods, kwargs, firstresult)
           ^^^^^^^^^^^^^^^^^^^^^^^^^^^^^^^^^^^^^^^^^^^^^^^^^^^^^^^^^^^^^
C:\Program Files\Python314\Lib\site-packages\pluggy\_callers.py:53: in run_old_style_hookwrapper
    return result.get_result()
           ^^^^^^^^^^^^^^^^^^^
C:\Program Files\Python314\Lib\site-packages\pluggy\_callers.py:38: in run_old_style_hookwrapper
    res = yield
          ^^^^^
C:\Program Files\Python314\Lib\site-packages\_pytest\setuponly.py:36: in pytest_fixture_setup
    return (yield)
            ^^^^^
C:\Program Files\Python314\Lib\site-packages\_pytest\fixtures.py:1202: in pytest_fixture_setup
    result = call_fixture_func(fixturefunc, request, kwargs)
             ^^^^^^^^^^^^^^^^^^^^^^^^^^^^^^^^^^^^^^^^^^^^^^^
C:\Program Files\Python314\Lib\site-packages\_pytest\fixtures.py:908: in call_fixture_func
    fixture_result = next(generator)
                     ^^^^^^^^^^^^^^^
C:\Program Files\Python314\Lib\site-packages\_pytest\tmpdir.py:267: in tmp_path
    path = _mk_tmp(request, tmp_path_factory)
           ^^^^^^^^^^^^^^^^^^^^^^^^^^^^^^^^^^
C:\Program Files\Python314\Lib\site-packages\_pytest\tmpdir.py:254: in _mk_tmp
    return factory.mktemp(name, numbered=True)
           ^^^^^^^^^^^^^^^^^^^^^^^^^^^^^^^^^^^
C:\Program Files\Python314\Lib\site-packages\_pytest\tmpdir.py:130: in mktemp
    basename = self._ensure_relative_to_basetemp(basename)
               ^^^^^^^^^^^^^^^^^^^^^^^^^^^^^^^^^^^^^^^^^^^
C:\Program Files\Python314\Lib\site-packages\_pytest\tmpdir.py:111: in _ensure_relative_to_basetemp
    if (self.getbasetemp() / basename).resolve().parent != self.getbasetemp():
        ^^^^^^^^^^^^^^^^^^
C:\Program Files\Python314\Lib\site-packages\_pytest\tmpdir.py:186: in getbasetemp
    basetemp = make_numbered_dir_with_cleanup(
C:\Program Files\Python314\Lib\site-packages\_pytest\pathlib.py:407: in make_numbered_dir_with_cleanup
    raise e
C:\Program Files\Python314\Lib\site-packages\_pytest\pathlib.py:388: in make_numbered_dir_with_cleanup
    p = make_numbered_dir(root, prefix, mode)
        ^^^^^^^^^^^^^^^^^^^^^^^^^^^^^^^^^^^^^
C:\Program Files\Python314\Lib\site-packages\_pytest\pathlib.py:229: in make_numbered_dir
    max_existing = max(map(parse_num, find_suffixes(root, prefix)), default=-1)
                   ^^^^^^^^^^^^^^^^^^^^^^^^^^^^^^^^^^^^^^^^^^^^^^^^^^^^^^^^^^^^
C:\Program Files\Python314\Lib\site-packages\_pytest\pathlib.py:188: in extract_suffixes
    for entry in iter:
                 ^^^^
C:\Program Files\Python314\Lib\site-packages\_pytest\pathlib.py:176: in find_prefixed
    for x in os.scandir(root):
             ^^^^^^^^^^^^^^^^
E   PermissionError: [WinError 5] Acesso negado: 'C:\\Users\\Ale e Mai\\AppData\\Local\\Temp\\pytest-of-Família Santiago'
____ ERROR at setup of TestProjectsInCollection.test_add_projeto_a_colecao ____
C:\Program Files\Python314\Lib\site-packages\_pytest\runner.py:353: in from_call
    result: TResult | None = func()
                             ^^^^^^
C:\Program Files\Python314\Lib\site-packages\_pytest\runner.py:245: in <lambda>
    lambda: runtest_hook(item=item, **kwds),
            ^^^^^^^^^^^^^^^^^^^^^^^^^^^^^^^
C:\Program Files\Python314\Lib\site-packages\pluggy\_hooks.py:512: in __call__
    return self._hookexec(self.name, self._hookimpls.copy(), kwargs, firstresult)
           ^^^^^^^^^^^^^^^^^^^^^^^^^^^^^^^^^^^^^^^^^^^^^^^^^^^^^^^^^^^^^^^^^^^^^^
C:\Program Files\Python314\Lib\site-packages\pluggy\_manager.py:120: in _hookexec
    return self._inner_hookexec(hook_name, methods, kwargs, firstresult)
           ^^^^^^^^^^^^^^^^^^^^^^^^^^^^^^^^^^^^^^^^^^^^^^^^^^^^^^^^^^^^^
C:\Program Files\Python314\Lib\site-packages\_pytest\logging.py:843: in pytest_runtest_setup
    yield
C:\Program Files\Python314\Lib\site-packages\_pytest\capture.py:895: in pytest_runtest_setup
    return (yield)
            ^^^^^
C:\Program Files\Python314\Lib\site-packages\_pytest\runner.py:165: in pytest_runtest_setup
    item.session._setupstate.setup(item)
C:\Program Files\Python314\Lib\site-packages\_pytest\runner.py:523: in setup
    col.setup()
C:\Program Files\Python314\Lib\site-packages\_pytest\python.py:1723: in setup
    self._request._fillfixtures()
C:\Program Files\Python314\Lib\site-packages\_pytest\fixtures.py:707: in _fillfixtures
    item.funcargs[argname] = self.getfixturevalue(argname)
                             ^^^^^^^^^^^^^^^^^^^^^^^^^^^^^
C:\Program Files\Python314\Lib\site-packages\_pytest\fixtures.py:539: in getfixturevalue
    fixturedef = self._get_active_fixturedef(argname)
                 ^^^^^^^^^^^^^^^^^^^^^^^^^^^^^^^^^^^^
C:\Program Files\Python314\Lib\site-packages\_pytest\fixtures.py:627: in _get_active_fixturedef
    fixturedef.execute(request=subrequest)
C:\Program Files\Python314\Lib\site-packages\_pytest\fixtures.py:1068: in execute
    fixturedef = request._get_active_fixturedef(argname)
                 ^^^^^^^^^^^^^^^^^^^^^^^^^^^^^^^^^^^^^^^
C:\Program Files\Python314\Lib\site-packages\_pytest\fixtures.py:627: in _get_active_fixturedef
    fixturedef.execute(request=subrequest)
C:\Program Files\Python314\Lib\site-packages\_pytest\fixtures.py:1110: in execute
    result: FixtureValue = ihook.pytest_fixture_setup(
C:\Program Files\Python314\Lib\site-packages\pluggy\_hooks.py:512: in __call__
    return self._hookexec(self.name, self._hookimpls.copy(), kwargs, firstresult)
           ^^^^^^^^^^^^^^^^^^^^^^^^^^^^^^^^^^^^^^^^^^^^^^^^^^^^^^^^^^^^^^^^^^^^^^
C:\Program Files\Python314\Lib\site-packages\pluggy\_manager.py:120: in _hookexec
    return self._inner_hookexec(hook_name, methods, kwargs, firstresult)
           ^^^^^^^^^^^^^^^^^^^^^^^^^^^^^^^^^^^^^^^^^^^^^^^^^^^^^^^^^^^^^
C:\Program Files\Python314\Lib\site-packages\pluggy\_callers.py:53: in run_old_style_hookwrapper
    return result.get_result()
           ^^^^^^^^^^^^^^^^^^^
C:\Program Files\Python314\Lib\site-packages\pluggy\_callers.py:38: in run_old_style_hookwrapper
    res = yield
          ^^^^^
C:\Program Files\Python314\Lib\site-packages\_pytest\setuponly.py:36: in pytest_fixture_setup
    return (yield)
            ^^^^^
C:\Program Files\Python314\Lib\site-packages\_pytest\fixtures.py:1202: in pytest_fixture_setup
    result = call_fixture_func(fixturefunc, request, kwargs)
             ^^^^^^^^^^^^^^^^^^^^^^^^^^^^^^^^^^^^^^^^^^^^^^^
C:\Program Files\Python314\Lib\site-packages\_pytest\fixtures.py:908: in call_fixture_func
    fixture_result = next(generator)
                     ^^^^^^^^^^^^^^^
C:\Program Files\Python314\Lib\site-packages\_pytest\tmpdir.py:267: in tmp_path
    path = _mk_tmp(request, tmp_path_factory)
           ^^^^^^^^^^^^^^^^^^^^^^^^^^^^^^^^^^
C:\Program Files\Python314\Lib\site-packages\_pytest\tmpdir.py:254: in _mk_tmp
    return factory.mktemp(name, numbered=True)
           ^^^^^^^^^^^^^^^^^^^^^^^^^^^^^^^^^^^
C:\Program Files\Python314\Lib\site-packages\_pytest\tmpdir.py:130: in mktemp
    basename = self._ensure_relative_to_basetemp(basename)
               ^^^^^^^^^^^^^^^^^^^^^^^^^^^^^^^^^^^^^^^^^^^
C:\Program Files\Python314\Lib\site-packages\_pytest\tmpdir.py:111: in _ensure_relative_to_basetemp
    if (self.getbasetemp() / basename).resolve().parent != self.getbasetemp():
        ^^^^^^^^^^^^^^^^^^
C:\Program Files\Python314\Lib\site-packages\_pytest\tmpdir.py:186: in getbasetemp
    basetemp = make_numbered_dir_with_cleanup(
C:\Program Files\Python314\Lib\site-packages\_pytest\pathlib.py:407: in make_numbered_dir_with_cleanup
    raise e
C:\Program Files\Python314\Lib\site-packages\_pytest\pathlib.py:388: in make_numbered_dir_with_cleanup
    p = make_numbered_dir(root, prefix, mode)
        ^^^^^^^^^^^^^^^^^^^^^^^^^^^^^^^^^^^^^
C:\Program Files\Python314\Lib\site-packages\_pytest\pathlib.py:229: in make_numbered_dir
    max_existing = max(map(parse_num, find_suffixes(root, prefix)), default=-1)
                   ^^^^^^^^^^^^^^^^^^^^^^^^^^^^^^^^^^^^^^^^^^^^^^^^^^^^^^^^^^^^
C:\Program Files\Python314\Lib\site-packages\_pytest\pathlib.py:188: in extract_suffixes
    for entry in iter:
                 ^^^^
C:\Program Files\Python314\Lib\site-packages\_pytest\pathlib.py:176: in find_prefixed
    for x in os.scandir(root):
             ^^^^^^^^^^^^^^^^
E   PermissionError: [WinError 5] Acesso negado: 'C:\\Users\\Ale e Mai\\AppData\\Local\\Temp\\pytest-of-Família Santiago'
_ ERROR at setup of TestProjectsInCollection.test_add_projeto_duplicado_retorna_false _
C:\Program Files\Python314\Lib\site-packages\_pytest\runner.py:353: in from_call
    result: TResult | None = func()
                             ^^^^^^
C:\Program Files\Python314\Lib\site-packages\_pytest\runner.py:245: in <lambda>
    lambda: runtest_hook(item=item, **kwds),
            ^^^^^^^^^^^^^^^^^^^^^^^^^^^^^^^
C:\Program Files\Python314\Lib\site-packages\pluggy\_hooks.py:512: in __call__
    return self._hookexec(self.name, self._hookimpls.copy(), kwargs, firstresult)
           ^^^^^^^^^^^^^^^^^^^^^^^^^^^^^^^^^^^^^^^^^^^^^^^^^^^^^^^^^^^^^^^^^^^^^^
C:\Program Files\Python314\Lib\site-packages\pluggy\_manager.py:120: in _hookexec
    return self._inner_hookexec(hook_name, methods, kwargs, firstresult)
           ^^^^^^^^^^^^^^^^^^^^^^^^^^^^^^^^^^^^^^^^^^^^^^^^^^^^^^^^^^^^^
C:\Program Files\Python314\Lib\site-packages\_pytest\logging.py:843: in pytest_runtest_setup
    yield
C:\Program Files\Python314\Lib\site-packages\_pytest\capture.py:895: in pytest_runtest_setup
    return (yield)
            ^^^^^
C:\Program Files\Python314\Lib\site-packages\_pytest\runner.py:165: in pytest_runtest_setup
    item.session._setupstate.setup(item)
C:\Program Files\Python314\Lib\site-packages\_pytest\runner.py:523: in setup
    col.setup()
C:\Program Files\Python314\Lib\site-packages\_pytest\python.py:1723: in setup
    self._request._fillfixtures()
C:\Program Files\Python314\Lib\site-packages\_pytest\fixtures.py:707: in _fillfixtures
    item.funcargs[argname] = self.getfixturevalue(argname)
                             ^^^^^^^^^^^^^^^^^^^^^^^^^^^^^
C:\Program Files\Python314\Lib\site-packages\_pytest\fixtures.py:539: in getfixturevalue
    fixturedef = self._get_active_fixturedef(argname)
                 ^^^^^^^^^^^^^^^^^^^^^^^^^^^^^^^^^^^^
C:\Program Files\Python314\Lib\site-packages\_pytest\fixtures.py:627: in _get_active_fixturedef
    fixturedef.execute(request=subrequest)
C:\Program Files\Python314\Lib\site-packages\_pytest\fixtures.py:1068: in execute
    fixturedef = request._get_active_fixturedef(argname)
                 ^^^^^^^^^^^^^^^^^^^^^^^^^^^^^^^^^^^^^^^
C:\Program Files\Python314\Lib\site-packages\_pytest\fixtures.py:627: in _get_active_fixturedef
    fixturedef.execute(request=subrequest)
C:\Program Files\Python314\Lib\site-packages\_pytest\fixtures.py:1110: in execute
    result: FixtureValue = ihook.pytest_fixture_setup(
C:\Program Files\Python314\Lib\site-packages\pluggy\_hooks.py:512: in __call__
    return self._hookexec(self.name, self._hookimpls.copy(), kwargs, firstresult)
           ^^^^^^^^^^^^^^^^^^^^^^^^^^^^^^^^^^^^^^^^^^^^^^^^^^^^^^^^^^^^^^^^^^^^^^
C:\Program Files\Python314\Lib\site-packages\pluggy\_manager.py:120: in _hookexec
    return self._inner_hookexec(hook_name, methods, kwargs, firstresult)
           ^^^^^^^^^^^^^^^^^^^^^^^^^^^^^^^^^^^^^^^^^^^^^^^^^^^^^^^^^^^^^
C:\Program Files\Python314\Lib\site-packages\pluggy\_callers.py:53: in run_old_style_hookwrapper
    return result.get_result()
           ^^^^^^^^^^^^^^^^^^^
C:\Program Files\Python314\Lib\site-packages\pluggy\_callers.py:38: in run_old_style_hookwrapper
    res = yield
          ^^^^^
C:\Program Files\Python314\Lib\site-packages\_pytest\setuponly.py:36: in pytest_fixture_setup
    return (yield)
            ^^^^^
C:\Program Files\Python314\Lib\site-packages\_pytest\fixtures.py:1202: in pytest_fixture_setup
    result = call_fixture_func(fixturefunc, request, kwargs)
             ^^^^^^^^^^^^^^^^^^^^^^^^^^^^^^^^^^^^^^^^^^^^^^^
C:\Program Files\Python314\Lib\site-packages\_pytest\fixtures.py:908: in call_fixture_func
    fixture_result = next(generator)
                     ^^^^^^^^^^^^^^^
C:\Program Files\Python314\Lib\site-packages\_pytest\tmpdir.py:267: in tmp_path
    path = _mk_tmp(request, tmp_path_factory)
           ^^^^^^^^^^^^^^^^^^^^^^^^^^^^^^^^^^
C:\Program Files\Python314\Lib\site-packages\_pytest\tmpdir.py:254: in _mk_tmp
    return factory.mktemp(name, numbered=True)
           ^^^^^^^^^^^^^^^^^^^^^^^^^^^^^^^^^^^
C:\Program Files\Python314\Lib\site-packages\_pytest\tmpdir.py:130: in mktemp
    basename = self._ensure_relative_to_basetemp(basename)
               ^^^^^^^^^^^^^^^^^^^^^^^^^^^^^^^^^^^^^^^^^^^
C:\Program Files\Python314\Lib\site-packages\_pytest\tmpdir.py:111: in _ensure_relative_to_basetemp
    if (self.getbasetemp() / basename).resolve().parent != self.getbasetemp():
        ^^^^^^^^^^^^^^^^^^
C:\Program Files\Python314\Lib\site-packages\_pytest\tmpdir.py:186: in getbasetemp
    basetemp = make_numbered_dir_with_cleanup(
C:\Program Files\Python314\Lib\site-packages\_pytest\pathlib.py:407: in make_numbered_dir_with_cleanup
    raise e
C:\Program Files\Python314\Lib\site-packages\_pytest\pathlib.py:388: in make_numbered_dir_with_cleanup
    p = make_numbered_dir(root, prefix, mode)
        ^^^^^^^^^^^^^^^^^^^^^^^^^^^^^^^^^^^^^
C:\Program Files\Python314\Lib\site-packages\_pytest\pathlib.py:229: in make_numbered_dir
    max_existing = max(map(parse_num, find_suffixes(root, prefix)), default=-1)
                   ^^^^^^^^^^^^^^^^^^^^^^^^^^^^^^^^^^^^^^^^^^^^^^^^^^^^^^^^^^^^
C:\Program Files\Python314\Lib\site-packages\_pytest\pathlib.py:188: in extract_suffixes
    for entry in iter:
                 ^^^^
C:\Program Files\Python314\Lib\site-packages\_pytest\pathlib.py:176: in find_prefixed
    for x in os.scandir(root):
             ^^^^^^^^^^^^^^^^
E   PermissionError: [WinError 5] Acesso negado: 'C:\\Users\\Ale e Mai\\AppData\\Local\\Temp\\pytest-of-Família Santiago'
__ ERROR at setup of TestProjectsInCollection.test_remove_projeto_da_colecao __
C:\Program Files\Python314\Lib\site-packages\_pytest\runner.py:353: in from_call
    result: TResult | None = func()
                             ^^^^^^
C:\Program Files\Python314\Lib\site-packages\_pytest\runner.py:245: in <lambda>
    lambda: runtest_hook(item=item, **kwds),
            ^^^^^^^^^^^^^^^^^^^^^^^^^^^^^^^
C:\Program Files\Python314\Lib\site-packages\pluggy\_hooks.py:512: in __call__
    return self._hookexec(self.name, self._hookimpls.copy(), kwargs, firstresult)
           ^^^^^^^^^^^^^^^^^^^^^^^^^^^^^^^^^^^^^^^^^^^^^^^^^^^^^^^^^^^^^^^^^^^^^^
C:\Program Files\Python314\Lib\site-packages\pluggy\_manager.py:120: in _hookexec
    return self._inner_hookexec(hook_name, methods, kwargs, firstresult)
           ^^^^^^^^^^^^^^^^^^^^^^^^^^^^^^^^^^^^^^^^^^^^^^^^^^^^^^^^^^^^^
C:\Program Files\Python314\Lib\site-packages\_pytest\logging.py:843: in pytest_runtest_setup
    yield
C:\Program Files\Python314\Lib\site-packages\_pytest\capture.py:895: in pytest_runtest_setup
    return (yield)
            ^^^^^
C:\Program Files\Python314\Lib\site-packages\_pytest\runner.py:165: in pytest_runtest_setup
    item.session._setupstate.setup(item)
C:\Program Files\Python314\Lib\site-packages\_pytest\runner.py:523: in setup
    col.setup()
C:\Program Files\Python314\Lib\site-packages\_pytest\python.py:1723: in setup
    self._request._fillfixtures()
C:\Program Files\Python314\Lib\site-packages\_pytest\fixtures.py:707: in _fillfixtures
    item.funcargs[argname] = self.getfixturevalue(argname)
                             ^^^^^^^^^^^^^^^^^^^^^^^^^^^^^
C:\Program Files\Python314\Lib\site-packages\_pytest\fixtures.py:539: in getfixturevalue
    fixturedef = self._get_active_fixturedef(argname)
                 ^^^^^^^^^^^^^^^^^^^^^^^^^^^^^^^^^^^^
C:\Program Files\Python314\Lib\site-packages\_pytest\fixtures.py:627: in _get_active_fixturedef
    fixturedef.execute(request=subrequest)
C:\Program Files\Python314\Lib\site-packages\_pytest\fixtures.py:1068: in execute
    fixturedef = request._get_active_fixturedef(argname)
                 ^^^^^^^^^^^^^^^^^^^^^^^^^^^^^^^^^^^^^^^
C:\Program Files\Python314\Lib\site-packages\_pytest\fixtures.py:627: in _get_active_fixturedef
    fixturedef.execute(request=subrequest)
C:\Program Files\Python314\Lib\site-packages\_pytest\fixtures.py:1110: in execute
    result: FixtureValue = ihook.pytest_fixture_setup(
C:\Program Files\Python314\Lib\site-packages\pluggy\_hooks.py:512: in __call__
    return self._hookexec(self.name, self._hookimpls.copy(), kwargs, firstresult)
           ^^^^^^^^^^^^^^^^^^^^^^^^^^^^^^^^^^^^^^^^^^^^^^^^^^^^^^^^^^^^^^^^^^^^^^
C:\Program Files\Python314\Lib\site-packages\pluggy\_manager.py:120: in _hookexec
    return self._inner_hookexec(hook_name, methods, kwargs, firstresult)
           ^^^^^^^^^^^^^^^^^^^^^^^^^^^^^^^^^^^^^^^^^^^^^^^^^^^^^^^^^^^^^
C:\Program Files\Python314\Lib\site-packages\pluggy\_callers.py:53: in run_old_style_hookwrapper
    return result.get_result()
           ^^^^^^^^^^^^^^^^^^^
C:\Program Files\Python314\Lib\site-packages\pluggy\_callers.py:38: in run_old_style_hookwrapper
    res = yield
          ^^^^^
C:\Program Files\Python314\Lib\site-packages\_pytest\setuponly.py:36: in pytest_fixture_setup
    return (yield)
            ^^^^^
C:\Program Files\Python314\Lib\site-packages\_pytest\fixtures.py:1202: in pytest_fixture_setup
    result = call_fixture_func(fixturefunc, request, kwargs)
             ^^^^^^^^^^^^^^^^^^^^^^^^^^^^^^^^^^^^^^^^^^^^^^^
C:\Program Files\Python314\Lib\site-packages\_pytest\fixtures.py:908: in call_fixture_func
    fixture_result = next(generator)
                     ^^^^^^^^^^^^^^^
C:\Program Files\Python314\Lib\site-packages\_pytest\tmpdir.py:267: in tmp_path
    path = _mk_tmp(request, tmp_path_factory)
           ^^^^^^^^^^^^^^^^^^^^^^^^^^^^^^^^^^
C:\Program Files\Python314\Lib\site-packages\_pytest\tmpdir.py:254: in _mk_tmp
    return factory.mktemp(name, numbered=True)
           ^^^^^^^^^^^^^^^^^^^^^^^^^^^^^^^^^^^
C:\Program Files\Python314\Lib\site-packages\_pytest\tmpdir.py:130: in mktemp
    basename = self._ensure_relative_to_basetemp(basename)
               ^^^^^^^^^^^^^^^^^^^^^^^^^^^^^^^^^^^^^^^^^^^
C:\Program Files\Python314\Lib\site-packages\_pytest\tmpdir.py:111: in _ensure_relative_to_basetemp
    if (self.getbasetemp() / basename).resolve().parent != self.getbasetemp():
        ^^^^^^^^^^^^^^^^^^
C:\Program Files\Python314\Lib\site-packages\_pytest\tmpdir.py:186: in getbasetemp
    basetemp = make_numbered_dir_with_cleanup(
C:\Program Files\Python314\Lib\site-packages\_pytest\pathlib.py:407: in make_numbered_dir_with_cleanup
    raise e
C:\Program Files\Python314\Lib\site-packages\_pytest\pathlib.py:388: in make_numbered_dir_with_cleanup
    p = make_numbered_dir(root, prefix, mode)
        ^^^^^^^^^^^^^^^^^^^^^^^^^^^^^^^^^^^^^
C:\Program Files\Python314\Lib\site-packages\_pytest\pathlib.py:229: in make_numbered_dir
    max_existing = max(map(parse_num, find_suffixes(root, prefix)), default=-1)
                   ^^^^^^^^^^^^^^^^^^^^^^^^^^^^^^^^^^^^^^^^^^^^^^^^^^^^^^^^^^^^
C:\Program Files\Python314\Lib\site-packages\_pytest\pathlib.py:188: in extract_suffixes
    for entry in iter:
                 ^^^^
C:\Program Files\Python314\Lib\site-packages\_pytest\pathlib.py:176: in find_prefixed
    for x in os.scandir(root):
             ^^^^^^^^^^^^^^^^
E   PermissionError: [WinError 5] Acesso negado: 'C:\\Users\\Ale e Mai\\AppData\\Local\\Temp\\pytest-of-Família Santiago'
_ ERROR at setup of TestProjectsInCollection.test_projeto_em_multiplas_colecoes _
C:\Program Files\Python314\Lib\site-packages\_pytest\runner.py:353: in from_call
    result: TResult | None = func()
                             ^^^^^^
C:\Program Files\Python314\Lib\site-packages\_pytest\runner.py:245: in <lambda>
    lambda: runtest_hook(item=item, **kwds),
            ^^^^^^^^^^^^^^^^^^^^^^^^^^^^^^^
C:\Program Files\Python314\Lib\site-packages\pluggy\_hooks.py:512: in __call__
    return self._hookexec(self.name, self._hookimpls.copy(), kwargs, firstresult)
           ^^^^^^^^^^^^^^^^^^^^^^^^^^^^^^^^^^^^^^^^^^^^^^^^^^^^^^^^^^^^^^^^^^^^^^
C:\Program Files\Python314\Lib\site-packages\pluggy\_manager.py:120: in _hookexec
    return self._inner_hookexec(hook_name, methods, kwargs, firstresult)
           ^^^^^^^^^^^^^^^^^^^^^^^^^^^^^^^^^^^^^^^^^^^^^^^^^^^^^^^^^^^^^
C:\Program Files\Python314\Lib\site-packages\_pytest\logging.py:843: in pytest_runtest_setup
    yield
C:\Program Files\Python314\Lib\site-packages\_pytest\capture.py:895: in pytest_runtest_setup
    return (yield)
            ^^^^^
C:\Program Files\Python314\Lib\site-packages\_pytest\runner.py:165: in pytest_runtest_setup
    item.session._setupstate.setup(item)
C:\Program Files\Python314\Lib\site-packages\_pytest\runner.py:523: in setup
    col.setup()
C:\Program Files\Python314\Lib\site-packages\_pytest\python.py:1723: in setup
    self._request._fillfixtures()
C:\Program Files\Python314\Lib\site-packages\_pytest\fixtures.py:707: in _fillfixtures
    item.funcargs[argname] = self.getfixturevalue(argname)
                             ^^^^^^^^^^^^^^^^^^^^^^^^^^^^^
C:\Program Files\Python314\Lib\site-packages\_pytest\fixtures.py:539: in getfixturevalue
    fixturedef = self._get_active_fixturedef(argname)
                 ^^^^^^^^^^^^^^^^^^^^^^^^^^^^^^^^^^^^
C:\Program Files\Python314\Lib\site-packages\_pytest\fixtures.py:627: in _get_active_fixturedef
    fixturedef.execute(request=subrequest)
C:\Program Files\Python314\Lib\site-packages\_pytest\fixtures.py:1068: in execute
    fixturedef = request._get_active_fixturedef(argname)
                 ^^^^^^^^^^^^^^^^^^^^^^^^^^^^^^^^^^^^^^^
C:\Program Files\Python314\Lib\site-packages\_pytest\fixtures.py:627: in _get_active_fixturedef
    fixturedef.execute(request=subrequest)
C:\Program Files\Python314\Lib\site-packages\_pytest\fixtures.py:1110: in execute
    result: FixtureValue = ihook.pytest_fixture_setup(
C:\Program Files\Python314\Lib\site-packages\pluggy\_hooks.py:512: in __call__
    return self._hookexec(self.name, self._hookimpls.copy(), kwargs, firstresult)
           ^^^^^^^^^^^^^^^^^^^^^^^^^^^^^^^^^^^^^^^^^^^^^^^^^^^^^^^^^^^^^^^^^^^^^^
C:\Program Files\Python314\Lib\site-packages\pluggy\_manager.py:120: in _hookexec
    return self._inner_hookexec(hook_name, methods, kwargs, firstresult)
           ^^^^^^^^^^^^^^^^^^^^^^^^^^^^^^^^^^^^^^^^^^^^^^^^^^^^^^^^^^^^^
C:\Program Files\Python314\Lib\site-packages\pluggy\_callers.py:53: in run_old_style_hookwrapper
    return result.get_result()
           ^^^^^^^^^^^^^^^^^^^
C:\Program Files\Python314\Lib\site-packages\pluggy\_callers.py:38: in run_old_style_hookwrapper
    res = yield
          ^^^^^
C:\Program Files\Python314\Lib\site-packages\_pytest\setuponly.py:36: in pytest_fixture_setup
    return (yield)
            ^^^^^
C:\Program Files\Python314\Lib\site-packages\_pytest\fixtures.py:1202: in pytest_fixture_setup
    result = call_fixture_func(fixturefunc, request, kwargs)
             ^^^^^^^^^^^^^^^^^^^^^^^^^^^^^^^^^^^^^^^^^^^^^^^
C:\Program Files\Python314\Lib\site-packages\_pytest\fixtures.py:908: in call_fixture_func
    fixture_result = next(generator)
                     ^^^^^^^^^^^^^^^
C:\Program Files\Python314\Lib\site-packages\_pytest\tmpdir.py:267: in tmp_path
    path = _mk_tmp(request, tmp_path_factory)
           ^^^^^^^^^^^^^^^^^^^^^^^^^^^^^^^^^^
C:\Program Files\Python314\Lib\site-packages\_pytest\tmpdir.py:254: in _mk_tmp
    return factory.mktemp(name, numbered=True)
           ^^^^^^^^^^^^^^^^^^^^^^^^^^^^^^^^^^^
C:\Program Files\Python314\Lib\site-packages\_pytest\tmpdir.py:130: in mktemp
    basename = self._ensure_relative_to_basetemp(basename)
               ^^^^^^^^^^^^^^^^^^^^^^^^^^^^^^^^^^^^^^^^^^^
C:\Program Files\Python314\Lib\site-packages\_pytest\tmpdir.py:111: in _ensure_relative_to_basetemp
    if (self.getbasetemp() / basename).resolve().parent != self.getbasetemp():
        ^^^^^^^^^^^^^^^^^^
C:\Program Files\Python314\Lib\site-packages\_pytest\tmpdir.py:186: in getbasetemp
    basetemp = make_numbered_dir_with_cleanup(
C:\Program Files\Python314\Lib\site-packages\_pytest\pathlib.py:407: in make_numbered_dir_with_cleanup
    raise e
C:\Program Files\Python314\Lib\site-packages\_pytest\pathlib.py:388: in make_numbered_dir_with_cleanup
    p = make_numbered_dir(root, prefix, mode)
        ^^^^^^^^^^^^^^^^^^^^^^^^^^^^^^^^^^^^^
C:\Program Files\Python314\Lib\site-packages\_pytest\pathlib.py:229: in make_numbered_dir
    max_existing = max(map(parse_num, find_suffixes(root, prefix)), default=-1)
                   ^^^^^^^^^^^^^^^^^^^^^^^^^^^^^^^^^^^^^^^^^^^^^^^^^^^^^^^^^^^^
C:\Program Files\Python314\Lib\site-packages\_pytest\pathlib.py:188: in extract_suffixes
    for entry in iter:
                 ^^^^
C:\Program Files\Python314\Lib\site-packages\_pytest\pathlib.py:176: in find_prefixed
    for x in os.scandir(root):
             ^^^^^^^^^^^^^^^^
E   PermissionError: [WinError 5] Acesso negado: 'C:\\Users\\Ale e Mai\\AppData\\Local\\Temp\\pytest-of-Família Santiago'
__ ERROR at setup of TestProjectsInCollection.test_is_project_in_collection ___
C:\Program Files\Python314\Lib\site-packages\_pytest\runner.py:353: in from_call
    result: TResult | None = func()
                             ^^^^^^
C:\Program Files\Python314\Lib\site-packages\_pytest\runner.py:245: in <lambda>
    lambda: runtest_hook(item=item, **kwds),
            ^^^^^^^^^^^^^^^^^^^^^^^^^^^^^^^
C:\Program Files\Python314\Lib\site-packages\pluggy\_hooks.py:512: in __call__
    return self._hookexec(self.name, self._hookimpls.copy(), kwargs, firstresult)
           ^^^^^^^^^^^^^^^^^^^^^^^^^^^^^^^^^^^^^^^^^^^^^^^^^^^^^^^^^^^^^^^^^^^^^^
C:\Program Files\Python314\Lib\site-packages\pluggy\_manager.py:120: in _hookexec
    return self._inner_hookexec(hook_name, methods, kwargs, firstresult)
           ^^^^^^^^^^^^^^^^^^^^^^^^^^^^^^^^^^^^^^^^^^^^^^^^^^^^^^^^^^^^^
C:\Program Files\Python314\Lib\site-packages\_pytest\logging.py:843: in pytest_runtest_setup
    yield
C:\Program Files\Python314\Lib\site-packages\_pytest\capture.py:895: in pytest_runtest_setup
    return (yield)
            ^^^^^
C:\Program Files\Python314\Lib\site-packages\_pytest\runner.py:165: in pytest_runtest_setup
    item.session._setupstate.setup(item)
C:\Program Files\Python314\Lib\site-packages\_pytest\runner.py:523: in setup
    col.setup()
C:\Program Files\Python314\Lib\site-packages\_pytest\python.py:1723: in setup
    self._request._fillfixtures()
C:\Program Files\Python314\Lib\site-packages\_pytest\fixtures.py:707: in _fillfixtures
    item.funcargs[argname] = self.getfixturevalue(argname)
                             ^^^^^^^^^^^^^^^^^^^^^^^^^^^^^
C:\Program Files\Python314\Lib\site-packages\_pytest\fixtures.py:539: in getfixturevalue
    fixturedef = self._get_active_fixturedef(argname)
                 ^^^^^^^^^^^^^^^^^^^^^^^^^^^^^^^^^^^^
C:\Program Files\Python314\Lib\site-packages\_pytest\fixtures.py:627: in _get_active_fixturedef
    fixturedef.execute(request=subrequest)
C:\Program Files\Python314\Lib\site-packages\_pytest\fixtures.py:1068: in execute
[...]
    res = yield
          ^^^^^
C:\Program Files\Python314\Lib\site-packages\_pytest\setuponly.py:36: in pytest_fixture_setup
    return (yield)
            ^^^^^
C:\Program Files\Python314\Lib\site-packages\_pytest\fixtures.py:1202: in pytest_fixture_setup
    result = call_fixture_func(fixturefunc, request, kwargs)
             ^^^^^^^^^^^^^^^^^^^^^^^^^^^^^^^^^^^^^^^^^^^^^^^
C:\Program Files\Python314\Lib\site-packages\_pytest\fixtures.py:908: in call_fixture_func
    fixture_result = next(generator)
                     ^^^^^^^^^^^^^^^
C:\Program Files\Python314\Lib\site-packages\_pytest\tmpdir.py:267: in tmp_path
    path = _mk_tmp(request, tmp_path_factory)
           ^^^^^^^^^^^^^^^^^^^^^^^^^^^^^^^^^^
C:\Program Files\Python314\Lib\site-packages\_pytest\tmpdir.py:254: in _mk_tmp
    return factory.mktemp(name, numbered=True)
           ^^^^^^^^^^^^^^^^^^^^^^^^^^^^^^^^^^^
C:\Program Files\Python314\Lib\site-packages\_pytest\tmpdir.py:130: in mktemp
    basename = self._ensure_relative_to_basetemp(basename)
               ^^^^^^^^^^^^^^^^^^^^^^^^^^^^^^^^^^^^^^^^^^^
C:\Program Files\Python314\Lib\site-packages\_pytest\tmpdir.py:111: in _ensure_relative_to_basetemp
    if (self.getbasetemp() / basename).resolve().parent != self.getbasetemp():
        ^^^^^^^^^^^^^^^^^^
C:\Program Files\Python314\Lib\site-packages\_pytest\tmpdir.py:186: in getbasetemp
    basetemp = make_numbered_dir_with_cleanup(
C:\Program Files\Python314\Lib\site-packages\_pytest\pathlib.py:407: in make_numbered_dir_with_cleanup
    raise e
C:\Program Files\Python314\Lib\site-packages\_pytest\pathlib.py:388: in make_numbered_dir_with_cleanup
    p = make_numbered_dir(root, prefix, mode)
        ^^^^^^^^^^^^^^^^^^^^^^^^^^^^^^^^^^^^^
C:\Program Files\Python314\Lib\site-packages\_pytest\pathlib.py:229: in make_numbered_dir
    max_existing = max(map(parse_num, find_suffixes(root, prefix)), default=-1)
                   ^^^^^^^^^^^^^^^^^^^^^^^^^^^^^^^^^^^^^^^^^^^^^^^^^^^^^^^^^^^^
C:\Program Files\Python314\Lib\site-packages\_pytest\pathlib.py:188: in extract_suffixes
    for entry in iter:
                 ^^^^
C:\Program Files\Python314\Lib\site-packages\_pytest\pathlib.py:176: in find_prefixed
    for x in os.scandir(root):
             ^^^^^^^^^^^^^^^^
E   PermissionError: [WinError 5] Acesso negado: 'C:\\Users\\Ale e Mai\\AppData\\Local\\Temp\\pytest-of-Família Santiago'
___ ERROR at setup of TestRemoveSelected.test_cancel_confirmacao_nao_remove ___
C:\Program Files\Python314\Lib\site-packages\_pytest\runner.py:353: in from_call
    result: TResult | None = func()
                             ^^^^^^
C:\Program Files\Python314\Lib\site-packages\_pytest\runner.py:245: in <lambda>
    lambda: runtest_hook(item=item, **kwds),
            ^^^^^^^^^^^^^^^^^^^^^^^^^^^^^^^
C:\Program Files\Python314\Lib\site-packages\pluggy\_hooks.py:512: in __call__
    return self._hookexec(self.name, self._hookimpls.copy(), kwargs, firstresult)
           ^^^^^^^^^^^^^^^^^^^^^^^^^^^^^^^^^^^^^^^^^^^^^^^^^^^^^^^^^^^^^^^^^^^^^^
C:\Program Files\Python314\Lib\site-packages\pluggy\_manager.py:120: in _hookexec
    return self._inner_hookexec(hook_name, methods, kwargs, firstresult)
           ^^^^^^^^^^^^^^^^^^^^^^^^^^^^^^^^^^^^^^^^^^^^^^^^^^^^^^^^^^^^^
C:\Program Files\Python314\Lib\site-packages\_pytest\logging.py:843: in pytest_runtest_setup
    yield
C:\Program Files\Python314\Lib\site-packages\_pytest\capture.py:895: in pytest_runtest_setup
    return (yield)
            ^^^^^
C:\Program Files\Python314\Lib\site-packages\_pytest\runner.py:165: in pytest_runtest_setup
    item.session._setupstate.setup(item)
C:\Program Files\Python314\Lib\site-packages\_pytest\runner.py:523: in setup
    col.setup()
C:\Program Files\Python314\Lib\site-packages\_pytest\python.py:1723: in setup
    self._request._fillfixtures()
C:\Program Files\Python314\Lib\site-packages\_pytest\fixtures.py:707: in _fillfixtures
    item.funcargs[argname] = self.getfixturevalue(argname)
                             ^^^^^^^^^^^^^^^^^^^^^^^^^^^^^
C:\Program Files\Python314\Lib\site-packages\_pytest\fixtures.py:539: in getfixturevalue
    fixturedef = self._get_active_fixturedef(argname)
                 ^^^^^^^^^^^^^^^^^^^^^^^^^^^^^^^^^^^^
C:\Program Files\Python314\Lib\site-packages\_pytest\fixtures.py:627: in _get_active_fixturedef
    fixturedef.execute(request=subrequest)
C:\Program Files\Python314\Lib\site-packages\_pytest\fixtures.py:1068: in execute
    fixturedef = request._get_active_fixturedef(argname)
                 ^^^^^^^^^^^^^^^^^^^^^^^^^^^^^^^^^^^^^^^
C:\Program Files\Python314\Lib\site-packages\_pytest\fixtures.py:627: in _get_active_fixturedef
    fixturedef.execute(request=subrequest)
C:\Program Files\Python314\Lib\site-packages\_pytest\fixtures.py:1068: in execute
    fixturedef = request._get_active_fixturedef(argname)
                 ^^^^^^^^^^^^^^^^^^^^^^^^^^^^^^^^^^^^^^^
C:\Program Files\Python314\Lib\site-packages\_pytest\fixtures.py:627: in _get_active_fixturedef
    fixturedef.execute(request=subrequest)
C:\Program Files\Python314\Lib\site-packages\_pytest\fixtures.py:1110: in execute
    result: FixtureValue = ihook.pytest_fixture_setup(
C:\Program Files\Python314\Lib\site-packages\pluggy\_hooks.py:512: in __call__
    return self._hookexec(self.name, self._hookimpls.copy(), kwargs, firstresult)
           ^^^^^^^^^^^^^^^^^^^^^^^^^^^^^^^^^^^^^^^^^^^^^^^^^^^^^^^^^^^^^^^^^^^^^^
C:\Program Files\Python314\Lib\site-packages\pluggy\_manager.py:120: in _hookexec
    return self._inner_hookexec(hook_name, methods, kwargs, firstresult)
           ^^^^^^^^^^^^^^^^^^^^^^^^^^^^^^^^^^^^^^^^^^^^^^^^^^^^^^^^^^^^^
C:\Program Files\Python314\Lib\site-packages\pluggy\_callers.py:53: in run_old_style_hookwrapper
    return result.get_result()
           ^^^^^^^^^^^^^^^^^^^
C:\Program Files\Python314\Lib\site-packages\pluggy\_callers.py:38: in run_old_style_hookwrapper
    res = yield
          ^^^^^
C:\Program Files\Python314\Lib\site-packages\_pytest\setuponly.py:36: in pytest_fixture_setup
    return (yield)
            ^^^^^
C:\Program Files\Python314\Lib\site-packages\_pytest\fixtures.py:1202: in pytest_fixture_setup
    result = call_fixture_func(fixturefunc, request, kwargs)
             ^^^^^^^^^^^^^^^^^^^^^^^^^^^^^^^^^^^^^^^^^^^^^^^
C:\Program Files\Python314\Lib\site-packages\_pytest\fixtures.py:908: in call_fixture_func
    fixture_result = next(generator)
                     ^^^^^^^^^^^^^^^
C:\Program Files\Python314\Lib\site-packages\_pytest\tmpdir.py:267: in tmp_path
    path = _mk_tmp(request, tmp_path_factory)
           ^^^^^^^^^^^^^^^^^^^^^^^^^^^^^^^^^^
C:\Program Files\Python314\Lib\site-packages\_pytest\tmpdir.py:254: in _mk_tmp
    return factory.mktemp(name, numbered=True)
           ^^^^^^^^^^^^^^^^^^^^^^^^^^^^^^^^^^^
C:\Program Files\Python314\Lib\site-packages\_pytest\tmpdir.py:130: in mktemp
    basename = self._ensure_relative_to_basetemp(basename)
               ^^^^^^^^^^^^^^^^^^^^^^^^^^^^^^^^^^^^^^^^^^^
C:\Program Files\Python314\Lib\site-packages\_pytest\tmpdir.py:111: in _ensure_relative_to_basetemp
    if (self.getbasetemp() / basename).resolve().parent != self.getbasetemp():
        ^^^^^^^^^^^^^^^^^^
C:\Program Files\Python314\Lib\site-packages\_pytest\tmpdir.py:186: in getbasetemp
    basetemp = make_numbered_dir_with_cleanup(
C:\Program Files\Python314\Lib\site-packages\_pytest\pathlib.py:407: in make_numbered_dir_with_cleanup
    raise e
C:\Program Files\Python314\Lib\site-packages\_pytest\pathlib.py:388: in make_numbered_dir_with_cleanup
    p = make_numbered_dir(root, prefix, mode)
        ^^^^^^^^^^^^^^^^^^^^^^^^^^^^^^^^^^^^^
C:\Program Files\Python314\Lib\site-packages\_pytest\pathlib.py:229: in make_numbered_dir
    max_existing = max(map(parse_num, find_suffixes(root, prefix)), default=-1)
                   ^^^^^^^^^^^^^^^^^^^^^^^^^^^^^^^^^^^^^^^^^^^^^^^^^^^^^^^^^^^^
C:\Program Files\Python314\Lib\site-packages\_pytest\pathlib.py:188: in extract_suffixes
    for entry in iter:
                 ^^^^
C:\Program Files\Python314\Lib\site-packages\_pytest\pathlib.py:176: in find_prefixed
    for x in os.scandir(root):
             ^^^^^^^^^^^^^^^^
E   PermissionError: [WinError 5] Acesso negado: 'C:\\Users\\Ale e Mai\\AppData\\Local\\Temp\\pytest-of-Família Santiago'
=========================== short test summary info ===========================
ERROR tests/test_collections_manager.py::TestCreateCollection::test_create_retorna_true - PermissionError: [WinError 5] Acesso negado: 'C:\\Users\\Ale e Mai\\AppData\\Local\\Temp\\pytest-of-Família Santiago'
ERROR tests/test_collections_manager.py::TestCreateCollection::test_create_aparece_na_lista - PermissionError: [WinError 5] Acesso negado: 'C:\\Users\\Ale e Mai\\AppData\\Local\\Temp\\pytest-of-Família Santiago'
ERROR tests/test_collections_manager.py::TestCreateCollection::test_create_duplicada_retorna_false - PermissionError: [WinError 5] Acesso negado: 'C:\\Users\\Ale e Mai\\AppData\\Local\\Temp\\pytest-of-Família Santiago'
ERROR tests/test_collections_manager.py::TestCreateCollection::test_create_nome_vazio_retorna_false - PermissionError: [WinError 5] Acesso negado: 'C:\\Users\\Ale e Mai\\AppData\\Local\\Temp\\pytest-of-Família Santiago'
ERROR tests/test_collections_manager.py::TestCreateCollection::test_add_collection_alias - PermissionError: [WinError 5] Acesso negado: 'C:\\Users\\Ale e Mai\\AppData\\Local\\Temp\\pytest-of-Família Santiago'
ERROR tests/test_collections_manager.py::TestRenameDeleteCollection::test_rename_funciona - PermissionError: [WinError 5] Acesso negado: 'C:\\Users\\Ale e Mai\\AppData\\Local\\Temp\\pytest-of-Família Santiago'
ERROR tests/test_collections_manager.py::TestRenameDeleteCollection::test_rename_preserva_projetos - PermissionError: [WinError 5] Acesso negado: 'C:\\Users\\Ale e Mai\\AppData\\Local\\Temp\\pytest-of-Família Santiago'
ERROR tests/test_collections_manager.py::TestRenameDeleteCollection::test_delete_remove_colecao - PermissionError: [WinError 5] Acesso negado: 'C:\\Users\\Ale e Mai\\AppData\\Local\\Temp\\pytest-of-Família Santiago'
ERROR tests/test_collections_manager.py::TestRenameDeleteCollection::test_delete_inexistente_retorna_false - PermissionError: [WinError 5] Acesso negado: 'C:\\Users\\Ale e Mai\\AppData\\Local\\Temp\\pytest-of-Família Santiago'
ERROR tests/test_collections_manager.py::TestProjectsInCollection::test_add_projeto_a_colecao - PermissionError: [WinError 5] Acesso negado: 'C:\\Users\\Ale e Mai\\AppData\\Local\\Temp\\pytest-of-Família Santiago'
ERROR tests/test_collections_manager.py::TestProjectsInCollection::test_add_projeto_duplicado_retorna_false - PermissionError: [WinError 5] Acesso negado: 'C:\\Users\\Ale e Mai\\AppData\\Local\\Temp\\pytest-of-Família Santiago'
ERROR tests/test_collections_manager.py::TestProjectsInCollection::test_remove_projeto_da_colecao - PermissionError: [WinError 5] Acesso negado: 'C:\\Users\\Ale e Mai\\AppData\\Local\\Temp\\pytest-of-Família Santiago'
ERROR tests/test_collections_manager.py::TestProjectsInCollection::test_projeto_em_multiplas_colecoes - PermissionError: [WinError 5] Acesso negado: 'C:\\Users\\Ale e Mai\\AppData\\Local\\Temp\\pytest-of-Família Santiago'
ERROR tests/test_collections_manager.py::TestProjectsInCollection::test_is_project_in_collection - PermissionError: [WinError 5] Acesso negado: 'C:\\Users\\Ale e Mai\\AppData\\Local\\Temp\\pytest-of-Família Santiago'
ERROR tests/test_collections_manager.py::TestUtilities::test_clean_orphans_remove_paths_invalidos - PermissionError: [WinError 5] Acesso negado: 'C:\\Users\\Ale e Mai\\AppData\\Local\\Temp\\pytest-of-Família Santiago'
ERROR tests/test_collections_manager.py::TestUtilities::test_clean_orphans_sem_fantasmas_retorna_zero - PermissionError: [WinError 5] Acesso negado: 'C:\\Users\\Ale e Mai\\AppData\\Local\\Temp\\pytest-of-Família Santiago'
ERROR tests/test_collections_manager.py::TestUtilities::test_get_stats - PermissionError: [WinError 5] Acesso negado: 'C:\\Users\\Ale e Mai\\AppData\\Local\\Temp\\pytest-of-Família Santiago'
ERROR tests/test_collections_manager.py::TestUtilities::test_persistencia_reload - PermissionError: [WinError 5] Acesso negado: 'C:\\Users\\Ale e Mai\\AppData\\Local\\Temp\\pytest-of-Família Santiago'
ERROR tests/test_database.py::TestDatabaseLoad::test_load_inexistente_retorna_vazio - PermissionError: [WinError 5] Acesso negado: 'C:\\Users\\Ale e Mai\\AppData\\Local\\Temp\\pytest-of-Família Santiago'
ERROR tests/test_database.py::TestDatabaseLoad::test_load_dados_existentes - PermissionError: [WinError 5] Acesso negado: 'C:\\Users\\Ale e Mai\\AppData\\Local\\Temp\\pytest-of-Família Santiago'
ERROR tests/test_database.py::TestDatabaseLoad::test_load_json_corrompido_retorna_vazio - PermissionError: [WinError 5] Acesso negado: 'C:\\Users\\Ale e Mai\\AppData\\Local\\Temp\\pytest-of-Família Santiago'
ERROR tests/test_database.py::TestDatabaseLoad::test_load_usa_bak_quando_principal_corrompido - PermissionError: [WinError 5] Acesso negado: 'C:\\Users\\Ale e Mai\\AppData\\Local\\Temp\\pytest-of-Família Santiago'
ERROR tests/test_database.py::TestDatabaseLoad::test_load_migra_category_para_categories - PermissionError: [WinError 5] Acesso negado: 'C:\\Users\\Ale e Mai\\AppData\\Local\\Temp\\pytest-of-Família Santiago'
ERROR tests/test_database.py::TestDatabaseSave::test_save_persiste_em_disco - PermissionError: [WinError 5] Acesso negado: 'C:\\Users\\Ale e Mai\\AppData\\Local\\Temp\\pytest-of-Família Santiago'
ERROR tests/test_database.py::TestDatabaseSave::test_save_cria_bak_na_segunda_gravacao - PermissionError: [WinError 5] Acesso negado: 'C:\\Users\\Ale e Mai\\AppData\\Local\\Temp\\pytest-of-Família Santiago'
ERROR tests/test_database.py::TestDatabaseSave::test_escrita_atomica_sem_arquivo_tmp - PermissionError: [WinError 5] Acesso negado: 'C:\\Users\\Ale e Mai\\AppData\\Local\\Temp\\pytest-of-Família Santiago'
ERROR tests/test_database.py::TestDatabaseSave::test_reload_apos_save_preserva_dados - PermissionError: [WinError 5] Acesso negado: 'C:\\Users\\Ale e Mai\\AppData\\Local\\Temp\\pytest-of-Família Santiago'
ERROR tests/test_database.py::TestDatabaseAPI::test_get_project_existente - PermissionError: [WinError 5] Acesso negado: 'C:\\Users\\Ale e Mai\\AppData\\Local\\Temp\\pytest-of-Família Santiago'
ERROR tests/test_database.py::TestDatabaseAPI::test_get_project_inexistente_retorna_none - PermissionError: [WinError 5] Acesso negado: 'C:\\Users\\Ale e Mai\\AppData\\Local\\Temp\\pytest-of-Família Santiago'
ERROR tests/test_database.py::TestDatabaseAPI::test_set_project_insere - PermissionError: [WinError 5] Acesso negado: 'C:\\Users\\Ale e Mai\\AppData\\Local\\Temp\\pytest-of-Família Santiago'
ERROR tests/test_database.py::TestDatabaseAPI::test_set_project_atualiza - PermissionError: [WinError 5] Acesso negado: 'C:\\Users\\Ale e Mai\\AppData\\Local\\Temp\\pytest-of-Família Santiago'
ERROR tests/test_database.py::TestDatabaseAPI::test_remove_project_existente_retorna_true - PermissionError: [WinError 5] Acesso negado: 'C:\\Users\\Ale e Mai\\AppData\\Local\\Temp\\pytest-of-Família Santiago'
ERROR tests/test_database.py::TestDatabaseAPI::test_remove_project_inexistente_retorna_false - PermissionError: [WinError 5] Acesso negado: 'C:\\Users\\Ale e Mai\\AppData\\Local\\Temp\\pytest-of-Família Santiago'
ERROR tests/test_database.py::TestDatabaseAPI::test_has_project_true - PermissionError: [WinError 5] Acesso negado: 'C:\\Users\\Ale e Mai\\AppData\\Local\\Temp\\pytest-of-Família Santiago'
ERROR tests/test_database.py::TestDatabaseAPI::test_has_project_false - PermissionError: [WinError 5] Acesso negado: 'C:\\Users\\Ale e Mai\\AppData\\Local\\Temp\\pytest-of-Família Santiago'
ERROR tests/test_database.py::TestDatabaseAPI::test_all_paths_retorna_todos - PermissionError: [WinError 5] Acesso negado: 'C:\\Users\\Ale e Mai\\AppData\\Local\\Temp\\pytest-of-Família Santiago'
ERROR tests/test_database.py::TestDatabaseAPI::test_all_projects_retorna_copia - PermissionError: [WinError 5] Acesso negado: 'C:\\Users\\Ale e Mai\\AppData\\Local\\Temp\\pytest-of-Família Santiago'
ERROR tests/test_database.py::TestDatabaseAPI::test_project_count - PermissionError: [WinError 5] Acesso negado: 'C:\\Users\\Ale e Mai\\AppData\\Local\\Temp\\pytest-of-Família Santiago'
ERROR tests/test_database.py::TestDatabaseAPI::test_iter_projects - PermissionError: [WinError 5] Acesso negado: 'C:\\Users\\Ale e Mai\\AppData\\Local\\Temp\\pytest-of-Família Santiago'
ERROR tests/test_selection_controller.py::TestToggleMode::test_ativa_modo_selecao - PermissionError: [WinError 5] Acesso negado: 'C:\\Users\\Ale e Mai\\AppData\\Local\\Temp\\pytest-of-Família Santiago'
ERROR tests/test_selection_controller.py::TestToggleMode::test_desativa_modo_selecao - PermissionError: [WinError 5] Acesso negado: 'C:\\Users\\Ale e Mai\\AppData\\Local\\Temp\\pytest-of-Família Santiago'
ERROR tests/test_selection_controller.py::TestToggleMode::test_desativar_limpa_selecao - PermissionError: [WinError 5] Acesso negado: 'C:\\Users\\Ale e Mai\\AppData\\Local\\Temp\\pytest-of-Família Santiago'
ERROR tests/test_selection_controller.py::TestToggleMode::test_callback_on_mode_changed_chamado - PermissionError: [WinError 5] Acesso negado: 'C:\\Users\\Ale e Mai\\AppData\\Local\\Temp\\pytest-of-Família Santiago'
ERROR tests/test_selection_controller.py::TestToggleProject::test_adiciona_projeto_na_selecao - PermissionError: [WinError 5] Acesso negado: 'C:\\Users\\Ale e Mai\\AppData\\Local\\Temp\\pytest-of-Família Santiago'
ERROR tests/test_selection_controller.py::TestToggleProject::test_remove_projeto_ja_selecionado - PermissionError: [WinError 5] Acesso negado: 'C:\\Users\\Ale e Mai\\AppData\\Local\\Temp\\pytest-of-Família Santiago'
ERROR tests/test_selection_controller.py::TestToggleProject::test_toggle_fora_do_modo_nao_faz_nada - PermissionError: [WinError 5] Acesso negado: 'C:\\Users\\Ale e Mai\\AppData\\Local\\Temp\\pytest-of-Família Santiago'
ERROR tests/test_selection_controller.py::TestToggleProject::test_select_all - PermissionError: [WinError 5] Acesso negado: 'C:\\Users\\Ale e Mai\\AppData\\Local\\Temp\\pytest-of-Família Santiago'
ERROR tests/test_selection_controller.py::TestToggleProject::test_deselect_all - PermissionError: [WinError 5] Acesso negado: 'C:\\Users\\Ale e Mai\\AppData\\Local\\Temp\\pytest-of-Família Santiago'
ERROR tests/test_selection_controller.py::TestRemoveSelected::test_remove_da_memoria - PermissionError: [WinError 5] Acesso negado: 'C:\\Users\\Ale e Mai\\AppData\\Local\\Temp\\pytest-of-Família Santiago'
ERROR tests/test_selection_controller.py::TestRemoveSelected::test_remove_persiste_em_disco - PermissionError: [WinError 5] Acesso negado: 'C:\\Users\\Ale e Mai\\AppData\\Local\\Temp\\pytest-of-Família Santiago'
ERROR tests/test_selection_controller.py::TestRemoveSelected::test_remove_nao_toca_outros_projetos - PermissionError: [WinError 5] Acesso negado: 'C:\\Users\\Ale e Mai\\AppData\\Local\\Temp\\pytest-of-Família Santiago'
ERROR tests/test_selection_controller.py::TestRemoveSelected::test_remove_chama_callback_projects_removed - PermissionError: [WinError 5] Acesso negado: 'C:\\Users\\Ale e Mai\\AppData\\Local\\Temp\\pytest-of-Família Santiago'
ERROR tests/test_selection_controller.py::TestRemoveSelected::test_remove_chama_callback_refresh - PermissionError: [WinError 5] Acesso negado: 'C:\\Users\\Ale e Mai\\AppData\\Local\\Temp\\pytest-of-Família Santiago'
ERROR tests/test_selection_controller.py::TestRemoveSelected::test_remove_selecao_vazia_nao_remove_nada - PermissionError: [WinError 5] Acesso negado: 'C:\\Users\\Ale e Mai\\AppData\\Local\\Temp\\pytest-of-Família Santiago'
ERROR tests/test_selection_controller.py::TestRemoveSelected::test_cancel_confirmacao_nao_remove - PermissionError: [WinError 5] Acesso negado: 'C:\\Users\\Ale e Mai\\AppData\\Local\\Temp\\pytest-of-Família Santiago'
======================= 1 warning, 55 errors in 26.91s ========================
